{"/home/travis/build/npmtest/node-npmtest-wreck/test.js":{"path":"/home/travis/build/npmtest/node-npmtest-wreck/test.js","s":{"1":2,"2":2,"3":2,"4":2,"5":2,"6":2,"7":2,"8":1,"9":2,"10":2,"11":1,"12":1,"13":1,"14":1,"15":2,"16":2,"17":2,"18":2,"19":1,"20":1,"21":2,"22":2,"23":2,"24":1,"25":1,"26":1,"27":1,"28":1,"29":1,"30":1,"31":1,"32":1,"33":1,"34":1,"35":1,"36":1,"37":1,"38":1,"39":2,"40":2,"41":1,"42":2,"43":2,"44":1,"45":2,"46":2,"47":1,"48":2,"49":2,"50":1,"51":1,"52":1,"53":1,"54":1},"b":{"1":[2,1,1,1],"2":[1,1,1,1],"3":[1,1],"4":[1,1],"5":[1,1],"6":[1,1],"7":[1,1],"8":[1,1],"9":[1,1],"10":[1,1,1],"11":[1,1],"12":[1,1],"13":[1,1],"14":[1,1],"15":[1,1],"16":[1,1],"17":[1,1]},"f":{"1":2,"2":2,"3":2,"4":2,"5":2,"6":1,"7":1,"8":1,"9":2,"10":2,"11":2,"12":2,"13":1},"fnMap":{"1":{"name":"(anonymous_1)","line":12,"loc":{"start":{"line":12,"column":1},"end":{"line":12,"column":13}}},"2":{"name":"(anonymous_2)","line":19,"loc":{"start":{"line":19,"column":5},"end":{"line":19,"column":17}}},"3":{"name":"(anonymous_3)","line":23,"loc":{"start":{"line":23,"column":24},"end":{"line":23,"column":36}}},"4":{"name":"(anonymous_4)","line":61,"loc":{"start":{"line":61,"column":5},"end":{"line":61,"column":17}}},"5":{"name":"(anonymous_5)","line":82,"loc":{"start":{"line":82,"column":5},"end":{"line":82,"column":17}}},"6":{"name":"(anonymous_6)","line":91,"loc":{"start":{"line":91,"column":77},"end":{"line":94,"column":10}}},"7":{"name":"(anonymous_7)","line":112,"loc":{"start":{"line":112,"column":83},"end":{"line":115,"column":10}},"skip":true},"8":{"name":"(anonymous_8)","line":123,"loc":{"start":{"line":123,"column":77},"end":{"line":126,"column":10}},"skip":true},"9":{"name":"(anonymous_9)","line":139,"loc":{"start":{"line":139,"column":12},"end":{"line":139,"column":40}},"skip":true},"10":{"name":"(anonymous_10)","line":147,"loc":{"start":{"line":147,"column":77},"end":{"line":150,"column":10}},"skip":true},"11":{"name":"(anonymous_11)","line":158,"loc":{"start":{"line":158,"column":83},"end":{"line":161,"column":10}},"skip":true},"12":{"name":"(anonymous_12)","line":169,"loc":{"start":{"line":169,"column":79},"end":{"line":172,"column":10}},"skip":true},"13":{"name":"(anonymous_13)","line":180,"loc":{"start":{"line":180,"column":75},"end":{"line":183,"column":10}},"skip":true}},"statementMap":{"1":{"start":{"line":12,"column":0},"end":{"line":195,"column":5}},"2":{"start":{"line":14,"column":4},"end":{"line":14,"column":14}},"3":{"start":{"line":19,"column":4},"end":{"line":56,"column":9}},"4":{"start":{"line":21,"column":8},"end":{"line":21,"column":19}},"5":{"start":{"line":23,"column":8},"end":{"line":35,"column":13}},"6":{"start":{"line":24,"column":12},"end":{"line":34,"column":13}},"7":{"start":{"line":25,"column":16},"end":{"line":28,"column":30}},"8":{"start":{"line":30,"column":16},"end":{"line":33,"column":27}},"9":{"start":{"line":37,"column":8},"end":{"line":39,"column":21}},"10":{"start":{"line":40,"column":8},"end":{"line":53,"column":9}},"11":{"start":{"line":43,"column":12},"end":{"line":46,"column":14}},"12":{"start":{"line":47,"column":12},"end":{"line":47,"column":18}},"13":{"start":{"line":50,"column":12},"end":{"line":51,"column":33}},"14":{"start":{"line":52,"column":12},"end":{"line":52,"column":18}},"15":{"start":{"line":55,"column":8},"end":{"line":55,"column":35}},"16":{"start":{"line":61,"column":4},"end":{"line":63,"column":9}},"17":{"start":{"line":62,"column":8},"end":{"line":62,"column":15}},"18":{"start":{"line":64,"column":4},"end":{"line":77,"column":5}},"19":{"start":{"line":70,"column":8},"end":{"line":70,"column":14}},"20":{"start":{"line":76,"column":8},"end":{"line":76,"column":14}},"21":{"start":{"line":82,"column":4},"end":{"line":84,"column":9}},"22":{"start":{"line":83,"column":8},"end":{"line":83,"column":15}},"23":{"start":{"line":85,"column":4},"end":{"line":194,"column":5}},"24":{"start":{"line":91,"column":8},"end":{"line":99,"column":10}},"25":{"start":{"line":98,"column":12},"end":{"line":98,"column":35}},"26":{"start":{"line":102,"column":8},"end":{"line":104,"column":63}},"27":{"start":{"line":105,"column":8},"end":{"line":105,"column":14}},"28":{"start":{"line":112,"column":8},"end":{"line":121,"column":10},"skip":true},"29":{"start":{"line":119,"column":12},"end":{"line":119,"column":55},"skip":true},"30":{"start":{"line":120,"column":12},"end":{"line":120,"column":48},"skip":true},"31":{"start":{"line":123,"column":8},"end":{"line":136,"column":10},"skip":true},"32":{"start":{"line":130,"column":12},"end":{"line":130,"column":76},"skip":true},"33":{"start":{"line":131,"column":12},"end":{"line":131,"column":73},"skip":true},"34":{"start":{"line":132,"column":12},"end":{"line":132,"column":74},"skip":true},"35":{"start":{"line":133,"column":12},"end":{"line":133,"column":79},"skip":true},"36":{"start":{"line":134,"column":12},"end":{"line":134,"column":25},"skip":true},"37":{"start":{"line":135,"column":12},"end":{"line":135,"column":45},"skip":true},"38":{"start":{"line":138,"column":8},"end":{"line":145,"column":14},"skip":true},"39":{"start":{"line":143,"column":16},"end":{"line":143,"column":29},"skip":true},"40":{"start":{"line":144,"column":16},"end":{"line":144,"column":55},"skip":true},"41":{"start":{"line":147,"column":8},"end":{"line":156,"column":10},"skip":true},"42":{"start":{"line":154,"column":12},"end":{"line":154,"column":25},"skip":true},"43":{"start":{"line":155,"column":12},"end":{"line":155,"column":45},"skip":true},"44":{"start":{"line":158,"column":8},"end":{"line":167,"column":10},"skip":true},"45":{"start":{"line":165,"column":12},"end":{"line":165,"column":25},"skip":true},"46":{"start":{"line":166,"column":12},"end":{"line":166,"column":48},"skip":true},"47":{"start":{"line":169,"column":8},"end":{"line":178,"column":10},"skip":true},"48":{"start":{"line":176,"column":12},"end":{"line":176,"column":25},"skip":true},"49":{"start":{"line":177,"column":12},"end":{"line":177,"column":46},"skip":true},"50":{"start":{"line":180,"column":8},"end":{"line":189,"column":10},"skip":true},"51":{"start":{"line":187,"column":12},"end":{"line":187,"column":94},"skip":true},"52":{"start":{"line":188,"column":12},"end":{"line":188,"column":48},"skip":true},"53":{"start":{"line":192,"column":8},"end":{"line":192,"column":35},"skip":true},"54":{"start":{"line":193,"column":8},"end":{"line":193,"column":14},"skip":true}},"branchMap":{"1":{"line":25,"type":"binary-expr","locations":[{"start":{"line":25,"column":23},"end":{"line":25,"column":62}},{"start":{"line":26,"column":20},"end":{"line":26,"column":70}},{"start":{"line":27,"column":20},"end":{"line":27,"column":71}},{"start":{"line":28,"column":20},"end":{"line":28,"column":29}}]},"2":{"line":30,"type":"binary-expr","locations":[{"start":{"line":30,"column":23},"end":{"line":30,"column":37}},{"start":{"line":31,"column":20},"end":{"line":31,"column":61}},{"start":{"line":32,"column":20},"end":{"line":32,"column":70}},{"start":{"line":33,"column":20},"end":{"line":33,"column":26}}]},"3":{"line":37,"type":"cond-expr","locations":[{"start":{"line":38,"column":14},"end":{"line":38,"column":20}},{"start":{"line":39,"column":14},"end":{"line":39,"column":20}}]},"4":{"line":40,"type":"switch","locations":[{"start":{"line":42,"column":8},"end":{"line":47,"column":18}},{"start":{"line":49,"column":8},"end":{"line":52,"column":18}}]},"5":{"line":44,"type":"binary-expr","locations":[{"start":{"line":44,"column":16},"end":{"line":44,"column":44}},{"start":{"line":44,"column":48},"end":{"line":44,"column":66}}]},"6":{"line":50,"type":"binary-expr","locations":[{"start":{"line":50,"column":21},"end":{"line":50,"column":49}},{"start":{"line":50,"column":53},"end":{"line":50,"column":72}}]},"7":{"line":64,"type":"switch","locations":[{"start":{"line":69,"column":4},"end":{"line":70,"column":14}},{"start":{"line":75,"column":4},"end":{"line":76,"column":14}}]},"8":{"line":85,"type":"switch","locations":[{"start":{"line":90,"column":4},"end":{"line":105,"column":14}},{"start":{"line":111,"column":4},"end":{"line":193,"column":14},"skip":true}]},"9":{"line":91,"type":"binary-expr","locations":[{"start":{"line":91,"column":42},"end":{"line":91,"column":73}},{"start":{"line":91,"column":77},"end":{"line":99,"column":9}}]},"10":{"line":102,"type":"binary-expr","locations":[{"start":{"line":102,"column":18},"end":{"line":102,"column":32}},{"start":{"line":103,"column":12},"end":{"line":103,"column":53}},{"start":{"line":104,"column":12},"end":{"line":104,"column":61}}]},"11":{"line":112,"type":"binary-expr","locations":[{"start":{"line":112,"column":45},"end":{"line":112,"column":79},"skip":true},{"start":{"line":112,"column":83},"end":{"line":121,"column":9},"skip":true}]},"12":{"line":123,"type":"binary-expr","locations":[{"start":{"line":123,"column":42},"end":{"line":123,"column":73},"skip":true},{"start":{"line":123,"column":77},"end":{"line":136,"column":9},"skip":true}]},"13":{"line":138,"type":"binary-expr","locations":[{"start":{"line":138,"column":48},"end":{"line":138,"column":85},"skip":true},{"start":{"line":139,"column":12},"end":{"line":145,"column":13},"skip":true}]},"14":{"line":147,"type":"binary-expr","locations":[{"start":{"line":147,"column":42},"end":{"line":147,"column":73},"skip":true},{"start":{"line":147,"column":77},"end":{"line":156,"column":9},"skip":true}]},"15":{"line":158,"type":"binary-expr","locations":[{"start":{"line":158,"column":45},"end":{"line":158,"column":79},"skip":true},{"start":{"line":158,"column":83},"end":{"line":167,"column":9},"skip":true}]},"16":{"line":169,"type":"binary-expr","locations":[{"start":{"line":169,"column":43},"end":{"line":169,"column":75},"skip":true},{"start":{"line":169,"column":79},"end":{"line":178,"column":9},"skip":true}]},"17":{"line":180,"type":"binary-expr","locations":[{"start":{"line":180,"column":41},"end":{"line":180,"column":71},"skip":true},{"start":{"line":180,"column":75},"end":{"line":189,"column":9},"skip":true}]}},"code":["/* istanbul instrument in package npmtest_wreck */","/*jslint","    bitwise: true,","    browser: true,","    maxerr: 8,","    maxlen: 96,","    node: true,","    nomen: true,","    regexp: true,","    stupid: true","*/","(function () {","    'use strict';","    var local;","","","","    // run shared js-env code - init-before","    (function () {","        // init local","        local = {};","        // init modeJs","        local.modeJs = (function () {","            try {","                return typeof navigator.userAgent === 'string' &&","                    typeof document.querySelector('body') === 'object' &&","                    typeof XMLHttpRequest.prototype.open === 'function' &&","                    'browser';","            } catch (errorCaughtBrowser) {","                return module.exports &&","                    typeof process.versions.node === 'string' &&","                    typeof require('http').createServer === 'function' &&","                    'node';","            }","        }());","        // init global","        local.global = local.modeJs === 'browser'","            ? window","            : global;","        switch (local.modeJs) {","        // re-init local from window.local","        case 'browser':","            local = local.global.utility2.objectSetDefault(","                local.global.utility2_rollup || local.global.local,","                local.global.utility2","            );","            break;","        // re-init local from example.js","        case 'node':","            local = (local.global.utility2_rollup || require('utility2'))","                .requireReadme();","            break;","        }","        // export local","        local.global.local = local;","    }());","","","","    // run shared js-env code - function","    (function () {","        return;","    }());","    switch (local.modeJs) {","","","","    // run browser js-env code - function","    case 'browser':","        break;","","","","    // run node js-env code - function","    case 'node':","        break;","    }","","","","    // run shared js-env code - init-after","    (function () {","        return;","    }());","    switch (local.modeJs) {","","","","    // run browser js-env code - init-after","    case 'browser':","        local.testCase_browser_nullCase = local.testCase_browser_nullCase || function (","            options,","            onError","        ) {","        /*","         * this function will test browsers's null-case handling-behavior-behavior","         */","            onError(null, options);","        };","","        // run tests","        local.nop(local.modeTest &&","            document.querySelector('#testRunButton1') &&","            document.querySelector('#testRunButton1').click());","        break;","","","","    // run node js-env code - init-after","    /* istanbul ignore next */","    case 'node':","        local.testCase_buildApidoc_default = local.testCase_buildApidoc_default || function (","            options,","            onError","        ) {","        /*","         * this function will test buildApidoc's default handling-behavior-behavior","         */","            options = { modulePathList: module.paths };","            local.buildApidoc(options, onError);","        };","","        local.testCase_buildApp_default = local.testCase_buildApp_default || function (","            options,","            onError","        ) {","        /*","         * this function will test buildApp's default handling-behavior-behavior","         */","            local.testCase_buildReadme_default(options, local.onErrorThrow);","            local.testCase_buildLib_default(options, local.onErrorThrow);","            local.testCase_buildTest_default(options, local.onErrorThrow);","            local.testCase_buildCustomOrg_default(options, local.onErrorThrow);","            options = [];","            local.buildApp(options, onError);","        };","","        local.testCase_buildCustomOrg_default = local.testCase_buildCustomOrg_default ||","            function (options, onError) {","            /*","             * this function will test buildCustomOrg's default handling-behavior","             */","                options = {};","                local.buildCustomOrg(options, onError);","            };","","        local.testCase_buildLib_default = local.testCase_buildLib_default || function (","            options,","            onError","        ) {","        /*","         * this function will test buildLib's default handling-behavior","         */","            options = {};","            local.buildLib(options, onError);","        };","","        local.testCase_buildReadme_default = local.testCase_buildReadme_default || function (","            options,","            onError","        ) {","        /*","         * this function will test buildReadme's default handling-behavior-behavior","         */","            options = {};","            local.buildReadme(options, onError);","        };","","        local.testCase_buildTest_default = local.testCase_buildTest_default || function (","            options,","            onError","        ) {","        /*","         * this function will test buildTest's default handling-behavior","         */","            options = {};","            local.buildTest(options, onError);","        };","","        local.testCase_webpage_default = local.testCase_webpage_default || function (","            options,","            onError","        ) {","        /*","         * this function will test webpage's default handling-behavior","         */","            options = { modeCoverageMerge: true, url: local.serverLocalHost + '?modeTest=1' };","            local.browserTest(options, onError);","        };","","        // run test-server","        local.testRunServer(local);","        break;","    }","}());",""],"l":{"12":2,"14":2,"19":2,"21":2,"23":2,"24":2,"25":2,"30":1,"37":2,"40":2,"43":1,"47":1,"50":1,"52":1,"55":2,"61":2,"62":2,"64":2,"70":1,"76":1,"82":2,"83":2,"85":2,"91":1,"98":1,"102":1,"105":1,"112":1,"119":1,"120":1,"123":1,"130":1,"131":1,"132":1,"133":1,"134":1,"135":1,"138":1,"143":2,"144":2,"147":1,"154":2,"155":2,"158":1,"165":2,"166":2,"169":1,"176":2,"177":2,"180":1,"187":1,"188":1,"192":1,"193":1}},"/home/travis/build/npmtest/node-npmtest-wreck/lib.npmtest_wreck.js":{"path":"/home/travis/build/npmtest/node-npmtest-wreck/lib.npmtest_wreck.js","s":{"1":2,"2":2,"3":2,"4":2,"5":2,"6":2,"7":2,"8":1,"9":2,"10":2,"11":2,"12":2,"13":1,"14":1,"15":1,"16":1},"b":{"1":[2,1,1,1],"2":[1,1,1,1],"3":[1,1],"4":[2,2],"5":[1,1]},"f":{"1":2,"2":2,"3":2},"fnMap":{"1":{"name":"(anonymous_1)","line":12,"loc":{"start":{"line":12,"column":1},"end":{"line":12,"column":13}}},"2":{"name":"(anonymous_2)","line":19,"loc":{"start":{"line":19,"column":5},"end":{"line":19,"column":17}}},"3":{"name":"(anonymous_3)","line":23,"loc":{"start":{"line":23,"column":24},"end":{"line":23,"column":36}}}},"statementMap":{"1":{"start":{"line":12,"column":0},"end":{"line":53,"column":5}},"2":{"start":{"line":14,"column":4},"end":{"line":14,"column":14}},"3":{"start":{"line":19,"column":4},"end":{"line":52,"column":9}},"4":{"start":{"line":21,"column":8},"end":{"line":21,"column":19}},"5":{"start":{"line":23,"column":8},"end":{"line":35,"column":13}},"6":{"start":{"line":24,"column":12},"end":{"line":34,"column":13}},"7":{"start":{"line":25,"column":16},"end":{"line":28,"column":30}},"8":{"start":{"line":30,"column":16},"end":{"line":33,"column":27}},"9":{"start":{"line":37,"column":8},"end":{"line":39,"column":21}},"10":{"start":{"line":41,"column":8},"end":{"line":41,"column":54}},"11":{"start":{"line":43,"column":8},"end":{"line":43,"column":50}},"12":{"start":{"line":45,"column":8},"end":{"line":51,"column":9}},"13":{"start":{"line":46,"column":12},"end":{"line":46,"column":56}},"14":{"start":{"line":48,"column":12},"end":{"line":48,"column":35}},"15":{"start":{"line":49,"column":12},"end":{"line":49,"column":49}},"16":{"start":{"line":50,"column":12},"end":{"line":50,"column":43}}},"branchMap":{"1":{"line":25,"type":"binary-expr","locations":[{"start":{"line":25,"column":23},"end":{"line":25,"column":62}},{"start":{"line":26,"column":20},"end":{"line":26,"column":70}},{"start":{"line":27,"column":20},"end":{"line":27,"column":71}},{"start":{"line":28,"column":20},"end":{"line":28,"column":29}}]},"2":{"line":30,"type":"binary-expr","locations":[{"start":{"line":30,"column":23},"end":{"line":30,"column":37}},{"start":{"line":31,"column":20},"end":{"line":31,"column":61}},{"start":{"line":32,"column":20},"end":{"line":32,"column":70}},{"start":{"line":33,"column":20},"end":{"line":33,"column":26}}]},"3":{"line":37,"type":"cond-expr","locations":[{"start":{"line":38,"column":14},"end":{"line":38,"column":20}},{"start":{"line":39,"column":14},"end":{"line":39,"column":20}}]},"4":{"line":41,"type":"binary-expr","locations":[{"start":{"line":41,"column":16},"end":{"line":41,"column":44}},{"start":{"line":41,"column":48},"end":{"line":41,"column":53}}]},"5":{"line":45,"type":"if","locations":[{"start":{"line":45,"column":8},"end":{"line":45,"column":8}},{"start":{"line":45,"column":8},"end":{"line":45,"column":8}}]}},"code":["/* istanbul instrument in package npmtest_wreck */","/*jslint","    bitwise: true,","    browser: true,","    maxerr: 8,","    maxlen: 96,","    node: true,","    nomen: true,","    regexp: true,","    stupid: true","*/","(function () {","    'use strict';","    var local;","","","","    // run shared js-env code - init-before","    (function () {","        // init local","        local = {};","        // init modeJs","        local.modeJs = (function () {","            try {","                return typeof navigator.userAgent === 'string' &&","                    typeof document.querySelector('body') === 'object' &&","                    typeof XMLHttpRequest.prototype.open === 'function' &&","                    'browser';","            } catch (errorCaughtBrowser) {","                return module.exports &&","                    typeof process.versions.node === 'string' &&","                    typeof require('http').createServer === 'function' &&","                    'node';","            }","        }());","        // init global","        local.global = local.modeJs === 'browser'","            ? window","            : global;","        // init utility2_rollup","        local = local.global.utility2_rollup || local;","        // init lib","        local.local = local.npmtest_wreck = local;","        // init exports","        if (local.modeJs === 'browser') {","            local.global.utility2_npmtest_wreck = local;","        } else {","            module.exports = local;","            module.exports.__dirname = __dirname;","            module.exports.module = module;","        }","    }());","}());",""],"l":{"12":2,"14":2,"19":2,"21":2,"23":2,"24":2,"25":2,"30":1,"37":2,"41":2,"43":2,"45":2,"46":1,"48":1,"49":1,"50":1}},"/home/travis/build/npmtest/node-npmtest-wreck/example.js":{"path":"/home/travis/build/npmtest/node-npmtest-wreck/example.js","s":{"1":2,"2":2,"3":2,"4":2,"5":2,"6":2,"7":2,"8":1,"9":2,"10":2,"11":2,"12":2,"13":1,"14":2,"15":2,"16":2,"17":2,"18":2,"19":0,"20":2,"21":1,"22":1,"23":1,"24":1,"25":1,"26":0,"27":0,"28":1,"29":1,"30":2,"31":0,"32":0,"33":0,"34":1,"35":2,"36":2,"37":3,"38":3,"39":3,"40":3,"41":0,"42":3,"43":3,"44":3,"45":1,"46":3,"47":1,"48":1,"49":1,"50":1,"51":1,"52":1,"53":1,"54":1,"55":1,"56":1,"57":0,"58":1,"59":6,"60":6,"61":1,"62":2,"63":0,"64":2,"65":1,"66":1,"67":0,"68":0,"69":0,"70":0,"71":0,"72":0,"73":0,"74":0,"75":0,"76":0,"77":0,"78":0,"79":0,"80":0,"81":0,"82":0,"83":0},"b":{"1":[2,1,1,1],"2":[1,1,1,1],"3":[1,1],"4":[2,2],"5":[1,1],"6":[1,1],"7":[2,0],"8":[2,1,1,1,1,1],"9":[0,2,0],"10":[1,1],"11":[2,1,1],"12":[1,0],"13":[0,2],"14":[2,0,0,0,0,0,0],"15":[0,3],"16":[3,0],"17":[1,1],"18":[0,1],"19":[1,2,0,2],"20":[1,0],"21":[1,1],"22":[0,0],"23":[0,0],"24":[0,0],"25":[0,0],"26":[0,0],"27":[0,0],"28":[0,0]},"f":{"1":2,"2":2,"3":2,"4":2,"5":2,"6":2,"7":3,"8":3,"9":3,"10":1,"11":6,"12":0},"fnMap":{"1":{"name":"(anonymous_1)","line":26,"loc":{"start":{"line":26,"column":1},"end":{"line":26,"column":13}}},"2":{"name":"(anonymous_2)","line":33,"loc":{"start":{"line":33,"column":5},"end":{"line":33,"column":17}}},"3":{"name":"(anonymous_3)","line":37,"loc":{"start":{"line":37,"column":24},"end":{"line":37,"column":36}}},"4":{"name":"(anonymous_4)","line":69,"loc":{"start":{"line":69,"column":31},"end":{"line":69,"column":48}},"skip":true},"5":{"name":"(anonymous_5)","line":78,"loc":{"start":{"line":78,"column":26},"end":{"line":78,"column":45}},"skip":true},"6":{"name":"(anonymous_6)","line":123,"loc":{"start":{"line":123,"column":33},"end":{"line":123,"column":48}},"skip":true},"7":{"name":"(anonymous_7)","line":125,"loc":{"start":{"line":125,"column":27},"end":{"line":125,"column":39}},"skip":true},"8":{"name":"(anonymous_8)","line":133,"loc":{"start":{"line":133,"column":59},"end":{"line":133,"column":74}},"skip":true},"9":{"name":"(anonymous_9)","line":143,"loc":{"start":{"line":143,"column":45},"end":{"line":143,"column":62}},"skip":true},"10":{"name":"(anonymous_10)","line":144,"loc":{"start":{"line":144,"column":73},"end":{"line":144,"column":92}},"skip":true},"11":{"name":"(anonymous_11)","line":272,"loc":{"start":{"line":272,"column":51},"end":{"line":272,"column":77}},"skip":true},"12":{"name":"(anonymous_12)","line":315,"loc":{"start":{"line":315,"column":32},"end":{"line":315,"column":61}},"skip":true}},"statementMap":{"1":{"start":{"line":26,"column":0},"end":{"line":326,"column":5}},"2":{"start":{"line":28,"column":4},"end":{"line":28,"column":14}},"3":{"start":{"line":33,"column":4},"end":{"line":60,"column":9}},"4":{"start":{"line":35,"column":8},"end":{"line":35,"column":19}},"5":{"start":{"line":37,"column":8},"end":{"line":49,"column":13}},"6":{"start":{"line":38,"column":12},"end":{"line":48,"column":13}},"7":{"start":{"line":39,"column":16},"end":{"line":42,"column":30}},"8":{"start":{"line":44,"column":16},"end":{"line":47,"column":27}},"9":{"start":{"line":51,"column":8},"end":{"line":53,"column":21}},"10":{"start":{"line":55,"column":8},"end":{"line":57,"column":45}},"11":{"start":{"line":59,"column":8},"end":{"line":59,"column":35}},"12":{"start":{"line":61,"column":4},"end":{"line":325,"column":5}},"13":{"start":{"line":69,"column":8},"end":{"line":121,"column":10},"skip":true},"14":{"start":{"line":70,"column":12},"end":{"line":88,"column":13},"skip":true},"15":{"start":{"line":76,"column":16},"end":{"line":87,"column":19},"skip":true},"16":{"start":{"line":79,"column":20},"end":{"line":86,"column":21},"skip":true},"17":{"start":{"line":82,"column":24},"end":{"line":82,"column":43},"skip":true},"18":{"start":{"line":83,"column":24},"end":{"line":83,"column":30},"skip":true},"19":{"start":{"line":85,"column":24},"end":{"line":85,"column":49},"skip":true},"20":{"start":{"line":89,"column":12},"end":{"line":107,"column":13},"skip":true},"21":{"start":{"line":92,"column":16},"end":{"line":102,"column":17},"skip":true},"22":{"start":{"line":93,"column":20},"end":{"line":93,"column":86},"skip":true},"23":{"start":{"line":94,"column":20},"end":{"line":95,"column":45},"skip":true},"24":{"start":{"line":96,"column":20},"end":{"line":96,"column":42},"skip":true},"25":{"start":{"line":97,"column":20},"end":{"line":97,"column":48},"skip":true},"26":{"start":{"line":100,"column":20},"end":{"line":100,"column":85},"skip":true},"27":{"start":{"line":101,"column":20},"end":{"line":101,"column":96},"skip":true},"28":{"start":{"line":103,"column":16},"end":{"line":103,"column":22},"skip":true},"29":{"start":{"line":106,"column":16},"end":{"line":106,"column":22},"skip":true},"30":{"start":{"line":108,"column":12},"end":{"line":120,"column":13},"skip":true},"31":{"start":{"line":114,"column":16},"end":{"line":119,"column":17},"skip":true},"32":{"start":{"line":116,"column":20},"end":{"line":116,"column":78},"skip":true},"33":{"start":{"line":118,"column":20},"end":{"line":118,"column":47},"skip":true},"34":{"start":{"line":123,"column":8},"end":{"line":141,"column":11},"skip":true},"35":{"start":{"line":124,"column":12},"end":{"line":124,"column":54},"skip":true},"36":{"start":{"line":125,"column":12},"end":{"line":140,"column":14},"skip":true},"37":{"start":{"line":126,"column":16},"end":{"line":126,"column":28},"skip":true},"38":{"start":{"line":127,"column":16},"end":{"line":127,"column":69},"skip":true},"39":{"start":{"line":128,"column":16},"end":{"line":128,"column":75},"skip":true},"40":{"start":{"line":129,"column":16},"end":{"line":131,"column":17},"skip":true},"41":{"start":{"line":130,"column":20},"end":{"line":130,"column":27},"skip":true},"42":{"start":{"line":133,"column":16},"end":{"line":137,"column":36},"skip":true},"43":{"start":{"line":134,"column":20},"end":{"line":136,"column":55},"skip":true},"44":{"start":{"line":139,"column":16},"end":{"line":139,"column":57},"skip":true},"45":{"start":{"line":143,"column":8},"end":{"line":147,"column":11},"skip":true},"46":{"start":{"line":144,"column":12},"end":{"line":146,"column":15},"skip":true},"47":{"start":{"line":145,"column":16},"end":{"line":145,"column":70},"skip":true},"48":{"start":{"line":149,"column":8},"end":{"line":149,"column":31},"skip":true},"49":{"start":{"line":150,"column":8},"end":{"line":150,"column":14},"skip":true},"50":{"start":{"line":158,"column":8},"end":{"line":158,"column":31},"skip":true},"51":{"start":{"line":160,"column":8},"end":{"line":160,"column":33},"skip":true},"52":{"start":{"line":161,"column":8},"end":{"line":161,"column":37},"skip":true},"53":{"start":{"line":162,"column":8},"end":{"line":162,"column":35},"skip":true},"54":{"start":{"line":164,"column":8},"end":{"line":164,"column":50},"skip":true},"55":{"start":{"line":166,"column":8},"end":{"line":256,"column":2},"skip":true},"56":{"start":{"line":258,"column":8},"end":{"line":286,"column":9},"skip":true},"57":{"start":{"line":259,"column":12},"end":{"line":269,"column":14},"skip":true},"58":{"start":{"line":271,"column":12},"end":{"line":285,"column":19},"skip":true},"59":{"start":{"line":274,"column":20},"end":{"line":274,"column":35},"skip":true},"60":{"start":{"line":275,"column":20},"end":{"line":284,"column":21},"skip":true},"61":{"start":{"line":277,"column":24},"end":{"line":277,"column":64},"skip":true},"62":{"start":{"line":279,"column":24},"end":{"line":279,"column":40},"skip":true},"63":{"start":{"line":281,"column":24},"end":{"line":281,"column":40},"skip":true},"64":{"start":{"line":283,"column":24},"end":{"line":283,"column":39},"skip":true},"65":{"start":{"line":288,"column":8},"end":{"line":290,"column":9},"skip":true},"66":{"start":{"line":289,"column":12},"end":{"line":289,"column":18},"skip":true},"67":{"start":{"line":291,"column":8},"end":{"line":293,"column":54},"skip":true},"68":{"start":{"line":296,"column":8},"end":{"line":301,"column":37},"skip":true},"69":{"start":{"line":303,"column":8},"end":{"line":303,"column":82},"skip":true},"70":{"start":{"line":306,"column":8},"end":{"line":308,"column":9},"skip":true},"71":{"start":{"line":307,"column":12},"end":{"line":307,"column":82},"skip":true},"72":{"start":{"line":310,"column":8},"end":{"line":312,"column":9},"skip":true},"73":{"start":{"line":311,"column":12},"end":{"line":311,"column":18},"skip":true},"74":{"start":{"line":313,"column":8},"end":{"line":313,"column":54},"skip":true},"75":{"start":{"line":314,"column":8},"end":{"line":314,"column":69},"skip":true},"76":{"start":{"line":315,"column":8},"end":{"line":323,"column":36},"skip":true},"77":{"start":{"line":316,"column":12},"end":{"line":316,"column":61},"skip":true},"78":{"start":{"line":317,"column":12},"end":{"line":320,"column":13},"skip":true},"79":{"start":{"line":318,"column":16},"end":{"line":318,"column":75},"skip":true},"80":{"start":{"line":319,"column":16},"end":{"line":319,"column":23},"skip":true},"81":{"start":{"line":321,"column":12},"end":{"line":321,"column":38},"skip":true},"82":{"start":{"line":322,"column":12},"end":{"line":322,"column":27},"skip":true},"83":{"start":{"line":324,"column":8},"end":{"line":324,"column":14},"skip":true}},"branchMap":{"1":{"line":39,"type":"binary-expr","locations":[{"start":{"line":39,"column":23},"end":{"line":39,"column":62}},{"start":{"line":40,"column":20},"end":{"line":40,"column":70}},{"start":{"line":41,"column":20},"end":{"line":41,"column":71}},{"start":{"line":42,"column":20},"end":{"line":42,"column":29}}]},"2":{"line":44,"type":"binary-expr","locations":[{"start":{"line":44,"column":23},"end":{"line":44,"column":37}},{"start":{"line":45,"column":20},"end":{"line":45,"column":61}},{"start":{"line":46,"column":20},"end":{"line":46,"column":70}},{"start":{"line":47,"column":20},"end":{"line":47,"column":26}}]},"3":{"line":51,"type":"cond-expr","locations":[{"start":{"line":52,"column":14},"end":{"line":52,"column":20}},{"start":{"line":53,"column":14},"end":{"line":53,"column":20}}]},"4":{"line":55,"type":"binary-expr","locations":[{"start":{"line":55,"column":16},"end":{"line":55,"column":44}},{"start":{"line":55,"column":49},"end":{"line":57,"column":43}}]},"5":{"line":55,"type":"cond-expr","locations":[{"start":{"line":56,"column":14},"end":{"line":56,"column":49}},{"start":{"line":57,"column":14},"end":{"line":57,"column":43}}]},"6":{"line":61,"type":"switch","locations":[{"start":{"line":68,"column":4},"end":{"line":150,"column":14},"skip":true},{"start":{"line":156,"column":4},"end":{"line":324,"column":14},"skip":true}]},"7":{"line":70,"type":"if","locations":[{"start":{"line":70,"column":12},"end":{"line":70,"column":12},"skip":true},{"start":{"line":70,"column":12},"end":{"line":70,"column":12},"skip":true}]},"8":{"line":70,"type":"binary-expr","locations":[{"start":{"line":70,"column":16},"end":{"line":70,"column":22},"skip":true},{"start":{"line":70,"column":27},"end":{"line":70,"column":32},"skip":true},{"start":{"line":71,"column":20},"end":{"line":71,"column":39},"skip":true},{"start":{"line":72,"column":20},"end":{"line":72,"column":49},"skip":true},{"start":{"line":73,"column":20},"end":{"line":73,"column":58},"skip":true},{"start":{"line":74,"column":20},"end":{"line":74,"column":69},"skip":true}]},"9":{"line":79,"type":"switch","locations":[{"start":{"line":80,"column":20},"end":{"line":80,"column":33},"skip":true},{"start":{"line":81,"column":20},"end":{"line":83,"column":30},"skip":true},{"start":{"line":84,"column":20},"end":{"line":85,"column":49},"skip":true}]},"10":{"line":89,"type":"switch","locations":[{"start":{"line":90,"column":12},"end":{"line":103,"column":22},"skip":true},{"start":{"line":105,"column":12},"end":{"line":106,"column":22},"skip":true}]},"11":{"line":89,"type":"binary-expr","locations":[{"start":{"line":89,"column":20},"end":{"line":89,"column":25},"skip":true},{"start":{"line":89,"column":29},"end":{"line":89,"column":48},"skip":true},{"start":{"line":89,"column":52},"end":{"line":89,"column":74},"skip":true}]},"12":{"line":92,"type":"if","locations":[{"start":{"line":92,"column":16},"end":{"line":92,"column":16},"skip":true},{"start":{"line":92,"column":16},"end":{"line":92,"column":16},"skip":true}]},"13":{"line":108,"type":"if","locations":[{"start":{"line":108,"column":12},"end":{"line":108,"column":12},"skip":true},{"start":{"line":108,"column":12},"end":{"line":108,"column":12},"skip":true}]},"14":{"line":108,"type":"binary-expr","locations":[{"start":{"line":108,"column":16},"end":{"line":108,"column":61},"skip":true},{"start":{"line":108,"column":66},"end":{"line":108,"column":72},"skip":true},{"start":{"line":108,"column":77},"end":{"line":108,"column":82},"skip":true},{"start":{"line":109,"column":20},"end":{"line":109,"column":39},"skip":true},{"start":{"line":110,"column":20},"end":{"line":110,"column":49},"skip":true},{"start":{"line":111,"column":20},"end":{"line":111,"column":58},"skip":true},{"start":{"line":112,"column":20},"end":{"line":112,"column":68},"skip":true}]},"15":{"line":129,"type":"if","locations":[{"start":{"line":129,"column":16},"end":{"line":129,"column":16},"skip":true},{"start":{"line":129,"column":16},"end":{"line":129,"column":16},"skip":true}]},"16":{"line":134,"type":"cond-expr","locations":[{"start":{"line":135,"column":26},"end":{"line":135,"column":29},"skip":true},{"start":{"line":136,"column":26},"end":{"line":136,"column":54},"skip":true}]},"17":{"line":164,"type":"binary-expr","locations":[{"start":{"line":164,"column":27},"end":{"line":164,"column":43},"skip":true},{"start":{"line":164,"column":47},"end":{"line":164,"column":49},"skip":true}]},"18":{"line":258,"type":"if","locations":[{"start":{"line":258,"column":8},"end":{"line":258,"column":8},"skip":true},{"start":{"line":258,"column":8},"end":{"line":258,"column":8},"skip":true}]},"19":{"line":275,"type":"switch","locations":[{"start":{"line":276,"column":20},"end":{"line":277,"column":64},"skip":true},{"start":{"line":278,"column":20},"end":{"line":279,"column":40},"skip":true},{"start":{"line":280,"column":20},"end":{"line":281,"column":40},"skip":true},{"start":{"line":282,"column":20},"end":{"line":283,"column":39},"skip":true}]},"20":{"line":288,"type":"if","locations":[{"start":{"line":288,"column":8},"end":{"line":288,"column":8},"skip":true},{"start":{"line":288,"column":8},"end":{"line":288,"column":8},"skip":true}]},"21":{"line":288,"type":"binary-expr","locations":[{"start":{"line":288,"column":12},"end":{"line":288,"column":40},"skip":true},{"start":{"line":288,"column":44},"end":{"line":288,"column":67},"skip":true}]},"22":{"line":292,"type":"binary-expr","locations":[{"start":{"line":292,"column":12},"end":{"line":292,"column":50},"skip":true},{"start":{"line":293,"column":12},"end":{"line":293,"column":53},"skip":true}]},"23":{"line":297,"type":"binary-expr","locations":[{"start":{"line":297,"column":12},"end":{"line":297,"column":63},"skip":true},{"start":{"line":298,"column":12},"end":{"line":301,"column":36},"skip":true}]},"24":{"line":303,"type":"binary-expr","locations":[{"start":{"line":303,"column":43},"end":{"line":303,"column":75},"skip":true},{"start":{"line":303,"column":79},"end":{"line":303,"column":81},"skip":true}]},"25":{"line":306,"type":"if","locations":[{"start":{"line":306,"column":8},"end":{"line":306,"column":8},"skip":true},{"start":{"line":306,"column":8},"end":{"line":306,"column":8},"skip":true}]},"26":{"line":310,"type":"if","locations":[{"start":{"line":310,"column":8},"end":{"line":310,"column":8},"skip":true},{"start":{"line":310,"column":8},"end":{"line":310,"column":8},"skip":true}]},"27":{"line":313,"type":"binary-expr","locations":[{"start":{"line":313,"column":27},"end":{"line":313,"column":43},"skip":true},{"start":{"line":313,"column":47},"end":{"line":313,"column":53},"skip":true}]},"28":{"line":317,"type":"if","locations":[{"start":{"line":317,"column":12},"end":{"line":317,"column":12},"skip":true},{"start":{"line":317,"column":12},"end":{"line":317,"column":12},"skip":true}]}},"code":["/*","example.js","","quickstart example","","instruction","    1. save this script as example.js","    2. run the shell command:","        $ npm install npmtest-wreck && PORT=8081 node example.js","    3. play with the browser-demo on http://127.0.0.1:8081","*/","","","","/* istanbul instrument in package npmtest_wreck */","/*jslint","    bitwise: true,","    browser: true,","    maxerr: 8,","    maxlen: 96,","    node: true,","    nomen: true,","    regexp: true,","    stupid: true","*/","(function () {","    'use strict';","    var local;","","","","    // run shared js-env code - init-before","    (function () {","        // init local","        local = {};","        // init modeJs","        local.modeJs = (function () {","            try {","                return typeof navigator.userAgent === 'string' &&","                    typeof document.querySelector('body') === 'object' &&","                    typeof XMLHttpRequest.prototype.open === 'function' &&","                    'browser';","            } catch (errorCaughtBrowser) {","                return module.exports &&","                    typeof process.versions.node === 'string' &&","                    typeof require('http').createServer === 'function' &&","                    'node';","            }","        }());","        // init global","        local.global = local.modeJs === 'browser'","            ? window","            : global;","        // init utility2_rollup","        local = local.global.utility2_rollup || (local.modeJs === 'browser'","            ? local.global.utility2_npmtest_wreck","            : global.utility2_moduleExports);","        // export local","        local.global.local = local;","    }());","    switch (local.modeJs) {","","","","    // init-after","    // run browser js-env code - init-after","    /* istanbul ignore next */","    case 'browser':","        local.testRunBrowser = function (event) {","            if (!event || (event &&","                    event.currentTarget &&","                    event.currentTarget.className &&","                    event.currentTarget.className.includes &&","                    event.currentTarget.className.includes('onreset'))) {","                // reset output","                Array.from(","                    document.querySelectorAll('body > .resettable')","                ).forEach(function (element) {","                    switch (element.tagName) {","                    case 'INPUT':","                    case 'TEXTAREA':","                        element.value = '';","                        break;","                    default:","                        element.textContent = '';","                    }","                });","            }","            switch (event && event.currentTarget && event.currentTarget.id) {","            case 'testRunButton1':","                // show tests","                if (document.querySelector('#testReportDiv1').style.display === 'none') {","                    document.querySelector('#testReportDiv1').style.display = 'block';","                    document.querySelector('#testRunButton1').textContent =","                        'hide internal test';","                    local.modeTest = true;","                    local.testRunDefault(local);","                // hide tests","                } else {","                    document.querySelector('#testReportDiv1').style.display = 'none';","                    document.querySelector('#testRunButton1').textContent = 'run internal test';","                }","                break;","            // custom-case","            default:","                break;","            }","            if (document.querySelector('#inputTextareaEval1') && (!event || (event &&","                    event.currentTarget &&","                    event.currentTarget.className &&","                    event.currentTarget.className.includes &&","                    event.currentTarget.className.includes('oneval')))) {","                // try to eval input-code","                try {","                    /*jslint evil: true*/","                    eval(document.querySelector('#inputTextareaEval1').value);","                } catch (errorCaught) {","                    console.error(errorCaught);","                }","            }","        };","        // log stderr and stdout to #outputTextareaStdout1","        ['error', 'log'].forEach(function (key) {","            console[key + '_original'] = console[key];","            console[key] = function () {","                var element;","                console[key + '_original'].apply(console, arguments);","                element = document.querySelector('#outputTextareaStdout1');","                if (!element) {","                    return;","                }","                // append text to #outputTextareaStdout1","                element.value += Array.from(arguments).map(function (arg) {","                    return typeof arg === 'string'","                        ? arg","                        : JSON.stringify(arg, null, 4);","                }).join(' ') + '\\n';","                // scroll textarea to bottom","                element.scrollTop = element.scrollHeight;","            };","        });","        // init event-handling","        ['change', 'click', 'keyup'].forEach(function (event) {","            Array.from(document.querySelectorAll('.on' + event)).forEach(function (element) {","                element.addEventListener(event, local.testRunBrowser);","            });","        });","        // run tests","        local.testRunBrowser();","        break;","","","","    // run node js-env code - init-after","    /* istanbul ignore next */","    case 'node':","        // export local","        module.exports = local;","        // require modules","        local.fs = require('fs');","        local.http = require('http');","        local.url = require('url');","        // init assets","        local.assetsDict = local.assetsDict || {};","        /* jslint-ignore-begin */","        local.assetsDict['/assets.index.template.html'] = '\\","<!doctype html>\\n\\","<html lang=\"en\">\\n\\","<head>\\n\\","<meta charset=\"UTF-8\">\\n\\","<meta name=\"viewport\" content=\"width=device-width, initial-scale=1\">\\n\\","<title>{{env.npm_package_name}} (v{{env.npm_package_version}})</title>\\n\\","<style>\\n\\","/*csslint\\n\\","    box-sizing: false,\\n\\","    universal-selector: false\\n\\","*/\\n\\","* {\\n\\","    box-sizing: border-box;\\n\\","}\\n\\","body {\\n\\","    background: #dde;\\n\\","    font-family: Arial, Helvetica, sans-serif;\\n\\","    margin: 2rem;\\n\\","}\\n\\","body > * {\\n\\","    margin-bottom: 1rem;\\n\\","}\\n\\",".utility2FooterDiv {\\n\\","    margin-top: 20px;\\n\\","    text-align: center;\\n\\","}\\n\\","</style>\\n\\","<style>\\n\\","/*csslint\\n\\","*/\\n\\","textarea {\\n\\","    font-family: monospace;\\n\\","    height: 10rem;\\n\\","    width: 100%;\\n\\","}\\n\\","textarea[readonly] {\\n\\","    background: #ddd;\\n\\","}\\n\\","</style>\\n\\","</head>\\n\\","<body>\\n\\","<!-- utility2-comment\\n\\","<div id=\"ajaxProgressDiv1\" style=\"background: #d00; height: 2px; left: 0; margin: 0; padding: 0; position: fixed; top: 0; transition: background 0.5s, width 1.5s; width: 25%;\"></div>\\n\\","utility2-comment -->\\n\\","<h1>\\n\\","<!-- utility2-comment\\n\\","    <a\\n\\","        {{#if env.npm_package_homepage}}\\n\\","        href=\"{{env.npm_package_homepage}}\"\\n\\","        {{/if env.npm_package_homepage}}\\n\\","        target=\"_blank\"\\n\\","    >\\n\\","utility2-comment -->\\n\\","        {{env.npm_package_name}} (v{{env.npm_package_version}})\\n\\","<!-- utility2-comment\\n\\","    </a>\\n\\","utility2-comment -->\\n\\","</h1>\\n\\","<h3>{{env.npm_package_description}}</h3>\\n\\","<!-- utility2-comment\\n\\","<h4><a download href=\"assets.app.js\">download standalone app</a></h4>\\n\\","<button class=\"onclick onreset\" id=\"testRunButton1\">run internal test</button><br>\\n\\","<div id=\"testReportDiv1\" style=\"display: none;\"></div>\\n\\","utility2-comment -->\\n\\","\\n\\","\\n\\","\\n\\","<label>stderr and stdout</label>\\n\\","<textarea class=\"resettable\" id=\"outputTextareaStdout1\" readonly></textarea>\\n\\","<!-- utility2-comment\\n\\","{{#if isRollup}}\\n\\","<script src=\"assets.app.js\"></script>\\n\\","{{#unless isRollup}}\\n\\","utility2-comment -->\\n\\","<script src=\"assets.utility2.rollup.js\"></script>\\n\\","<script src=\"jsonp.utility2._stateInit?callback=window.utility2._stateInit\"></script>\\n\\","<script src=\"assets.npmtest_wreck.rollup.js\"></script>\\n\\","<script src=\"assets.example.js\"></script>\\n\\","<script src=\"assets.test.js\"></script>\\n\\","<!-- utility2-comment\\n\\","{{/if isRollup}}\\n\\","utility2-comment -->\\n\\","<div class=\"utility2FooterDiv\">\\n\\","    [ this app was created with\\n\\","    <a href=\"https://github.com/kaizhu256/node-utility2\" target=\"_blank\">utility2</a>\\n\\","    ]\\n\\","</div>\\n\\","</body>\\n\\","</html>\\n\\","';","        /* jslint-ignore-end */","        if (local.templateRender) {","            local.assetsDict['/'] = local.templateRender(","                local.assetsDict['/assets.index.template.html'],","                {","                    env: local.objectSetDefault(local.env, {","                        npm_package_description: 'the greatest app in the world!',","                        npm_package_name: 'my-app',","                        npm_package_nameAlias: 'my_app',","                        npm_package_version: '0.0.1'","                    })","                }","            );","        } else {","            local.assetsDict['/'] = local.assetsDict['/assets.index.template.html']","                .replace((/\\{\\{env\\.(\\w+?)\\}\\}/g), function (match0, match1) {","                    // jslint-hack","                    String(match0);","                    switch (match1) {","                    case 'npm_package_description':","                        return 'the greatest app in the world!';","                    case 'npm_package_name':","                        return 'my-app';","                    case 'npm_package_nameAlias':","                        return 'my_app';","                    case 'npm_package_version':","                        return '0.0.1';","                    }","                });","        }","        // run the cli","        if (local.global.utility2_rollup || module !== require.main) {","            break;","        }","        local.assetsDict['/assets.example.js'] =","            local.assetsDict['/assets.example.js'] ||","            local.fs.readFileSync(__filename, 'utf8');","        // bug-workaround - long $npm_package_buildCustomOrg","        /* jslint-ignore-begin */","        local.assetsDict['/assets.npmtest_wreck.rollup.js'] =","            local.assetsDict['/assets.npmtest_wreck.rollup.js'] ||","            local.fs.readFileSync(","                local.npmtest_wreck.__dirname + '/lib.npmtest_wreck.js',","                'utf8'","            ).replace((/^#!/), '//');","        /* jslint-ignore-end */","        local.assetsDict['/favicon.ico'] = local.assetsDict['/favicon.ico'] || '';","        // if $npm_config_timeout_exit exists,","        // then exit this process after $npm_config_timeout_exit ms","        if (Number(process.env.npm_config_timeout_exit)) {","            setTimeout(process.exit, Number(process.env.npm_config_timeout_exit));","        }","        // start server","        if (local.global.utility2_serverHttp1) {","            break;","        }","        process.env.PORT = process.env.PORT || '8081';","        console.error('server starting on port ' + process.env.PORT);","        local.http.createServer(function (request, response) {","            request.urlParsed = local.url.parse(request.url);","            if (local.assetsDict[request.urlParsed.pathname] !== undefined) {","                response.end(local.assetsDict[request.urlParsed.pathname]);","                return;","            }","            response.statusCode = 404;","            response.end();","        }).listen(process.env.PORT);","        break;","    }","}());",""],"l":{"26":2,"28":2,"33":2,"35":2,"37":2,"38":2,"39":2,"44":1,"51":2,"55":2,"59":2,"61":2,"69":1,"70":2,"76":2,"79":2,"82":2,"83":2,"85":1,"89":2,"92":1,"93":1,"94":1,"96":1,"97":1,"100":1,"101":1,"103":1,"106":1,"108":2,"114":1,"116":1,"118":1,"123":1,"124":2,"125":2,"126":3,"127":3,"128":3,"129":3,"130":1,"133":3,"134":3,"139":3,"143":1,"144":3,"145":1,"149":1,"150":1,"158":1,"160":1,"161":1,"162":1,"164":1,"166":1,"258":1,"259":1,"271":1,"274":6,"275":6,"277":1,"279":2,"281":1,"283":2,"288":1,"289":1,"291":1,"296":1,"303":1,"306":1,"307":1,"310":1,"311":1,"313":1,"314":1,"315":1,"316":1,"317":1,"318":1,"319":1,"321":1,"322":1,"324":1}},"/home/travis/build/npmtest/node-npmtest-wreck/node_modules/wreck/lib/index.js":{"path":"/home/travis/build/npmtest/node-npmtest-wreck/node_modules/wreck/lib/index.js","s":{"1":1,"2":1,"3":1,"4":1,"5":1,"6":1,"7":1,"8":1,"9":1,"10":1,"11":1,"12":1,"13":1,"14":1,"15":1,"16":1,"17":1,"18":1,"19":1,"20":1,"21":1,"22":0,"23":0,"24":0,"25":1,"26":1,"27":0,"28":0,"29":0,"30":1,"31":0,"32":0,"33":0,"34":0,"35":0,"36":0,"37":0,"38":0,"39":0,"40":0,"41":1,"42":0,"43":0,"44":0,"45":0,"46":0,"47":0,"48":0,"49":0,"50":0,"51":0,"52":0,"53":0,"54":0,"55":0,"56":0,"57":0,"58":0,"59":0,"60":0,"61":0,"62":0,"63":0,"64":0,"65":0,"66":0,"67":0,"68":0,"69":0,"70":0,"71":0,"72":0,"73":0,"74":0,"75":0,"76":0,"77":0,"78":0,"79":0,"80":0,"81":0,"82":0,"83":0,"84":0,"85":0,"86":0,"87":0,"88":0,"89":0,"90":0,"91":0,"92":0,"93":0,"94":0,"95":0,"96":0,"97":0,"98":0,"99":0,"100":0,"101":0,"102":0,"103":0,"104":0,"105":0,"106":0,"107":0,"108":0,"109":0,"110":0,"111":0,"112":0,"113":0,"114":0,"115":0,"116":0,"117":0,"118":0,"119":0,"120":0,"121":0,"122":0,"123":0,"124":0,"125":0,"126":0,"127":0,"128":0,"129":0,"130":0,"131":0,"132":0,"133":0,"134":0,"135":0,"136":0,"137":0,"138":0,"139":0,"140":0,"141":0,"142":0,"143":0,"144":0,"145":0,"146":1,"147":0,"148":0,"149":0,"150":0,"151":0,"152":0,"153":0,"154":1,"155":0,"156":0,"157":0,"158":0,"159":0,"160":0,"161":0,"162":0,"163":0,"164":0,"165":0,"166":0,"167":0,"168":0,"169":0,"170":0,"171":0,"172":0,"173":0,"174":0,"175":0,"176":0,"177":0,"178":0,"179":0,"180":0,"181":0,"182":0,"183":0,"184":0,"185":0,"186":0,"187":0,"188":0,"189":0,"190":0,"191":0,"192":0,"193":0,"194":0,"195":0,"196":0,"197":0,"198":0,"199":1,"200":0,"201":1,"202":0,"203":0,"204":0,"205":0,"206":0,"207":0,"208":0,"209":0,"210":0,"211":0,"212":0,"213":0,"214":0,"215":1,"216":0,"217":1,"218":0,"219":1,"220":0,"221":1,"222":0,"223":1,"224":0,"225":1,"226":0,"227":0,"228":0,"229":1,"230":0,"231":0,"232":0,"233":0,"234":0,"235":0,"236":0,"237":1,"238":0,"239":0,"240":0,"241":0,"242":0,"243":0,"244":1},"b":{"1":[1,1],"2":[1,1],"3":[1,0,0,0],"4":[1,1],"5":[0,0],"6":[0,0],"7":[0,0],"8":[0,0],"9":[0,0],"10":[0,0,0],"11":[0,0,0],"12":[0,0,0],"13":[0,0,0],"14":[0,0],"15":[0,0],"16":[0,0],"17":[0,0],"18":[0,0],"19":[0,0,0,0],"20":[0,0],"21":[0,0,0,0],"22":[0,0],"23":[0,0,0,0],"24":[0,0],"25":[0,0],"26":[0,0],"27":[0,0],"28":[0,0],"29":[0,0],"30":[0,0],"31":[0,0],"32":[0,0],"33":[0,0],"34":[0,0],"35":[0,0],"36":[0,0],"37":[0,0],"38":[0,0],"39":[0,0],"40":[0,0],"41":[0,0],"42":[0,0],"43":[0,0],"44":[0,0],"45":[0,0],"46":[0,0,0],"47":[0,0],"48":[0,0],"49":[0,0],"50":[0,0,0,0,0],"51":[0,0],"52":[0,0],"53":[0,0],"54":[0,0],"55":[0,0],"56":[0,0],"57":[0,0,0],"58":[0,0],"59":[0,0],"60":[0,0],"61":[0,0],"62":[0,0],"63":[0,0],"64":[0,0],"65":[0,0],"66":[0,0],"67":[0,0],"68":[0,0],"69":[0,0],"70":[0,0],"71":[0,0]},"f":{"1":1,"2":0,"3":0,"4":0,"5":0,"6":0,"7":0,"8":0,"9":0,"10":0,"11":0,"12":0,"13":0,"14":0,"15":0,"16":0,"17":0},"fnMap":{"1":{"name":"(anonymous_1)","line":30,"loc":{"start":{"line":30,"column":19},"end":{"line":30,"column":39}}},"2":{"name":"(anonymous_2)","line":49,"loc":{"start":{"line":49,"column":16},"end":{"line":49,"column":28}}},"3":{"name":"(anonymous_3)","line":60,"loc":{"start":{"line":60,"column":38},"end":{"line":60,"column":57}}},"4":{"name":"(anonymous_4)","line":69,"loc":{"start":{"line":69,"column":23},"end":{"line":69,"column":48}}},"5":{"name":"(anonymous_5)","line":89,"loc":{"start":{"line":89,"column":37},"end":{"line":89,"column":87}}},"6":{"name":"(anonymous_6)","line":303,"loc":{"start":{"line":303,"column":27},"end":{"line":303,"column":60}}},"7":{"name":"(anonymous_7)","line":327,"loc":{"start":{"line":327,"column":34},"end":{"line":327,"column":68}}},"8":{"name":"(anonymous_8)","line":432,"loc":{"start":{"line":432,"column":46},"end":{"line":432,"column":75}}},"9":{"name":"(anonymous_9)","line":440,"loc":{"start":{"line":440,"column":47},"end":{"line":440,"column":64}}},"10":{"name":"(anonymous_10)","line":478,"loc":{"start":{"line":478,"column":33},"end":{"line":478,"column":67}}},"11":{"name":"(anonymous_11)","line":484,"loc":{"start":{"line":484,"column":34},"end":{"line":484,"column":68}}},"12":{"name":"(anonymous_12)","line":490,"loc":{"start":{"line":490,"column":35},"end":{"line":490,"column":69}}},"13":{"name":"(anonymous_13)","line":496,"loc":{"start":{"line":496,"column":33},"end":{"line":496,"column":67}}},"14":{"name":"(anonymous_14)","line":502,"loc":{"start":{"line":502,"column":36},"end":{"line":502,"column":70}}},"15":{"name":"(anonymous_15)","line":510,"loc":{"start":{"line":510,"column":43},"end":{"line":510,"column":92}}},"16":{"name":"(anonymous_16)","line":519,"loc":{"start":{"line":519,"column":39},"end":{"line":519,"column":81}}},"17":{"name":"(anonymous_17)","line":543,"loc":{"start":{"line":543,"column":27},"end":{"line":543,"column":45}}}},"statementMap":{"1":{"start":{"line":5,"column":0},"end":{"line":5,"column":33}},"2":{"start":{"line":6,"column":0},"end":{"line":6,"column":27}},"3":{"start":{"line":7,"column":0},"end":{"line":7,"column":29}},"4":{"start":{"line":8,"column":0},"end":{"line":8,"column":31}},"5":{"start":{"line":9,"column":0},"end":{"line":9,"column":33}},"6":{"start":{"line":10,"column":0},"end":{"line":10,"column":29}},"7":{"start":{"line":11,"column":0},"end":{"line":11,"column":29}},"8":{"start":{"line":12,"column":0},"end":{"line":12,"column":37}},"9":{"start":{"line":13,"column":0},"end":{"line":13,"column":39}},"10":{"start":{"line":14,"column":0},"end":{"line":14,"column":29}},"11":{"start":{"line":19,"column":0},"end":{"line":23,"column":2}},"12":{"start":{"line":25,"column":0},"end":{"line":25,"column":91}},"13":{"start":{"line":30,"column":0},"end":{"line":55,"column":2}},"14":{"start":{"line":32,"column":4},"end":{"line":32,"column":30}},"15":{"start":{"line":33,"column":4},"end":{"line":34,"column":88}},"16":{"start":{"line":36,"column":4},"end":{"line":36,"column":79}},"17":{"start":{"line":38,"column":4},"end":{"line":42,"column":6}},"18":{"start":{"line":44,"column":4},"end":{"line":44,"column":35}},"19":{"start":{"line":47,"column":4},"end":{"line":47,"column":22}},"20":{"start":{"line":48,"column":4},"end":{"line":48,"column":31}},"21":{"start":{"line":49,"column":4},"end":{"line":54,"column":6}},"22":{"start":{"line":51,"column":8},"end":{"line":51,"column":61}},"23":{"start":{"line":52,"column":8},"end":{"line":52,"column":40}},"24":{"start":{"line":53,"column":8},"end":{"line":53,"column":61}},"25":{"start":{"line":57,"column":0},"end":{"line":57,"column":53}},"26":{"start":{"line":60,"column":0},"end":{"line":66,"column":2}},"27":{"start":{"line":62,"column":4},"end":{"line":62,"column":98}},"28":{"start":{"line":64,"column":4},"end":{"line":64,"column":97}},"29":{"start":{"line":65,"column":4},"end":{"line":65,"column":41}},"30":{"start":{"line":69,"column":0},"end":{"line":86,"column":2}},"31":{"start":{"line":71,"column":4},"end":{"line":73,"column":5}},"32":{"start":{"line":72,"column":8},"end":{"line":72,"column":23}},"33":{"start":{"line":75,"column":4},"end":{"line":75,"column":39}},"34":{"start":{"line":76,"column":4},"end":{"line":78,"column":5}},"35":{"start":{"line":77,"column":8},"end":{"line":77,"column":38}},"36":{"start":{"line":80,"column":4},"end":{"line":80,"column":42}},"37":{"start":{"line":81,"column":4},"end":{"line":81,"column":68}},"38":{"start":{"line":82,"column":4},"end":{"line":82,"column":71}},"39":{"start":{"line":83,"column":4},"end":{"line":83,"column":42}},"40":{"start":{"line":85,"column":4},"end":{"line":85,"column":34}},"41":{"start":{"line":89,"column":0},"end":{"line":300,"column":2}},"42":{"start":{"line":91,"column":4},"end":{"line":91,"column":103}},"43":{"start":{"line":93,"column":4},"end":{"line":94,"column":78}},"44":{"start":{"line":96,"column":4},"end":{"line":97,"column":105}},"45":{"start":{"line":99,"column":4},"end":{"line":100,"column":53}},"46":{"start":{"line":102,"column":4},"end":{"line":103,"column":49}},"47":{"start":{"line":105,"column":4},"end":{"line":105,"column":141}},"48":{"start":{"line":105,"column":133},"end":{"line":105,"column":139}},"49":{"start":{"line":107,"column":4},"end":{"line":110,"column":5}},"50":{"start":{"line":108,"column":8},"end":{"line":108,"column":57}},"51":{"start":{"line":109,"column":8},"end":{"line":109,"column":31}},"52":{"start":{"line":112,"column":4},"end":{"line":112,"column":31}},"53":{"start":{"line":114,"column":4},"end":{"line":117,"column":5}},"54":{"start":{"line":115,"column":8},"end":{"line":115,"column":44}},"55":{"start":{"line":116,"column":8},"end":{"line":116,"column":34}},"56":{"start":{"line":119,"column":4},"end":{"line":119,"column":38}},"57":{"start":{"line":120,"column":4},"end":{"line":120,"column":40}},"58":{"start":{"line":121,"column":4},"end":{"line":124,"column":7}},"59":{"start":{"line":123,"column":8},"end":{"line":123,"column":54}},"60":{"start":{"line":126,"column":4},"end":{"line":129,"column":5}},"61":{"start":{"line":127,"column":8},"end":{"line":127,"column":58}},"62":{"start":{"line":128,"column":8},"end":{"line":128,"column":88}},"63":{"start":{"line":131,"column":4},"end":{"line":131,"column":138}},"64":{"start":{"line":132,"column":4},"end":{"line":138,"column":5}},"65":{"start":{"line":136,"column":8},"end":{"line":136,"column":46}},"66":{"start":{"line":137,"column":8},"end":{"line":137,"column":135}},"67":{"start":{"line":140,"column":4},"end":{"line":140,"column":86}},"68":{"start":{"line":142,"column":4},"end":{"line":142,"column":28}},"69":{"start":{"line":143,"column":4},"end":{"line":143,"column":45}},"70":{"start":{"line":145,"column":4},"end":{"line":145,"column":62}},"71":{"start":{"line":147,"column":4},"end":{"line":155,"column":5}},"72":{"start":{"line":148,"column":8},"end":{"line":148,"column":104}},"73":{"start":{"line":150,"column":9},"end":{"line":155,"column":5}},"74":{"start":{"line":151,"column":8},"end":{"line":151,"column":34}},"75":{"start":{"line":154,"column":8},"end":{"line":154,"column":85}},"76":{"start":{"line":157,"column":4},"end":{"line":159,"column":5}},"77":{"start":{"line":158,"column":8},"end":{"line":158,"column":52}},"78":{"start":{"line":161,"column":4},"end":{"line":161,"column":39}},"79":{"start":{"line":163,"column":4},"end":{"line":163,"column":29}},"80":{"start":{"line":164,"column":4},"end":{"line":164,"column":36}},"81":{"start":{"line":166,"column":4},"end":{"line":166,"column":22}},"82":{"start":{"line":167,"column":4},"end":{"line":167,"column":18}},"83":{"start":{"line":169,"column":4},"end":{"line":173,"column":6}},"84":{"start":{"line":171,"column":8},"end":{"line":171,"column":27}},"85":{"start":{"line":172,"column":8},"end":{"line":172,"column":72}},"86":{"start":{"line":174,"column":4},"end":{"line":174,"column":31}},"87":{"start":{"line":176,"column":4},"end":{"line":218,"column":6}},"88":{"start":{"line":180,"column":8},"end":{"line":180,"column":42}},"89":{"start":{"line":181,"column":8},"end":{"line":181,"column":89}},"90":{"start":{"line":183,"column":8},"end":{"line":187,"column":9}},"91":{"start":{"line":186,"column":12},"end":{"line":186,"column":41}},"92":{"start":{"line":191,"column":8},"end":{"line":191,"column":22}},"93":{"start":{"line":193,"column":8},"end":{"line":195,"column":9}},"94":{"start":{"line":194,"column":12},"end":{"line":194,"column":87}},"95":{"start":{"line":197,"column":8},"end":{"line":197,"column":44}},"96":{"start":{"line":198,"column":8},"end":{"line":200,"column":9}},"97":{"start":{"line":199,"column":12},"end":{"line":199,"column":96}},"98":{"start":{"line":202,"column":8},"end":{"line":204,"column":9}},"99":{"start":{"line":203,"column":12},"end":{"line":203,"column":55}},"100":{"start":{"line":206,"column":8},"end":{"line":206,"column":89}},"101":{"start":{"line":207,"column":8},"end":{"line":207,"column":60}},"102":{"start":{"line":208,"column":8},"end":{"line":208,"column":48}},"103":{"start":{"line":210,"column":8},"end":{"line":217,"column":11}},"104":{"start":{"line":212,"column":12},"end":{"line":212,"column":108}},"105":{"start":{"line":214,"column":12},"end":{"line":216,"column":13}},"106":{"start":{"line":215,"column":16},"end":{"line":215,"column":70}},"107":{"start":{"line":222,"column":4},"end":{"line":237,"column":6}},"108":{"start":{"line":224,"column":8},"end":{"line":226,"column":9}},"109":{"start":{"line":225,"column":12},"end":{"line":225,"column":24}},"110":{"start":{"line":228,"column":8},"end":{"line":228,"column":51}},"111":{"start":{"line":229,"column":8},"end":{"line":229,"column":45}},"112":{"start":{"line":230,"column":8},"end":{"line":230,"column":37}},"113":{"start":{"line":231,"column":8},"end":{"line":231,"column":32}},"114":{"start":{"line":232,"column":8},"end":{"line":232,"column":61}},"115":{"start":{"line":234,"column":8},"end":{"line":236,"column":9}},"116":{"start":{"line":235,"column":12},"end":{"line":235,"column":38}},"117":{"start":{"line":239,"column":4},"end":{"line":239,"column":41}},"118":{"start":{"line":241,"column":4},"end":{"line":241,"column":37}},"119":{"start":{"line":243,"column":4},"end":{"line":249,"column":5}},"120":{"start":{"line":244,"column":8},"end":{"line":247,"column":28}},"121":{"start":{"line":246,"column":12},"end":{"line":246,"column":77}},"122":{"start":{"line":248,"column":8},"end":{"line":248,"column":31}},"123":{"start":{"line":253,"column":4},"end":{"line":253,"column":29}},"124":{"start":{"line":254,"column":4},"end":{"line":254,"column":24}},"125":{"start":{"line":255,"column":4},"end":{"line":270,"column":6}},"126":{"start":{"line":257,"column":8},"end":{"line":266,"column":9}},"127":{"start":{"line":258,"column":12},"end":{"line":265,"column":15}},"128":{"start":{"line":262,"column":16},"end":{"line":262,"column":58}},"129":{"start":{"line":263,"column":16},"end":{"line":263,"column":42}},"130":{"start":{"line":264,"column":16},"end":{"line":264,"column":34}},"131":{"start":{"line":268,"column":8},"end":{"line":268,"column":23}},"132":{"start":{"line":269,"column":8},"end":{"line":269,"column":32}},"133":{"start":{"line":274,"column":4},"end":{"line":293,"column":5}},"134":{"start":{"line":275,"column":8},"end":{"line":290,"column":9}},"135":{"start":{"line":276,"column":12},"end":{"line":276,"column":41}},"136":{"start":{"line":278,"column":12},"end":{"line":286,"column":13}},"137":{"start":{"line":279,"column":16},"end":{"line":279,"column":44}},"138":{"start":{"line":280,"column":16},"end":{"line":283,"column":19}},"139":{"start":{"line":282,"column":20},"end":{"line":282,"column":49}},"140":{"start":{"line":285,"column":16},"end":{"line":285,"column":57}},"141":{"start":{"line":288,"column":12},"end":{"line":288,"column":29}},"142":{"start":{"line":289,"column":12},"end":{"line":289,"column":23}},"143":{"start":{"line":292,"column":8},"end":{"line":292,"column":35}},"144":{"start":{"line":297,"column":4},"end":{"line":297,"column":14}},"145":{"start":{"line":299,"column":4},"end":{"line":299,"column":15}},"146":{"start":{"line":303,"column":0},"end":{"line":322,"column":2}},"147":{"start":{"line":305,"column":4},"end":{"line":319,"column":5}},"148":{"start":{"line":308,"column":12},"end":{"line":308,"column":26}},"149":{"start":{"line":311,"column":12},"end":{"line":313,"column":13}},"150":{"start":{"line":312,"column":16},"end":{"line":312,"column":29}},"151":{"start":{"line":314,"column":12},"end":{"line":314,"column":18}},"152":{"start":{"line":318,"column":12},"end":{"line":318,"column":26}},"153":{"start":{"line":321,"column":4},"end":{"line":321,"column":16}},"154":{"start":{"line":327,"column":0},"end":{"line":427,"column":2}},"155":{"start":{"line":329,"column":4},"end":{"line":329,"column":103}},"156":{"start":{"line":333,"column":4},"end":{"line":333,"column":42}},"157":{"start":{"line":334,"column":4},"end":{"line":334,"column":31}},"158":{"start":{"line":338,"column":4},"end":{"line":376,"column":6}},"159":{"start":{"line":340,"column":8},"end":{"line":340,"column":38}},"160":{"start":{"line":341,"column":8},"end":{"line":341,"column":54}},"161":{"start":{"line":342,"column":8},"end":{"line":342,"column":56}},"162":{"start":{"line":343,"column":8},"end":{"line":343,"column":48}},"163":{"start":{"line":344,"column":8},"end":{"line":344,"column":48}},"164":{"start":{"line":345,"column":8},"end":{"line":345,"column":37}},"165":{"start":{"line":347,"column":8},"end":{"line":351,"column":9}},"166":{"start":{"line":350,"column":12},"end":{"line":350,"column":41}},"167":{"start":{"line":355,"column":8},"end":{"line":355,"column":19}},"168":{"start":{"line":356,"column":8},"end":{"line":358,"column":9}},"169":{"start":{"line":357,"column":12},"end":{"line":357,"column":40}},"170":{"start":{"line":360,"column":8},"end":{"line":363,"column":9}},"171":{"start":{"line":361,"column":12},"end":{"line":361,"column":54}},"172":{"start":{"line":362,"column":12},"end":{"line":362,"column":53}},"173":{"start":{"line":367,"column":8},"end":{"line":367,"column":79}},"174":{"start":{"line":368,"column":8},"end":{"line":368,"column":68}},"175":{"start":{"line":370,"column":8},"end":{"line":372,"column":9}},"176":{"start":{"line":371,"column":12},"end":{"line":371,"column":42}},"177":{"start":{"line":374,"column":8},"end":{"line":374,"column":50}},"178":{"start":{"line":375,"column":8},"end":{"line":375,"column":49}},"179":{"start":{"line":378,"column":4},"end":{"line":378,"column":41}},"180":{"start":{"line":380,"column":4},"end":{"line":387,"column":5}},"181":{"start":{"line":383,"column":8},"end":{"line":386,"column":26}},"182":{"start":{"line":385,"column":12},"end":{"line":385,"column":45}},"183":{"start":{"line":391,"column":4},"end":{"line":394,"column":6}},"184":{"start":{"line":393,"column":8},"end":{"line":393,"column":70}},"185":{"start":{"line":396,"column":4},"end":{"line":399,"column":6}},"186":{"start":{"line":398,"column":8},"end":{"line":398,"column":78}},"187":{"start":{"line":401,"column":4},"end":{"line":401,"column":34}},"188":{"start":{"line":402,"column":4},"end":{"line":402,"column":34}},"189":{"start":{"line":406,"column":4},"end":{"line":406,"column":64}},"190":{"start":{"line":408,"column":4},"end":{"line":415,"column":6}},"191":{"start":{"line":410,"column":8},"end":{"line":412,"column":9}},"192":{"start":{"line":411,"column":12},"end":{"line":411,"column":26}},"193":{"start":{"line":414,"column":8},"end":{"line":414,"column":31}},"194":{"start":{"line":417,"column":4},"end":{"line":417,"column":40}},"195":{"start":{"line":419,"column":4},"end":{"line":422,"column":6}},"196":{"start":{"line":421,"column":8},"end":{"line":421,"column":50}},"197":{"start":{"line":424,"column":4},"end":{"line":424,"column":42}},"198":{"start":{"line":426,"column":4},"end":{"line":426,"column":21}},"199":{"start":{"line":432,"column":0},"end":{"line":435,"column":2}},"200":{"start":{"line":434,"column":4},"end":{"line":434,"column":42}},"201":{"start":{"line":440,"column":0},"end":{"line":473,"column":2}},"202":{"start":{"line":450,"column":4},"end":{"line":450,"column":173}},"203":{"start":{"line":452,"column":4},"end":{"line":452,"column":22}},"204":{"start":{"line":453,"column":4},"end":{"line":458,"column":7}},"205":{"start":{"line":455,"column":8},"end":{"line":455,"column":31}},"206":{"start":{"line":456,"column":8},"end":{"line":456,"column":56}},"207":{"start":{"line":457,"column":8},"end":{"line":457,"column":18}},"208":{"start":{"line":460,"column":4},"end":{"line":470,"column":5}},"209":{"start":{"line":461,"column":8},"end":{"line":469,"column":23}},"210":{"start":{"line":462,"column":12},"end":{"line":462,"column":59}},"211":{"start":{"line":463,"column":12},"end":{"line":465,"column":13}},"212":{"start":{"line":464,"column":16},"end":{"line":464,"column":28}},"213":{"start":{"line":467,"column":12},"end":{"line":467,"column":39}},"214":{"start":{"line":472,"column":4},"end":{"line":472,"column":35}},"215":{"start":{"line":478,"column":0},"end":{"line":481,"column":2}},"216":{"start":{"line":480,"column":4},"end":{"line":480,"column":61}},"217":{"start":{"line":484,"column":0},"end":{"line":487,"column":2}},"218":{"start":{"line":486,"column":4},"end":{"line":486,"column":62}},"219":{"start":{"line":490,"column":0},"end":{"line":493,"column":2}},"220":{"start":{"line":492,"column":4},"end":{"line":492,"column":63}},"221":{"start":{"line":496,"column":0},"end":{"line":499,"column":2}},"222":{"start":{"line":498,"column":4},"end":{"line":498,"column":61}},"223":{"start":{"line":502,"column":0},"end":{"line":505,"column":2}},"224":{"start":{"line":504,"column":4},"end":{"line":504,"column":64}},"225":{"start":{"line":510,"column":0},"end":{"line":516,"column":2}},"226":{"start":{"line":512,"column":4},"end":{"line":512,"column":77}},"227":{"start":{"line":513,"column":4},"end":{"line":513,"column":88}},"228":{"start":{"line":515,"column":4},"end":{"line":515,"column":58}},"229":{"start":{"line":519,"column":0},"end":{"line":540,"column":2}},"230":{"start":{"line":521,"column":4},"end":{"line":539,"column":7}},"231":{"start":{"line":523,"column":8},"end":{"line":525,"column":9}},"232":{"start":{"line":524,"column":12},"end":{"line":524,"column":33}},"233":{"start":{"line":527,"column":8},"end":{"line":538,"column":11}},"234":{"start":{"line":529,"column":12},"end":{"line":535,"column":13}},"235":{"start":{"line":530,"column":16},"end":{"line":534,"column":20}},"236":{"start":{"line":537,"column":12},"end":{"line":537,"column":47}},"237":{"start":{"line":543,"column":0},"end":{"line":557,"column":2}},"238":{"start":{"line":545,"column":4},"end":{"line":548,"column":6}},"239":{"start":{"line":549,"column":4},"end":{"line":555,"column":5}},"240":{"start":{"line":550,"column":8},"end":{"line":550,"column":51}},"241":{"start":{"line":551,"column":8},"end":{"line":551,"column":27}},"242":{"start":{"line":554,"column":8},"end":{"line":554,"column":25}},"243":{"start":{"line":556,"column":4},"end":{"line":556,"column":18}},"244":{"start":{"line":560,"column":0},"end":{"line":560,"column":40}}},"branchMap":{"1":{"line":25,"type":"binary-expr","locations":[{"start":{"line":25,"column":32},"end":{"line":25,"column":61}},{"start":{"line":25,"column":65},"end":{"line":25,"column":90}}]},"2":{"line":32,"type":"binary-expr","locations":[{"start":{"line":32,"column":15},"end":{"line":32,"column":23}},{"start":{"line":32,"column":27},"end":{"line":32,"column":29}}]},"3":{"line":33,"type":"binary-expr","locations":[{"start":{"line":33,"column":16},"end":{"line":33,"column":32}},{"start":{"line":33,"column":37},"end":{"line":33,"column":58}},{"start":{"line":33,"column":62},"end":{"line":33,"column":82}},{"start":{"line":33,"column":86},"end":{"line":33,"column":124}}]},"4":{"line":38,"type":"binary-expr","locations":[{"start":{"line":38,"column":18},"end":{"line":38,"column":39}},{"start":{"line":38,"column":43},"end":{"line":42,"column":5}}]},"5":{"line":62,"type":"binary-expr","locations":[{"start":{"line":62,"column":16},"end":{"line":62,"column":23}},{"start":{"line":62,"column":28},"end":{"line":62,"column":55}}]},"6":{"line":71,"type":"if","locations":[{"start":{"line":71,"column":4},"end":{"line":71,"column":4}},{"start":{"line":71,"column":4},"end":{"line":71,"column":4}}]},"7":{"line":76,"type":"if","locations":[{"start":{"line":76,"column":4},"end":{"line":76,"column":4}},{"start":{"line":76,"column":4},"end":{"line":76,"column":4}}]},"8":{"line":76,"type":"binary-expr","locations":[{"start":{"line":76,"column":8},"end":{"line":76,"column":23}},{"start":{"line":76,"column":27},"end":{"line":76,"column":46}}]},"9":{"line":91,"type":"binary-expr","locations":[{"start":{"line":91,"column":62},"end":{"line":91,"column":69}},{"start":{"line":91,"column":73},"end":{"line":91,"column":75}}]},"10":{"line":93,"type":"binary-expr","locations":[{"start":{"line":93,"column":16},"end":{"line":93,"column":45}},{"start":{"line":93,"column":49},"end":{"line":93,"column":84}},{"start":{"line":93,"column":88},"end":{"line":93,"column":123}}]},"11":{"line":96,"type":"binary-expr","locations":[{"start":{"line":96,"column":17},"end":{"line":96,"column":44}},{"start":{"line":96,"column":48},"end":{"line":96,"column":70}},{"start":{"line":96,"column":76},"end":{"line":96,"column":123}}]},"12":{"line":99,"type":"binary-expr","locations":[{"start":{"line":99,"column":16},"end":{"line":99,"column":52}},{"start":{"line":99,"column":56},"end":{"line":99,"column":87}},{"start":{"line":99,"column":91},"end":{"line":99,"column":135}}]},"13":{"line":102,"type":"binary-expr","locations":[{"start":{"line":102,"column":16},"end":{"line":102,"column":48}},{"start":{"line":102,"column":52},"end":{"line":102,"column":79}},{"start":{"line":102,"column":83},"end":{"line":102,"column":123}}]},"14":{"line":105,"type":"binary-expr","locations":[{"start":{"line":105,"column":29},"end":{"line":105,"column":51}},{"start":{"line":105,"column":56},"end":{"line":105,"column":139}}]},"15":{"line":107,"type":"if","locations":[{"start":{"line":107,"column":4},"end":{"line":107,"column":4}},{"start":{"line":107,"column":4},"end":{"line":107,"column":4}}]},"16":{"line":114,"type":"if","locations":[{"start":{"line":114,"column":4},"end":{"line":114,"column":4}},{"start":{"line":114,"column":4},"end":{"line":114,"column":4}}]},"17":{"line":120,"type":"binary-expr","locations":[{"start":{"line":120,"column":18},"end":{"line":120,"column":33}},{"start":{"line":120,"column":37},"end":{"line":120,"column":39}}]},"18":{"line":126,"type":"if","locations":[{"start":{"line":126,"column":4},"end":{"line":126,"column":4}},{"start":{"line":126,"column":4},"end":{"line":126,"column":4}}]},"19":{"line":126,"type":"binary-expr","locations":[{"start":{"line":126,"column":8},"end":{"line":126,"column":23}},{"start":{"line":126,"column":27},"end":{"line":126,"column":62}},{"start":{"line":126,"column":66},"end":{"line":126,"column":102}},{"start":{"line":126,"column":106},"end":{"line":126,"column":139}}]},"20":{"line":128,"type":"binary-expr","locations":[{"start":{"line":128,"column":38},"end":{"line":128,"column":65}},{"start":{"line":128,"column":69},"end":{"line":128,"column":87}}]},"21":{"line":131,"type":"binary-expr","locations":[{"start":{"line":131,"column":30},"end":{"line":131,"column":50}},{"start":{"line":131,"column":54},"end":{"line":131,"column":75}},{"start":{"line":131,"column":79},"end":{"line":131,"column":103}},{"start":{"line":131,"column":107},"end":{"line":131,"column":136}}]},"22":{"line":132,"type":"if","locations":[{"start":{"line":132,"column":4},"end":{"line":132,"column":4}},{"start":{"line":132,"column":4},"end":{"line":132,"column":4}}]},"23":{"line":132,"type":"binary-expr","locations":[{"start":{"line":132,"column":8},"end":{"line":132,"column":24}},{"start":{"line":133,"column":9},"end":{"line":133,"column":44}},{"start":{"line":133,"column":48},"end":{"line":133,"column":80}},{"start":{"line":134,"column":9},"end":{"line":134,"column":26}}]},"24":{"line":137,"type":"cond-expr","locations":[{"start":{"line":137,"column":75},"end":{"line":137,"column":97}},{"start":{"line":137,"column":100},"end":{"line":137,"column":134}}]},"25":{"line":140,"type":"cond-expr","locations":[{"start":{"line":140,"column":59},"end":{"line":140,"column":76}},{"start":{"line":140,"column":79},"end":{"line":140,"column":84}}]},"26":{"line":142,"type":"binary-expr","locations":[{"start":{"line":142,"column":14},"end":{"line":142,"column":20}},{"start":{"line":142,"column":24},"end":{"line":142,"column":26}}]},"27":{"line":145,"type":"cond-expr","locations":[{"start":{"line":145,"column":48},"end":{"line":145,"column":53}},{"start":{"line":145,"column":56},"end":{"line":145,"column":60}}]},"28":{"line":147,"type":"if","locations":[{"start":{"line":147,"column":4},"end":{"line":147,"column":4}},{"start":{"line":147,"column":4},"end":{"line":147,"column":4}}]},"29":{"line":147,"type":"binary-expr","locations":[{"start":{"line":147,"column":8},"end":{"line":147,"column":48}},{"start":{"line":147,"column":52},"end":{"line":147,"column":77}}]},"30":{"line":148,"type":"cond-expr","locations":[{"start":{"line":148,"column":49},"end":{"line":148,"column":66}},{"start":{"line":148,"column":69},"end":{"line":148,"column":103}}]},"31":{"line":150,"type":"if","locations":[{"start":{"line":150,"column":9},"end":{"line":150,"column":9}},{"start":{"line":150,"column":9},"end":{"line":150,"column":9}}]},"32":{"line":150,"type":"binary-expr","locations":[{"start":{"line":150,"column":13},"end":{"line":150,"column":26}},{"start":{"line":150,"column":30},"end":{"line":150,"column":53}}]},"33":{"line":154,"type":"cond-expr","locations":[{"start":{"line":154,"column":48},"end":{"line":154,"column":65}},{"start":{"line":154,"column":68},"end":{"line":154,"column":84}}]},"34":{"line":157,"type":"if","locations":[{"start":{"line":157,"column":4},"end":{"line":157,"column":4}},{"start":{"line":157,"column":4},"end":{"line":157,"column":4}}]},"35":{"line":183,"type":"if","locations":[{"start":{"line":183,"column":8},"end":{"line":183,"column":8}},{"start":{"line":183,"column":8},"end":{"line":183,"column":8}}]},"36":{"line":183,"type":"binary-expr","locations":[{"start":{"line":183,"column":12},"end":{"line":183,"column":31}},{"start":{"line":184,"column":12},"end":{"line":184,"column":27}}]},"37":{"line":193,"type":"if","locations":[{"start":{"line":193,"column":8},"end":{"line":193,"column":8}},{"start":{"line":193,"column":8},"end":{"line":193,"column":8}}]},"38":{"line":198,"type":"if","locations":[{"start":{"line":198,"column":8},"end":{"line":198,"column":8}},{"start":{"line":198,"column":8},"end":{"line":198,"column":8}}]},"39":{"line":202,"type":"if","locations":[{"start":{"line":202,"column":8},"end":{"line":202,"column":8}},{"start":{"line":202,"column":8},"end":{"line":202,"column":8}}]},"40":{"line":207,"type":"binary-expr","locations":[{"start":{"line":207,"column":34},"end":{"line":207,"column":40}},{"start":{"line":207,"column":44},"end":{"line":207,"column":59}}]},"41":{"line":214,"type":"if","locations":[{"start":{"line":214,"column":12},"end":{"lin
[...]
            process.nextTick(() => {","","                // Fake an ECONNRESET error","","                const error = new Error('socket hang up');","                error.code = 'ECONNRESET';","                finishOnce(error);","            });","        }","","        aborted = true;","        return _abort.call(req);","    };","","    // Write payload","","    if (payloadSupported) {","        if (options.payload instanceof Stream) {","            let stream = options.payload;","","            if (redirects) {","                const collector = new Tap();","                collector.once('finish', () => {","","                    shadow = collector.collect();","                });","","                stream = options.payload.pipe(collector);","            }","","            stream.pipe(req);","            return req;","        }","","        req.write(options.payload);","    }","","    // Finalize request","","    req.end();","","    return req;","};","","","internals.redirectMethod = function (code, method, options) {","","    switch (code) {","        case 301:","        case 302:","            return method;","","        case 303:","            if (options.redirect303) {","                return 'GET';","            }","            break;","","        case 307:","        case 308:","            return method;","    }","","    return null;","};","","","// read()","","internals.Client.prototype.read = function (res, options, callback) {","","    options = Hoek.applyToDefaultsWithShallow(this._defaults, options || {}, internals.shallowOptions);","","    // Set stream timeout","","    const clientTimeout = options.timeout;","    let clientTimeoutId = null;","","    // Finish once","","    const finish = (err, buffer) => {","","        clearTimeout(clientTimeoutId);","        reader.removeListener('error', onReaderError);","        reader.removeListener('finish', onReaderFinish);","        res.removeListener('error', onResError);","        res.removeListener('close', onResClose);","        res.on('error', Hoek.ignore);","","        if (err ||","            !options.json) {","","            return callback(err, buffer);","        }","","        // Parse JSON","","        let result;","        if (buffer.length === 0) {","            return callback(null, null);","        }","","        if (options.json === 'force') {","            result = internals.tryParseBuffer(buffer);","            return callback(result.err, result.json);","        }","","        // mode is \"smart\" or true","","        const contentType = (res.headers && res.headers['content-type']) || '';","        const mime = contentType.split(';')[0].trim().toLowerCase();","","        if (!internals.jsonRegex.test(mime)) {","            return callback(null, buffer);","        }","","        result = internals.tryParseBuffer(buffer);","        return callback(result.err, result.json);","    };","","    const finishOnce = Hoek.once(finish);","","    if (clientTimeout &&","        clientTimeout > 0) {","","        clientTimeoutId = setTimeout(() => {","","            finishOnce(Boom.clientTimeout());","        }, clientTimeout);","    }","","    // Hander errors","","    const onResError = (err) => {","","        return finishOnce(Boom.internal('Payload stream error', err));","    };","","    const onResClose = () => {","","        return finishOnce(Boom.internal('Payload stream closed prematurely'));","    };","","    res.once('error', onResError);","    res.once('close', onResClose);","","    // Read payload","","    const reader = new Recorder({ maxBytes: options.maxBytes });","","    const onReaderError = (err) => {","","        if (res.destroy) {                          // GZip stream has no destroy() method","            res.destroy();","        }","","        return finishOnce(err);","    };","","    reader.once('error', onReaderError);","","    const onReaderFinish = () => {","","        return finishOnce(null, reader.collect());","    };","","    reader.once('finish', onReaderFinish);","","    res.pipe(reader);","};","","","// toReadableStream()","","internals.Client.prototype.toReadableStream = function (payload, encoding) {","","    return new Payload(payload, encoding);","};","","","// parseCacheControl()","","internals.Client.prototype.parseCacheControl = function (field) {","","    /*","        Cache-Control   = 1#cache-directive","        cache-directive = token [ \"=\" ( token / quoted-string ) ]","        token           = [^\\x00-\\x20\\(\\)<>@\\,;\\:\\\\\"\\/\\[\\]\\?\\=\\{\\}\\x7F]+","        quoted-string   = \"(?:[^\"\\\\]|\\\\.)*\"","    */","","    //                             1: directive                                        =   2: token                                              3: quoted-string","    const regex = /(?:^|(?:\\s*\\,\\s*))([^\\x00-\\x20\\(\\)<>@\\,;\\:\\\\\"\\/\\[\\]\\?\\=\\{\\}\\x7F]+)(?:\\=(?:([^\\x00-\\x20\\(\\)<>@\\,;\\:\\\\\"\\/\\[\\]\\?\\=\\{\\}\\x7F]+)|(?:\\\"((?:[^\"\\\\]|\\\\.)*)\\\")))?/g;","","    const header = {};","    const error = field.replace(regex, ($0, $1, $2, $3) => {","","        const value = $2 || $3;","        header[$1] = value ? value.toLowerCase() : true;","        return '';","    });","","    if (header['max-age']) {","        try {","            const maxAge = parseInt(header['max-age'], 10);","            if (isNaN(maxAge)) {","                return null;","            }","","            header['max-age'] = maxAge;","        }","        catch (err) { }","    }","","    return (error ? null : header);","};","","","// Shortcuts","","internals.Client.prototype.get = function (uri, options, callback) {","","    return this._shortcutWrap('GET', uri, options, callback);","};","","","internals.Client.prototype.post = function (uri, options, callback) {","","    return this._shortcutWrap('POST', uri, options, callback);","};","","","internals.Client.prototype.patch = function (uri, options, callback) {","","    return this._shortcutWrap('PATCH', uri, options, callback);","};","","","internals.Client.prototype.put = function (uri, options, callback) {","","    return this._shortcutWrap('PUT', uri, options, callback);","};","","","internals.Client.prototype.delete = function (uri, options, callback) {","","    return this._shortcutWrap('DELETE', uri, options, callback);","};","","","// Wrapper so that shortcut can be optimized with required params","","internals.Client.prototype._shortcutWrap = function (method, uri /* [options], callback */) {","","    const options = (typeof arguments[2] === 'function' ? {} : arguments[2]);","    const callback = (typeof arguments[2] === 'function' ? arguments[2] : arguments[3]);","","    return this._shortcut(method, uri, options, callback);","};","","","internals.Client.prototype._shortcut = function (method, uri, options, callback) {","","    return this.request(method, uri, options, (err, res) => {","","        if (err) {","            return callback(err);","        }","","        this.read(res, options, (err, payload) => {","","            if (!err && res.statusCode >= 400) {","                return callback(Boom.create(res.statusCode, new Error(`Response Error: ${res.statusMessage}`), {","                    isResponseError: true,","                    headers: res.headers,","                    payload","                }));","            }","","            return callback(err, res, payload);","        });","    });","};","","","internals.tryParseBuffer = function (buffer) {","","    const result = {","        json: null,","        err: null","    };","    try {","        const json = JSON.parse(buffer.toString());","        result.json = json;","    }","    catch (err) {","        result.err = err;","    }","    return result;","};","","","module.exports = new internals.Client();",""],"l":{"5":1,"6":1,"7":1,"8":1,"9":1,"10":1,"11":1,"12":1,"13":1,"14":1,"19":1,"25":1,"30":1,"32":1,"33":1,"36":1,"38":1,"44":1,"47":1,"48":1,"49":1,"51":0,"52":0,"53":0,"57":1,"60":1,"62":0,"64":0,"65":0,"69":1,"71":0,"72":0,"75":0,"76":0,"77":0,"80":0,"81":0,"82":0,"83":0,"85":0,"89":1,"91":0,"93":0,"96":0,"99":0,"102":0,"105":0,"107":0,"108":0,"109":0,"112":0,"114":0,"115":0,"116":0,"119":0,"120":0,"121":0,"123":0,"126":0,"127":0,"128":0,"131":0,"132":0,"136":0,"137":0,"140":0,"142":0,"143":0,"145":0,"147":0,"148":0,"150":0,"151":0,"154":0,"157":0,"158":0,"161":0,"163":0,"164":0,"166":0,"167":0,"169":0,"171":0,"172":0,"174":0,"176":0,"180":0,"181":0,"183":0,"186":0,"191":0,"193":0,"194":0,"197":0,"198":0,"199":0,"202":0,"203":0,"206":0,"207":0,"208":0,"210":0,"212":0,"214":0,"215":0,"222":0,"224":0,"225":0,"228":0,"229":0,"230":0,"231":0,"232":0,"234":0,"235":0,"239":0,"241":0,"243":0,"244":0,"246":0,"248":0,"253":0,"254":0,"255":0,"257":0,"258":0,"262":0,"263":0,"264":0,"268":0,"269":0,"274":0,"275":0,"276":0,"278":0,"279":0,"280":0,"282":0,"285":0,"288":0,"289":0,"292":0,"297":0,"299":0,"303":1,"305":0,"308":0,"311":0,"312":0,"314":0,"318":0,"321":0,"327":1,"329":0,"333":0,"334":0,"338":0,"340":0,"341":0,"342":0,"343":0,"344":0,"345":0,"347":0,"350":0,"355":0,"356":0,"357":0,"360":0,"361":0,"362":0,"367":0,"368":0,"370":0,"371":0,"374":0,"375":0,"378":0,"380":0,"383":0,"385":0,"391":0,"393":0,"396":0,"398":0,"401":0,"402":0,"406":0,"408":0,"410":0,"411":0,"414":0,"417":0,"419":0,"421":0,"424":0,"426":0,"432":1,"434":0,"440":1,"450":0,"452":0,"453":0,"455":0,"456":0,"457":0,"460":0,"461":0,"462":0,"463":0,"464":0,"467":0,"472":0,"478":1,"480":0,"484":1,"486":0,"490":1,"492":0,"496":1,"498":0,"502":1,"504":0,"510":1,"512":0,"513":0,"515":0,"519":1,"521":0,"523":0,"524":0,"527":0,"529":0,"530":0,"537":0,"543":1,"545":0,"549":0,"550":0,"551":0,"554":0,"556":0,"560":1}},"/home/travis/build/npmtest/node-npmtest-wreck/node_modules/wreck/lib/payload.js":{"path":"/home/travis/build/npmtest/node-npmtest-wreck/node_modules/wreck/lib/payload.js","s":{"1":1,"2":1,"3":1,"4":1,"5":0,"6":0,"7":0,"8":0,"9":0,"10":0,"11":0,"12":0,"13":0,"14":0,"15":1,"16":1,"17":0,"18":0,"19":0,"20":0,"21":0},"b":{"1":[0,0],"2":[0,0],"3":[0,0],"4":[0,0]},"f":{"1":0,"2":0},"fnMap":{"1":{"name":"(anonymous_1)","line":14,"loc":{"start":{"line":14,"column":37},"end":{"line":14,"column":66}}},"2":{"name":"(anonymous_2)","line":34,"loc":{"start":{"line":34,"column":36},"end":{"line":34,"column":52}}}},"statementMap":{"1":{"start":{"line":5,"column":0},"end":{"line":5,"column":29}},"2":{"start":{"line":6,"column":0},"end":{"line":6,"column":33}},"3":{"start":{"line":11,"column":0},"end":{"line":11,"column":21}},"4":{"start":{"line":14,"column":0},"end":{"line":29,"column":2}},"5":{"start":{"line":16,"column":4},"end":{"line":16,"column":31}},"6":{"start":{"line":18,"column":4},"end":{"line":18,"column":42}},"7":{"start":{"line":19,"column":4},"end":{"line":19,"column":17}},"8":{"start":{"line":20,"column":4},"end":{"line":24,"column":5}},"9":{"start":{"line":21,"column":8},"end":{"line":21,"column":30}},"10":{"start":{"line":22,"column":8},"end":{"line":22,"column":35}},"11":{"start":{"line":23,"column":8},"end":{"line":23,"column":69}},"12":{"start":{"line":26,"column":4},"end":{"line":26,"column":43}},"13":{"start":{"line":27,"column":4},"end":{"line":27,"column":23}},"14":{"start":{"line":28,"column":4},"end":{"line":28,"column":40}},"15":{"start":{"line":31,"column":0},"end":{"line":31,"column":50}},"16":{"start":{"line":34,"column":0},"end":{"line":43,"column":2}},"17":{"start":{"line":36,"column":4},"end":{"line":36,"column":74}},"18":{"start":{"line":37,"column":4},"end":{"line":37,"column":37}},"19":{"start":{"line":38,"column":4},"end":{"line":38,"column":51}},"20":{"start":{"line":40,"column":4},"end":{"line":42,"column":5}},"21":{"start":{"line":41,"column":8},"end":{"line":41,"column":24}}},"branchMap":{"1":{"line":18,"type":"binary-expr","locations":[{"start":{"line":18,"column":27},"end":{"line":18,"column":34}},{"start":{"line":18,"column":38},"end":{"line":18,"column":40}}]},"2":{"line":23,"type":"cond-expr","locations":[{"start":{"line":23,"column":43},"end":{"line":23,"column":48}},{"start":{"line":23,"column":51},"end":{"line":23,"column":68}}]},"3":{"line":28,"type":"binary-expr","locations":[{"start":{"line":28,"column":21},"end":{"line":28,"column":29}},{"start":{"line":28,"column":33},"end":{"line":28,"column":39}}]},"4":{"line":40,"type":"if","locations":[{"start":{"line":40,"column":4},"end":{"line":40,"column":4}},{"start":{"line":40,"column":4},"end":{"line":40,"column":4}}]}},"code":["'use strict';","","// Load modules","","const Hoek = require('hoek');","const Stream = require('stream');","","","// Declare internals","","const internals = {};","","","module.exports = internals.Payload = function (payload, encoding) {","","    Stream.Readable.call(this);","","    const data = [].concat(payload || '');","    let size = 0;","    for (let i = 0; i < data.length; ++i) {","        const chunk = data[i];","        size = size + chunk.length;","        data[i] = Buffer.isBuffer(chunk) ? chunk : new Buffer(chunk);","    }","","    this._data = Buffer.concat(data, size);","    this._position = 0;","    this._encoding = encoding || 'utf8';","};","","Hoek.inherits(internals.Payload, Stream.Readable);","","","internals.Payload.prototype._read = function (size) {","","    const chunk = this._data.slice(this._position, this._position + size);","    this.push(chunk, this._encoding);","    this._position = this._position + chunk.length;","","    if (this._position >= this._data.length) {","        this.push(null);","    }","};",""],"l":{"5":1,"6":1,"11":1,"14":1,"16":0,"18":0,"19":0,"20":0,"21":0,"22":0,"23":0,"26":0,"27":0,"28":0,"31":1,"34":1,"36":0,"37":0,"38":0,"40":0,"41":0}},"/home/travis/build/npmtest/node-npmtest-wreck/node_modules/wreck/lib/recorder.js":{"path":"/home/travis/build/npmtest/node-npmtest-wreck/node_modules/wreck/lib/recorder.js","s":{"1":1,"2":1,"3":1,"4":1,"5":1,"6":0,"7":0,"8":0,"9":0,"10":1,"11":1,"12":0,"13":0,"14":0,"15":0,"16":0,"17":1,"18":0,"19":0},"b":{"1":[0,0],"2":[0,0],"3":[0,0],"4":[0,0]},"f":{"1":0,"2":0,"3":0},"fnMap":{"1":{"name":"(anonymous_1)","line":15,"loc":{"start":{"line":15,"column":38},"end":{"line":15,"column":57}}},"2":{"name":"(anonymous_2)","line":27,"loc":{"start":{"line":27,"column":38},"end":{"line":27,"column":71}}},"3":{"name":"(anonymous_3)","line":41,"loc":{"start":{"line":41,"column":39},"end":{"line":41,"column":51}}}},"statementMap":{"1":{"start":{"line":5,"column":0},"end":{"line":5,"column":29}},"2":{"start":{"line":6,"column":0},"end":{"line":6,"column":29}},"3":{"start":{"line":7,"column":0},"end":{"line":7,"column":33}},"4":{"start":{"line":12,"column":0},"end":{"line":12,"column":21}},"5":{"start":{"line":15,"column":0},"end":{"line":22,"column":2}},"6":{"start":{"line":17,"column":4},"end":{"line":17,"column":31}},"7":{"start":{"line":19,"column":4},"end":{"line":19,"column":28}},"8":{"start":{"line":20,"column":4},"end":{"line":20,"column":22}},"9":{"start":{"line":21,"column":4},"end":{"line":21,"column":20}},"10":{"start":{"line":24,"column":0},"end":{"line":24,"column":51}},"11":{"start":{"line":27,"column":0},"end":{"line":38,"column":2}},"12":{"start":{"line":29,"column":4},"end":{"line":33,"column":5}},"13":{"start":{"line":32,"column":8},"end":{"line":32,"column":133}},"14":{"start":{"line":35,"column":4},"end":{"line":35,"column":45}},"15":{"start":{"line":36,"column":4},"end":{"line":36,"column":29}},"16":{"start":{"line":37,"column":4},"end":{"line":37,"column":11}},"17":{"start":{"line":41,"column":0},"end":{"line":45,"column":2}},"18":{"start":{"line":43,"column":4},"end":{"line":43,"column":154}},"19":{"start":{"line":44,"column":4},"end":{"line":44,"column":18}}},"branchMap":{"1":{"line":29,"type":"if","locations":[{"start":{"line":29,"column":4},"end":{"line":29,"column":4}},{"start":{"line":29,"column":4},"end":{"line":29,"column":4}}]},"2":{"line":29,"type":"binary-expr","locations":[{"start":{"line":29,"column":8},"end":{"line":29,"column":30}},{"start":{"line":30,"column":8},"end":{"line":30,"column":59}}]},"3":{"line":43,"type":"cond-expr","locations":[{"start":{"line":43,"column":48},"end":{"line":43,"column":61}},{"start":{"line":43,"column":65},"end":{"line":43,"column":151}}]},"4":{"line":43,"type":"cond-expr","locations":[{"start":{"line":43,"column":93},"end":{"line":43,"column":108}},{"start":{"line":43,"column":111},"end":{"line":43,"column":151}}]}},"code":["'use strict';","","// Load modules","","const Boom = require('boom');","const Hoek = require('hoek');","const Stream = require('stream');","","","// Declare internals","","const internals = {};","","","module.exports = internals.Recorder = function (options) {","","    Stream.Writable.call(this);","","    this.settings = options;                // No need to clone since called internally with new object","    this.buffers = [];","    this.length = 0;","};","","Hoek.inherits(internals.Recorder, Stream.Writable);","","","internals.Recorder.prototype._write = function (chunk, encoding, next) {","","    if (this.settings.maxBytes &&","        this.length + chunk.length > this.settings.maxBytes) {","","        return this.emit('error', Boom.badRequest('Payload content length greater than maximum allowed: ' + this.settings.maxBytes));","    }","","    this.length = this.length + chunk.length;","    this.buffers.push(chunk);","    next();","};","","","internals.Recorder.prototype.collect = function () {","","    const buffer = (this.buffers.length === 0 ? new Buffer(0) : (this.buffers.length === 1 ? this.buffers[0] : Buffer.concat(this.buffers, this.length)));","    return buffer;","};",""],"l":{"5":1,"6":1,"7":1,"12":1,"15":1,"17":0,"19":0,"20":0,"21":0,"24":1,"27":1,"29":0,"32":0,"35":0,"36":0,"37":0,"41":1,"43":0,"44":0}},"/home/travis/build/npmtest/node-npmtest-wreck/node_modules/wreck/lib/tap.js":{"path":"/home/travis/build/npmtest/node-npmtest-wreck/node_modules/wreck/lib/tap.js","s":{"1":1,"2":1,"3":1,"4":1,"5":1,"6":0,"7":0,"8":1,"9":1,"10":0,"11":0,"12":1,"13":0},"b":{},"f":{"1":0,"2":0,"3":0},"fnMap":{"1":{"name":"(anonymous_1)","line":15,"loc":{"start":{"line":15,"column":33},"end":{"line":15,"column":45}}},"2":{"name":"(anonymous_2)","line":24,"loc":{"start":{"line":24,"column":37},"end":{"line":24,"column":70}}},"3":{"name":"(anonymous_3)","line":31,"loc":{"start":{"line":31,"column":34},"end":{"line":31,"column":46}}}},"statementMap":{"1":{"start":{"line":5,"column":0},"end":{"line":5,"column":29}},"2":{"start":{"line":6,"column":0},"end":{"line":6,"column":33}},"3":{"start":{"line":7,"column":0},"end":{"line":7,"column":37}},"4":{"start":{"line":12,"column":0},"end":{"line":12,"column":21}},"5":{"start":{"line":15,"column":0},"end":{"line":19,"column":2}},"6":{"start":{"line":17,"column":4},"end":{"line":17,"column":32}},"7":{"start":{"line":18,"column":4},"end":{"line":18,"column":22}},"8":{"start":{"line":21,"column":0},"end":{"line":21,"column":47}},"9":{"start":{"line":24,"column":0},"end":{"line":28,"column":2}},"10":{"start":{"line":26,"column":4},"end":{"line":26,"column":29}},"11":{"start":{"line":27,"column":4},"end":{"line":27,"column":22}},"12":{"start":{"line":31,"column":0},"end":{"line":34,"column":2}},"13":{"start":{"line":33,"column":4},"end":{"line":33,"column":37}}},"branchMap":{},"code":["'use strict';","","// Load modules","","const Hoek = require('hoek');","const Stream = require('stream');","const Payload = require('./payload');","","","// Declare internals","","const internals = {};","","","module.exports = internals.Tap = function () {","","    Stream.Transform.call(this);","    this.buffers = [];","};","","Hoek.inherits(internals.Tap, Stream.Transform);","","","internals.Tap.prototype._transform = function (chunk, encoding, next) {","","    this.buffers.push(chunk);","    next(null, chunk);","};","","","internals.Tap.prototype.collect = function () {","","    return new Payload(this.buffers);","};",""],"l":{"5":1,"6":1,"7":1,"12":1,"15":1,"17":0,"18":0,"21":1,"24":1,"26":0,"27":0,"31":1,"33":0}}}