{"/home/travis/build/npmtest/node-npmtest-wreck/test.js":{"path":"/home/travis/build/npmtest/node-npmtest-wreck/test.js","s":{"1":2,"2":2,"3":2,"4":2,"5":2,"6":2,"7":2,"8":1,"9":2,"10":2,"11":1,"12":1,"13":1,"14":1,"15":2,"16":2,"17":2,"18":2,"19":1,"20":1,"21":2,"22":2,"23":2,"24":1,"25":1,"26":1,"27":1,"28":1,"29":1,"30":1,"31":1,"32":1,"33":1,"34":1,"35":1,"36":1,"37":1,"38":1,"39":2,"40":2,"41":1,"42":2,"43":2,"44":1,"45":2,"46":2,"47":1,"48":2,"49":2,"50":1,"51":1,"52":1,"53":1,"54":1},"b":{"1":[2,1,1,1],"2":[1,1,1,1],"3":[1,1],"4":[1,1],"5":[1,1],"6":[1,1],"7":[1,1],"8":[1,1],"9":[1,1],"10":[1,1,1],"11":[1,1],"12":[1,1],"13":[1,1],"14":[1,1],"15":[1,1],"16":[1,1],"17":[1,1]},"f":{"1":2,"2":2,"3":2,"4":2,"5":2,"6":1,"7":1,"8":1,"9":2,"10":2,"11":2,"12":2,"13":1},"fnMap":{"1":{"name":"(anonymous_1)","line":12,"loc":{"start":{"line":12,"column":1},"end":{"line":12,"column":13}}},"2":{"name":"(anonymous_2)","line":19,"loc":{"start":{"line":19,"column":5},"end":{"line":19,"column":17}}},"3":{"name":"(anonymous_3)","line":23,"loc":{"start":{"line":23,"column":24},"end":{"line":23,"column":36}}},"4":{"name":"(anonymous_4)","line":61,"loc":{"start":{"line":61,"column":5},"end":{"line":61,"column":17}}},"5":{"name":"(anonymous_5)","line":82,"loc":{"start":{"line":82,"column":5},"end":{"line":82,"column":17}}},"6":{"name":"(anonymous_6)","line":91,"loc":{"start":{"line":91,"column":77},"end":{"line":94,"column":10}}},"7":{"name":"(anonymous_7)","line":112,"loc":{"start":{"line":112,"column":83},"end":{"line":115,"column":10}},"skip":true},"8":{"name":"(anonymous_8)","line":123,"loc":{"start":{"line":123,"column":77},"end":{"line":126,"column":10}},"skip":true},"9":{"name":"(anonymous_9)","line":139,"loc":{"start":{"line":139,"column":12},"end":{"line":139,"column":40}},"skip":true},"10":{"name":"(anonymous_10)","line":147,"loc":{"start":{"line":147,"column":77},"end":{"line":150,"column":10}},"skip":true},"11":{"name":"(anonymous_11)","line":158,"loc":{"start":{"line":158,"column":83},"end":{"line":161,"column":10}},"skip":true},"12":{"name":"(anonymous_12)","line":169,"loc":{"start":{"line":169,"column":79},"end":{"line":172,"column":10}},"skip":true},"13":{"name":"(anonymous_13)","line":180,"loc":{"start":{"line":180,"column":75},"end":{"line":183,"column":10}},"skip":true}},"statementMap":{"1":{"start":{"line":12,"column":0},"end":{"line":195,"column":5}},"2":{"start":{"line":14,"column":4},"end":{"line":14,"column":14}},"3":{"start":{"line":19,"column":4},"end":{"line":56,"column":9}},"4":{"start":{"line":21,"column":8},"end":{"line":21,"column":19}},"5":{"start":{"line":23,"column":8},"end":{"line":35,"column":13}},"6":{"start":{"line":24,"column":12},"end":{"line":34,"column":13}},"7":{"start":{"line":25,"column":16},"end":{"line":28,"column":30}},"8":{"start":{"line":30,"column":16},"end":{"line":33,"column":27}},"9":{"start":{"line":37,"column":8},"end":{"line":39,"column":21}},"10":{"start":{"line":40,"column":8},"end":{"line":53,"column":9}},"11":{"start":{"line":43,"column":12},"end":{"line":46,"column":14}},"12":{"start":{"line":47,"column":12},"end":{"line":47,"column":18}},"13":{"start":{"line":50,"column":12},"end":{"line":51,"column":46}},"14":{"start":{"line":52,"column":12},"end":{"line":52,"column":18}},"15":{"start":{"line":55,"column":8},"end":{"line":55,"column":35}},"16":{"start":{"line":61,"column":4},"end":{"line":63,"column":9}},"17":{"start":{"line":62,"column":8},"end":{"line":62,"column":15}},"18":{"start":{"line":64,"column":4},"end":{"line":77,"column":5}},"19":{"start":{"line":70,"column":8},"end":{"line":70,"column":14}},"20":{"start":{"line":76,"column":8},"end":{"line":76,"column":14}},"21":{"start":{"line":82,"column":4},"end":{"line":84,"column":9}},"22":{"start":{"line":83,"column":8},"end":{"line":83,"column":15}},"23":{"start":{"line":85,"column":4},"end":{"line":194,"column":5}},"24":{"start":{"line":91,"column":8},"end":{"line":99,"column":10}},"25":{"start":{"line":98,"column":12},"end":{"line":98,"column":35}},"26":{"start":{"line":102,"column":8},"end":{"line":104,"column":63}},"27":{"start":{"line":105,"column":8},"end":{"line":105,"column":14}},"28":{"start":{"line":112,"column":8},"end":{"line":121,"column":10},"skip":true},"29":{"start":{"line":119,"column":12},"end":{"line":119,"column":55},"skip":true},"30":{"start":{"line":120,"column":12},"end":{"line":120,"column":48},"skip":true},"31":{"start":{"line":123,"column":8},"end":{"line":136,"column":10},"skip":true},"32":{"start":{"line":130,"column":12},"end":{"line":130,"column":76},"skip":true},"33":{"start":{"line":131,"column":12},"end":{"line":131,"column":73},"skip":true},"34":{"start":{"line":132,"column":12},"end":{"line":132,"column":74},"skip":true},"35":{"start":{"line":133,"column":12},"end":{"line":133,"column":79},"skip":true},"36":{"start":{"line":134,"column":12},"end":{"line":134,"column":25},"skip":true},"37":{"start":{"line":135,"column":12},"end":{"line":135,"column":45},"skip":true},"38":{"start":{"line":138,"column":8},"end":{"line":145,"column":14},"skip":true},"39":{"start":{"line":143,"column":16},"end":{"line":143,"column":29},"skip":true},"40":{"start":{"line":144,"column":16},"end":{"line":144,"column":55},"skip":true},"41":{"start":{"line":147,"column":8},"end":{"line":156,"column":10},"skip":true},"42":{"start":{"line":154,"column":12},"end":{"line":154,"column":25},"skip":true},"43":{"start":{"line":155,"column":12},"end":{"line":155,"column":45},"skip":true},"44":{"start":{"line":158,"column":8},"end":{"line":167,"column":10},"skip":true},"45":{"start":{"line":165,"column":12},"end":{"line":165,"column":25},"skip":true},"46":{"start":{"line":166,"column":12},"end":{"line":166,"column":48},"skip":true},"47":{"start":{"line":169,"column":8},"end":{"line":178,"column":10},"skip":true},"48":{"start":{"line":176,"column":12},"end":{"line":176,"column":25},"skip":true},"49":{"start":{"line":177,"column":12},"end":{"line":177,"column":46},"skip":true},"50":{"start":{"line":180,"column":8},"end":{"line":189,"column":10},"skip":true},"51":{"start":{"line":187,"column":12},"end":{"line":187,"column":94},"skip":true},"52":{"start":{"line":188,"column":12},"end":{"line":188,"column":48},"skip":true},"53":{"start":{"line":192,"column":8},"end":{"line":192,"column":35},"skip":true},"54":{"start":{"line":193,"column":8},"end":{"line":193,"column":14},"skip":true}},"branchMap":{"1":{"line":25,"type":"binary-expr","locations":[{"start":{"line":25,"column":23},"end":{"line":25,"column":62}},{"start":{"line":26,"column":20},"end":{"line":26,"column":70}},{"start":{"line":27,"column":20},"end":{"line":27,"column":71}},{"start":{"line":28,"column":20},"end":{"line":28,"column":29}}]},"2":{"line":30,"type":"binary-expr","locations":[{"start":{"line":30,"column":23},"end":{"line":30,"column":37}},{"start":{"line":31,"column":20},"end":{"line":31,"column":61}},{"start":{"line":32,"column":20},"end":{"line":32,"column":70}},{"start":{"line":33,"column":20},"end":{"line":33,"column":26}}]},"3":{"line":37,"type":"cond-expr","locations":[{"start":{"line":38,"column":14},"end":{"line":38,"column":20}},{"start":{"line":39,"column":14},"end":{"line":39,"column":20}}]},"4":{"line":40,"type":"switch","locations":[{"start":{"line":42,"column":8},"end":{"line":47,"column":18}},{"start":{"line":49,"column":8},"end":{"line":52,"column":18}}]},"5":{"line":44,"type":"binary-expr","locations":[{"start":{"line":44,"column":16},"end":{"line":44,"column":44}},{"start":{"line":44,"column":48},"end":{"line":44,"column":66}}]},"6":{"line":50,"type":"binary-expr","locations":[{"start":{"line":50,"column":21},"end":{"line":50,"column":49}},{"start":{"line":50,"column":53},"end":{"line":50,"column":72}}]},"7":{"line":64,"type":"switch","locations":[{"start":{"line":69,"column":4},"end":{"line":70,"column":14}},{"start":{"line":75,"column":4},"end":{"line":76,"column":14}}]},"8":{"line":85,"type":"switch","locations":[{"start":{"line":90,"column":4},"end":{"line":105,"column":14}},{"start":{"line":111,"column":4},"end":{"line":193,"column":14},"skip":true}]},"9":{"line":91,"type":"binary-expr","locations":[{"start":{"line":91,"column":42},"end":{"line":91,"column":73}},{"start":{"line":91,"column":77},"end":{"line":99,"column":9}}]},"10":{"line":102,"type":"binary-expr","locations":[{"start":{"line":102,"column":18},"end":{"line":102,"column":32}},{"start":{"line":103,"column":12},"end":{"line":103,"column":53}},{"start":{"line":104,"column":12},"end":{"line":104,"column":61}}]},"11":{"line":112,"type":"binary-expr","locations":[{"start":{"line":112,"column":45},"end":{"line":112,"column":79},"skip":true},{"start":{"line":112,"column":83},"end":{"line":121,"column":9},"skip":true}]},"12":{"line":123,"type":"binary-expr","locations":[{"start":{"line":123,"column":42},"end":{"line":123,"column":73},"skip":true},{"start":{"line":123,"column":77},"end":{"line":136,"column":9},"skip":true}]},"13":{"line":138,"type":"binary-expr","locations":[{"start":{"line":138,"column":48},"end":{"line":138,"column":85},"skip":true},{"start":{"line":139,"column":12},"end":{"line":145,"column":13},"skip":true}]},"14":{"line":147,"type":"binary-expr","locations":[{"start":{"line":147,"column":42},"end":{"line":147,"column":73},"skip":true},{"start":{"line":147,"column":77},"end":{"line":156,"column":9},"skip":true}]},"15":{"line":158,"type":"binary-expr","locations":[{"start":{"line":158,"column":45},"end":{"line":158,"column":79},"skip":true},{"start":{"line":158,"column":83},"end":{"line":167,"column":9},"skip":true}]},"16":{"line":169,"type":"binary-expr","locations":[{"start":{"line":169,"column":43},"end":{"line":169,"column":75},"skip":true},{"start":{"line":169,"column":79},"end":{"line":178,"column":9},"skip":true}]},"17":{"line":180,"type":"binary-expr","locations":[{"start":{"line":180,"column":41},"end":{"line":180,"column":71},"skip":true},{"start":{"line":180,"column":75},"end":{"line":189,"column":9},"skip":true}]}},"code":["/* istanbul instrument in package npmtest_wreck */","/*jslint","    bitwise: true,","    browser: true,","    maxerr: 8,","    maxlen: 96,","    node: true,","    nomen: true,","    regexp: true,","    stupid: true","*/","(function () {","    'use strict';","    var local;","","","","    // run shared js-env code - pre-init","    (function () {","        // init local","        local = {};","        // init modeJs","        local.modeJs = (function () {","            try {","                return typeof navigator.userAgent === 'string' &&","                    typeof document.querySelector('body') === 'object' &&","                    typeof XMLHttpRequest.prototype.open === 'function' &&","                    'browser';","            } catch (errorCaughtBrowser) {","                return module.exports &&","                    typeof process.versions.node === 'string' &&","                    typeof require('http').createServer === 'function' &&","                    'node';","            }","        }());","        // init global","        local.global = local.modeJs === 'browser'","            ? window","            : global;","        switch (local.modeJs) {","        // re-init local from window.local","        case 'browser':","            local = local.global.utility2.objectSetDefault(","                local.global.utility2_rollup || local.global.local,","                local.global.utility2","            );","            break;","        // re-init local from example.js","        case 'node':","            local = (local.global.utility2_rollup || require('utility2'))","                .requireExampleJsFromReadme();","            break;","        }","        // export local","        local.global.local = local;","    }());","","","","    // run shared js-env code - function","    (function () {","        return;","    }());","    switch (local.modeJs) {","","","","    // run browser js-env code - function","    case 'browser':","        break;","","","","    // run node js-env code - function","    case 'node':","        break;","    }","","","","    // run shared js-env code - post-init","    (function () {","        return;","    }());","    switch (local.modeJs) {","","","","    // run browser js-env code - post-init","    case 'browser':","        local.testCase_browser_nullCase = local.testCase_browser_nullCase || function (","            options,","            onError","        ) {","        /*","         * this function will test browsers's null-case handling-behavior-behavior","         */","            onError(null, options);","        };","","        // run tests","        local.nop(local.modeTest &&","            document.querySelector('#testRunButton1') &&","            document.querySelector('#testRunButton1').click());","        break;","","","","    // run node js-env code - post-init","    /* istanbul ignore next */","    case 'node':","        local.testCase_buildApidoc_default = local.testCase_buildApidoc_default || function (","            options,","            onError","        ) {","        /*","         * this function will test buildApidoc's default handling-behavior-behavior","         */","            options = { modulePathList: module.paths };","            local.buildApidoc(options, onError);","        };","","        local.testCase_buildApp_default = local.testCase_buildApp_default || function (","            options,","            onError","        ) {","        /*","         * this function will test buildApp's default handling-behavior-behavior","         */","            local.testCase_buildReadme_default(options, local.onErrorThrow);","            local.testCase_buildLib_default(options, local.onErrorThrow);","            local.testCase_buildTest_default(options, local.onErrorThrow);","            local.testCase_buildCustomOrg_default(options, local.onErrorThrow);","            options = [];","            local.buildApp(options, onError);","        };","","        local.testCase_buildCustomOrg_default = local.testCase_buildCustomOrg_default ||","            function (options, onError) {","            /*","             * this function will test buildCustomOrg's default handling-behavior","             */","                options = {};","                local.buildCustomOrg(options, onError);","            };","","        local.testCase_buildLib_default = local.testCase_buildLib_default || function (","            options,","            onError","        ) {","        /*","         * this function will test buildLib's default handling-behavior","         */","            options = {};","            local.buildLib(options, onError);","        };","","        local.testCase_buildReadme_default = local.testCase_buildReadme_default || function (","            options,","            onError","        ) {","        /*","         * this function will test buildReadme's default handling-behavior-behavior","         */","            options = {};","            local.buildReadme(options, onError);","        };","","        local.testCase_buildTest_default = local.testCase_buildTest_default || function (","            options,","            onError","        ) {","        /*","         * this function will test buildTest's default handling-behavior","         */","            options = {};","            local.buildTest(options, onError);","        };","","        local.testCase_webpage_default = local.testCase_webpage_default || function (","            options,","            onError","        ) {","        /*","         * this function will test webpage's default handling-behavior","         */","            options = { modeCoverageMerge: true, url: local.serverLocalHost + '?modeTest=1' };","            local.browserTest(options, onError);","        };","","        // run test-server","        local.testRunServer(local);","        break;","    }","}());",""],"l":{"12":2,"14":2,"19":2,"21":2,"23":2,"24":2,"25":2,"30":1,"37":2,"40":2,"43":1,"47":1,"50":1,"52":1,"55":2,"61":2,"62":2,"64":2,"70":1,"76":1,"82":2,"83":2,"85":2,"91":1,"98":1,"102":1,"105":1,"112":1,"119":1,"120":1,"123":1,"130":1,"131":1,"132":1,"133":1,"134":1,"135":1,"138":1,"143":2,"144":2,"147":1,"154":2,"155":2,"158":1,"165":2,"166":2,"169":1,"176":2,"177":2,"180":1,"187":1,"188":1,"192":1,"193":1}},"/home/travis/build/npmtest/node-npmtest-wreck/lib.npmtest_wreck.js":{"path":"/home/travis/build/npmtest/node-npmtest-wreck/lib.npmtest_wreck.js","s":{"1":2,"2":2,"3":2,"4":2,"5":2,"6":2,"7":2,"8":1,"9":2,"10":2,"11":2,"12":2,"13":1,"14":1,"15":1,"16":1},"b":{"1":[2,1,1,1],"2":[1,1,1,1],"3":[1,1],"4":[2,2],"5":[1,1]},"f":{"1":2,"2":2,"3":2},"fnMap":{"1":{"name":"(anonymous_1)","line":12,"loc":{"start":{"line":12,"column":1},"end":{"line":12,"column":13}}},"2":{"name":"(anonymous_2)","line":19,"loc":{"start":{"line":19,"column":5},"end":{"line":19,"column":17}}},"3":{"name":"(anonymous_3)","line":23,"loc":{"start":{"line":23,"column":24},"end":{"line":23,"column":36}}}},"statementMap":{"1":{"start":{"line":12,"column":0},"end":{"line":53,"column":5}},"2":{"start":{"line":14,"column":4},"end":{"line":14,"column":14}},"3":{"start":{"line":19,"column":4},"end":{"line":52,"column":9}},"4":{"start":{"line":21,"column":8},"end":{"line":21,"column":19}},"5":{"start":{"line":23,"column":8},"end":{"line":35,"column":13}},"6":{"start":{"line":24,"column":12},"end":{"line":34,"column":13}},"7":{"start":{"line":25,"column":16},"end":{"line":28,"column":30}},"8":{"start":{"line":30,"column":16},"end":{"line":33,"column":27}},"9":{"start":{"line":37,"column":8},"end":{"line":39,"column":21}},"10":{"start":{"line":41,"column":8},"end":{"line":41,"column":54}},"11":{"start":{"line":43,"column":8},"end":{"line":43,"column":50}},"12":{"start":{"line":45,"column":8},"end":{"line":51,"column":9}},"13":{"start":{"line":46,"column":12},"end":{"line":46,"column":56}},"14":{"start":{"line":48,"column":12},"end":{"line":48,"column":35}},"15":{"start":{"line":49,"column":12},"end":{"line":49,"column":49}},"16":{"start":{"line":50,"column":12},"end":{"line":50,"column":43}}},"branchMap":{"1":{"line":25,"type":"binary-expr","locations":[{"start":{"line":25,"column":23},"end":{"line":25,"column":62}},{"start":{"line":26,"column":20},"end":{"line":26,"column":70}},{"start":{"line":27,"column":20},"end":{"line":27,"column":71}},{"start":{"line":28,"column":20},"end":{"line":28,"column":29}}]},"2":{"line":30,"type":"binary-expr","locations":[{"start":{"line":30,"column":23},"end":{"line":30,"column":37}},{"start":{"line":31,"column":20},"end":{"line":31,"column":61}},{"start":{"line":32,"column":20},"end":{"line":32,"column":70}},{"start":{"line":33,"column":20},"end":{"line":33,"column":26}}]},"3":{"line":37,"type":"cond-expr","locations":[{"start":{"line":38,"column":14},"end":{"line":38,"column":20}},{"start":{"line":39,"column":14},"end":{"line":39,"column":20}}]},"4":{"line":41,"type":"binary-expr","locations":[{"start":{"line":41,"column":16},"end":{"line":41,"column":44}},{"start":{"line":41,"column":48},"end":{"line":41,"column":53}}]},"5":{"line":45,"type":"if","locations":[{"start":{"line":45,"column":8},"end":{"line":45,"column":8}},{"start":{"line":45,"column":8},"end":{"line":45,"column":8}}]}},"code":["/* istanbul instrument in package npmtest_wreck */","/*jslint","    bitwise: true,","    browser: true,","    maxerr: 8,","    maxlen: 96,","    node: true,","    nomen: true,","    regexp: true,","    stupid: true","*/","(function () {","    'use strict';","    var local;","","","","    // run shared js-env code - pre-init","    (function () {","        // init local","        local = {};","        // init modeJs","        local.modeJs = (function () {","            try {","                return typeof navigator.userAgent === 'string' &&","                    typeof document.querySelector('body') === 'object' &&","                    typeof XMLHttpRequest.prototype.open === 'function' &&","                    'browser';","            } catch (errorCaughtBrowser) {","                return module.exports &&","                    typeof process.versions.node === 'string' &&","                    typeof require('http').createServer === 'function' &&","                    'node';","            }","        }());","        // init global","        local.global = local.modeJs === 'browser'","            ? window","            : global;","        // init utility2_rollup","        local = local.global.utility2_rollup || local;","        // init lib","        local.local = local.npmtest_wreck = local;","        // init exports","        if (local.modeJs === 'browser') {","            local.global.utility2_npmtest_wreck = local;","        } else {","            module.exports = local;","            module.exports.__dirname = __dirname;","            module.exports.module = module;","        }","    }());","}());",""],"l":{"12":2,"14":2,"19":2,"21":2,"23":2,"24":2,"25":2,"30":1,"37":2,"41":2,"43":2,"45":2,"46":1,"48":1,"49":1,"50":1}},"/home/travis/build/npmtest/node-npmtest-wreck/example.js":{"path":"/home/travis/build/npmtest/node-npmtest-wreck/example.js","s":{"1":2,"2":2,"3":2,"4":2,"5":2,"6":2,"7":2,"8":1,"9":2,"10":2,"11":2,"12":2,"13":1,"14":2,"15":2,"16":2,"17":2,"18":2,"19":0,"20":2,"21":1,"22":1,"23":1,"24":1,"25":1,"26":0,"27":0,"28":1,"29":1,"30":2,"31":0,"32":0,"33":0,"34":1,"35":2,"36":2,"37":3,"38":3,"39":3,"40":3,"41":0,"42":3,"43":3,"44":3,"45":1,"46":3,"47":1,"48":1,"49":1,"50":1,"51":1,"52":1,"53":1,"54":1,"55":1,"56":1,"57":0,"58":1,"59":6,"60":6,"61":1,"62":2,"63":0,"64":2,"65":1,"66":1,"67":0,"68":0,"69":0,"70":0,"71":0,"72":0,"73":0,"74":0,"75":0,"76":0,"77":0,"78":0,"79":0,"80":0,"81":0,"82":0,"83":0},"b":{"1":[2,1,1,1],"2":[1,1,1,1],"3":[1,1],"4":[2,2],"5":[1,1],"6":[1,1],"7":[2,0],"8":[2,1,1,1,1,1],"9":[0,2,0],"10":[1,1],"11":[2,1,1],"12":[1,0],"13":[0,2],"14":[2,0,0,0,0,0,0],"15":[0,3],"16":[3,0],"17":[1,1],"18":[0,1],"19":[1,2,0,2],"20":[1,0],"21":[1,1],"22":[0,0],"23":[0,0],"24":[0,0],"25":[0,0],"26":[0,0],"27":[0,0],"28":[0,0]},"f":{"1":2,"2":2,"3":2,"4":2,"5":2,"6":2,"7":3,"8":3,"9":3,"10":1,"11":6,"12":0},"fnMap":{"1":{"name":"(anonymous_1)","line":26,"loc":{"start":{"line":26,"column":1},"end":{"line":26,"column":13}}},"2":{"name":"(anonymous_2)","line":33,"loc":{"start":{"line":33,"column":5},"end":{"line":33,"column":17}}},"3":{"name":"(anonymous_3)","line":37,"loc":{"start":{"line":37,"column":24},"end":{"line":37,"column":36}}},"4":{"name":"(anonymous_4)","line":69,"loc":{"start":{"line":69,"column":31},"end":{"line":69,"column":48}},"skip":true},"5":{"name":"(anonymous_5)","line":78,"loc":{"start":{"line":78,"column":26},"end":{"line":78,"column":45}},"skip":true},"6":{"name":"(anonymous_6)","line":123,"loc":{"start":{"line":123,"column":33},"end":{"line":123,"column":48}},"skip":true},"7":{"name":"(anonymous_7)","line":125,"loc":{"start":{"line":125,"column":27},"end":{"line":125,"column":39}},"skip":true},"8":{"name":"(anonymous_8)","line":133,"loc":{"start":{"line":133,"column":59},"end":{"line":133,"column":74}},"skip":true},"9":{"name":"(anonymous_9)","line":143,"loc":{"start":{"line":143,"column":45},"end":{"line":143,"column":62}},"skip":true},"10":{"name":"(anonymous_10)","line":144,"loc":{"start":{"line":144,"column":73},"end":{"line":144,"column":92}},"skip":true},"11":{"name":"(anonymous_11)","line":272,"loc":{"start":{"line":272,"column":51},"end":{"line":272,"column":77}},"skip":true},"12":{"name":"(anonymous_12)","line":315,"loc":{"start":{"line":315,"column":32},"end":{"line":315,"column":61}},"skip":true}},"statementMap":{"1":{"start":{"line":26,"column":0},"end":{"line":326,"column":5}},"2":{"start":{"line":28,"column":4},"end":{"line":28,"column":14}},"3":{"start":{"line":33,"column":4},"end":{"line":60,"column":9}},"4":{"start":{"line":35,"column":8},"end":{"line":35,"column":19}},"5":{"start":{"line":37,"column":8},"end":{"line":49,"column":13}},"6":{"start":{"line":38,"column":12},"end":{"line":48,"column":13}},"7":{"start":{"line":39,"column":16},"end":{"line":42,"column":30}},"8":{"start":{"line":44,"column":16},"end":{"line":47,"column":27}},"9":{"start":{"line":51,"column":8},"end":{"line":53,"column":21}},"10":{"start":{"line":55,"column":8},"end":{"line":57,"column":45}},"11":{"start":{"line":59,"column":8},"end":{"line":59,"column":35}},"12":{"start":{"line":61,"column":4},"end":{"line":325,"column":5}},"13":{"start":{"line":69,"column":8},"end":{"line":121,"column":10},"skip":true},"14":{"start":{"line":70,"column":12},"end":{"line":88,"column":13},"skip":true},"15":{"start":{"line":76,"column":16},"end":{"line":87,"column":19},"skip":true},"16":{"start":{"line":79,"column":20},"end":{"line":86,"column":21},"skip":true},"17":{"start":{"line":82,"column":24},"end":{"line":82,"column":43},"skip":true},"18":{"start":{"line":83,"column":24},"end":{"line":83,"column":30},"skip":true},"19":{"start":{"line":85,"column":24},"end":{"line":85,"column":49},"skip":true},"20":{"start":{"line":89,"column":12},"end":{"line":107,"column":13},"skip":true},"21":{"start":{"line":92,"column":16},"end":{"line":102,"column":17},"skip":true},"22":{"start":{"line":93,"column":20},"end":{"line":93,"column":86},"skip":true},"23":{"start":{"line":94,"column":20},"end":{"line":95,"column":45},"skip":true},"24":{"start":{"line":96,"column":20},"end":{"line":96,"column":42},"skip":true},"25":{"start":{"line":97,"column":20},"end":{"line":97,"column":48},"skip":true},"26":{"start":{"line":100,"column":20},"end":{"line":100,"column":85},"skip":true},"27":{"start":{"line":101,"column":20},"end":{"line":101,"column":96},"skip":true},"28":{"start":{"line":103,"column":16},"end":{"line":103,"column":22},"skip":true},"29":{"start":{"line":106,"column":16},"end":{"line":106,"column":22},"skip":true},"30":{"start":{"line":108,"column":12},"end":{"line":120,"column":13},"skip":true},"31":{"start":{"line":114,"column":16},"end":{"line":119,"column":17},"skip":true},"32":{"start":{"line":116,"column":20},"end":{"line":116,"column":78},"skip":true},"33":{"start":{"line":118,"column":20},"end":{"line":118,"column":47},"skip":true},"34":{"start":{"line":123,"column":8},"end":{"line":141,"column":11},"skip":true},"35":{"start":{"line":124,"column":12},"end":{"line":124,"column":54},"skip":true},"36":{"start":{"line":125,"column":12},"end":{"line":140,"column":14},"skip":true},"37":{"start":{"line":126,"column":16},"end":{"line":126,"column":28},"skip":true},"38":{"start":{"line":127,"column":16},"end":{"line":127,"column":69},"skip":true},"39":{"start":{"line":128,"column":16},"end":{"line":128,"column":75},"skip":true},"40":{"start":{"line":129,"column":16},"end":{"line":131,"column":17},"skip":true},"41":{"start":{"line":130,"column":20},"end":{"line":130,"column":27},"skip":true},"42":{"start":{"line":133,"column":16},"end":{"line":137,"column":36},"skip":true},"43":{"start":{"line":134,"column":20},"end":{"line":136,"column":55},"skip":true},"44":{"start":{"line":139,"column":16},"end":{"line":139,"column":57},"skip":true},"45":{"start":{"line":143,"column":8},"end":{"line":147,"column":11},"skip":true},"46":{"start":{"line":144,"column":12},"end":{"line":146,"column":15},"skip":true},"47":{"start":{"line":145,"column":16},"end":{"line":145,"column":70},"skip":true},"48":{"start":{"line":149,"column":8},"end":{"line":149,"column":31},"skip":true},"49":{"start":{"line":150,"column":8},"end":{"line":150,"column":14},"skip":true},"50":{"start":{"line":158,"column":8},"end":{"line":158,"column":31},"skip":true},"51":{"start":{"line":160,"column":8},"end":{"line":160,"column":33},"skip":true},"52":{"start":{"line":161,"column":8},"end":{"line":161,"column":37},"skip":true},"53":{"start":{"line":162,"column":8},"end":{"line":162,"column":35},"skip":true},"54":{"start":{"line":164,"column":8},"end":{"line":164,"column":50},"skip":true},"55":{"start":{"line":166,"column":8},"end":{"line":256,"column":2},"skip":true},"56":{"start":{"line":258,"column":8},"end":{"line":286,"column":9},"skip":true},"57":{"start":{"line":259,"column":12},"end":{"line":269,"column":14},"skip":true},"58":{"start":{"line":271,"column":12},"end":{"line":285,"column":19},"skip":true},"59":{"start":{"line":274,"column":20},"end":{"line":274,"column":35},"skip":true},"60":{"start":{"line":275,"column":20},"end":{"line":284,"column":21},"skip":true},"61":{"start":{"line":277,"column":24},"end":{"line":277,"column":64},"skip":true},"62":{"start":{"line":279,"column":24},"end":{"line":279,"column":40},"skip":true},"63":{"start":{"line":281,"column":24},"end":{"line":281,"column":40},"skip":true},"64":{"start":{"line":283,"column":24},"end":{"line":283,"column":39},"skip":true},"65":{"start":{"line":288,"column":8},"end":{"line":290,"column":9},"skip":true},"66":{"start":{"line":289,"column":12},"end":{"line":289,"column":18},"skip":true},"67":{"start":{"line":291,"column":8},"end":{"line":293,"column":54},"skip":true},"68":{"start":{"line":296,"column":8},"end":{"line":301,"column":37},"skip":true},"69":{"start":{"line":303,"column":8},"end":{"line":303,"column":82},"skip":true},"70":{"start":{"line":306,"column":8},"end":{"line":308,"column":9},"skip":true},"71":{"start":{"line":307,"column":12},"end":{"line":307,"column":82},"skip":true},"72":{"start":{"line":310,"column":8},"end":{"line":312,"column":9},"skip":true},"73":{"start":{"line":311,"column":12},"end":{"line":311,"column":18},"skip":true},"74":{"start":{"line":313,"column":8},"end":{"line":313,"column":54},"skip":true},"75":{"start":{"line":314,"column":8},"end":{"line":314,"column":69},"skip":true},"76":{"start":{"line":315,"column":8},"end":{"line":323,"column":36},"skip":true},"77":{"start":{"line":316,"column":12},"end":{"line":316,"column":61},"skip":true},"78":{"start":{"line":317,"column":12},"end":{"line":320,"column":13},"skip":true},"79":{"start":{"line":318,"column":16},"end":{"line":318,"column":75},"skip":true},"80":{"start":{"line":319,"column":16},"end":{"line":319,"column":23},"skip":true},"81":{"start":{"line":321,"column":12},"end":{"line":321,"column":38},"skip":true},"82":{"start":{"line":322,"column":12},"end":{"line":322,"column":27},"skip":true},"83":{"start":{"line":324,"column":8},"end":{"line":324,"column":14},"skip":true}},"branchMap":{"1":{"line":39,"type":"binary-expr","locations":[{"start":{"line":39,"column":23},"end":{"line":39,"column":62}},{"start":{"line":40,"column":20},"end":{"line":40,"column":70}},{"start":{"line":41,"column":20},"end":{"line":41,"column":71}},{"start":{"line":42,"column":20},"end":{"line":42,"column":29}}]},"2":{"line":44,"type":"binary-expr","locations":[{"start":{"line":44,"column":23},"end":{"line":44,"column":37}},{"start":{"line":45,"column":20},"end":{"line":45,"column":61}},{"start":{"line":46,"column":20},"end":{"line":46,"column":70}},{"start":{"line":47,"column":20},"end":{"line":47,"column":26}}]},"3":{"line":51,"type":"cond-expr","locations":[{"start":{"line":52,"column":14},"end":{"line":52,"column":20}},{"start":{"line":53,"column":14},"end":{"line":53,"column":20}}]},"4":{"line":55,"type":"binary-expr","locations":[{"start":{"line":55,"column":16},"end":{"line":55,"column":44}},{"start":{"line":55,"column":49},"end":{"line":57,"column":43}}]},"5":{"line":55,"type":"cond-expr","locations":[{"start":{"line":56,"column":14},"end":{"line":56,"column":49}},{"start":{"line":57,"column":14},"end":{"line":57,"column":43}}]},"6":{"line":61,"type":"switch","locations":[{"start":{"line":68,"column":4},"end":{"line":150,"column":14},"skip":true},{"start":{"line":156,"column":4},"end":{"line":324,"column":14},"skip":true}]},"7":{"line":70,"type":"if","locations":[{"start":{"line":70,"column":12},"end":{"line":70,"column":12},"skip":true},{"start":{"line":70,"column":12},"end":{"line":70,"column":12},"skip":true}]},"8":{"line":70,"type":"binary-expr","locations":[{"start":{"line":70,"column":16},"end":{"line":70,"column":22},"skip":true},{"start":{"line":70,"column":27},"end":{"line":70,"column":32},"skip":true},{"start":{"line":71,"column":20},"end":{"line":71,"column":39},"skip":true},{"start":{"line":72,"column":20},"end":{"line":72,"column":49},"skip":true},{"start":{"line":73,"column":20},"end":{"line":73,"column":58},"skip":true},{"start":{"line":74,"column":20},"end":{"line":74,"column":69},"skip":true}]},"9":{"line":79,"type":"switch","locations":[{"start":{"line":80,"column":20},"end":{"line":80,"column":33},"skip":true},{"start":{"line":81,"column":20},"end":{"line":83,"column":30},"skip":true},{"start":{"line":84,"column":20},"end":{"line":85,"column":49},"skip":true}]},"10":{"line":89,"type":"switch","locations":[{"start":{"line":90,"column":12},"end":{"line":103,"column":22},"skip":true},{"start":{"line":105,"column":12},"end":{"line":106,"column":22},"skip":true}]},"11":{"line":89,"type":"binary-expr","locations":[{"start":{"line":89,"column":20},"end":{"line":89,"column":25},"skip":true},{"start":{"line":89,"column":29},"end":{"line":89,"column":48},"skip":true},{"start":{"line":89,"column":52},"end":{"line":89,"column":74},"skip":true}]},"12":{"line":92,"type":"if","locations":[{"start":{"line":92,"column":16},"end":{"line":92,"column":16},"skip":true},{"start":{"line":92,"column":16},"end":{"line":92,"column":16},"skip":true}]},"13":{"line":108,"type":"if","locations":[{"start":{"line":108,"column":12},"end":{"line":108,"column":12},"skip":true},{"start":{"line":108,"column":12},"end":{"line":108,"column":12},"skip":true}]},"14":{"line":108,"type":"binary-expr","locations":[{"start":{"line":108,"column":16},"end":{"line":108,"column":61},"skip":true},{"start":{"line":108,"column":66},"end":{"line":108,"column":72},"skip":true},{"start":{"line":108,"column":77},"end":{"line":108,"column":82},"skip":true},{"start":{"line":109,"column":20},"end":{"line":109,"column":39},"skip":true},{"start":{"line":110,"column":20},"end":{"line":110,"column":49},"skip":true},{"start":{"line":111,"column":20},"end":{"line":111,"column":58},"skip":true},{"start":{"line":112,"column":20},"end":{"line":112,"column":68},"skip":true}]},"15":{"line":129,"type":"if","locations":[{"start":{"line":129,"column":16},"end":{"line":129,"column":16},"skip":true},{"start":{"line":129,"column":16},"end":{"line":129,"column":16},"skip":true}]},"16":{"line":134,"type":"cond-expr","locations":[{"start":{"line":135,"column":26},"end":{"line":135,"column":29},"skip":true},{"start":{"line":136,"column":26},"end":{"line":136,"column":54},"skip":true}]},"17":{"line":164,"type":"binary-expr","locations":[{"start":{"line":164,"column":27},"end":{"line":164,"column":43},"skip":true},{"start":{"line":164,"column":47},"end":{"line":164,"column":49},"skip":true}]},"18":{"line":258,"type":"if","locations":[{"start":{"line":258,"column":8},"end":{"line":258,"column":8},"skip":true},{"start":{"line":258,"column":8},"end":{"line":258,"column":8},"skip":true}]},"19":{"line":275,"type":"switch","locations":[{"start":{"line":276,"column":20},"end":{"line":277,"column":64},"skip":true},{"start":{"line":278,"column":20},"end":{"line":279,"column":40},"skip":true},{"start":{"line":280,"column":20},"end":{"line":281,"column":40},"skip":true},{"start":{"line":282,"column":20},"end":{"line":283,"column":39},"skip":true}]},"20":{"line":288,"type":"if","locations":[{"start":{"line":288,"column":8},"end":{"line":288,"column":8},"skip":true},{"start":{"line":288,"column":8},"end":{"line":288,"column":8},"skip":true}]},"21":{"line":288,"type":"binary-expr","locations":[{"start":{"line":288,"column":12},"end":{"line":288,"column":40},"skip":true},{"start":{"line":288,"column":44},"end":{"line":288,"column":67},"skip":true}]},"22":{"line":292,"type":"binary-expr","locations":[{"start":{"line":292,"column":12},"end":{"line":292,"column":50},"skip":true},{"start":{"line":293,"column":12},"end":{"line":293,"column":53},"skip":true}]},"23":{"line":297,"type":"binary-expr","locations":[{"start":{"line":297,"column":12},"end":{"line":297,"column":63},"skip":true},{"start":{"line":298,"column":12},"end":{"line":301,"column":36},"skip":true}]},"24":{"line":303,"type":"binary-expr","locations":[{"start":{"line":303,"column":43},"end":{"line":303,"column":75},"skip":true},{"start":{"line":303,"column":79},"end":{"line":303,"column":81},"skip":true}]},"25":{"line":306,"type":"if","locations":[{"start":{"line":306,"column":8},"end":{"line":306,"column":8},"skip":true},{"start":{"line":306,"column":8},"end":{"line":306,"column":8},"skip":true}]},"26":{"line":310,"type":"if","locations":[{"start":{"line":310,"column":8},"end":{"line":310,"column":8},"skip":true},{"start":{"line":310,"column":8},"end":{"line":310,"column":8},"skip":true}]},"27":{"line":313,"type":"binary-expr","locations":[{"start":{"line":313,"column":27},"end":{"line":313,"column":43},"skip":true},{"start":{"line":313,"column":47},"end":{"line":313,"column":53},"skip":true}]},"28":{"line":317,"type":"if","locations":[{"start":{"line":317,"column":12},"end":{"line":317,"column":12},"skip":true},{"start":{"line":317,"column":12},"end":{"line":317,"column":12},"skip":true}]}},"code":["/*","example.js","","quickstart example","","instruction","    1. save this script as example.js","    2. run the shell command:","        $ npm install npmtest-wreck && PORT=8081 node example.js","    3. play with the browser-demo on http://127.0.0.1:8081","*/","","","","/* istanbul instrument in package npmtest_wreck */","/*jslint","    bitwise: true,","    browser: true,","    maxerr: 8,","    maxlen: 96,","    node: true,","    nomen: true,","    regexp: true,","    stupid: true","*/","(function () {","    'use strict';","    var local;","","","","    // run shared js-env code - pre-init","    (function () {","        // init local","        local = {};","        // init modeJs","        local.modeJs = (function () {","            try {","                return typeof navigator.userAgent === 'string' &&","                    typeof document.querySelector('body') === 'object' &&","                    typeof XMLHttpRequest.prototype.open === 'function' &&","                    'browser';","            } catch (errorCaughtBrowser) {","                return module.exports &&","                    typeof process.versions.node === 'string' &&","                    typeof require('http').createServer === 'function' &&","                    'node';","            }","        }());","        // init global","        local.global = local.modeJs === 'browser'","            ? window","            : global;","        // init utility2_rollup","        local = local.global.utility2_rollup || (local.modeJs === 'browser'","            ? local.global.utility2_npmtest_wreck","            : global.utility2_moduleExports);","        // export local","        local.global.local = local;","    }());","    switch (local.modeJs) {","","","","    // post-init","    // run browser js-env code - post-init","    /* istanbul ignore next */","    case 'browser':","        local.testRunBrowser = function (event) {","            if (!event || (event &&","                    event.currentTarget &&","                    event.currentTarget.className &&","                    event.currentTarget.className.includes &&","                    event.currentTarget.className.includes('onreset'))) {","                // reset output","                Array.from(","                    document.querySelectorAll('body > .resettable')","                ).forEach(function (element) {","                    switch (element.tagName) {","                    case 'INPUT':","                    case 'TEXTAREA':","                        element.value = '';","                        break;","                    default:","                        element.textContent = '';","                    }","                });","            }","            switch (event && event.currentTarget && event.currentTarget.id) {","            case 'testRunButton1':","                // show tests","                if (document.querySelector('#testReportDiv1').style.display === 'none') {","                    document.querySelector('#testReportDiv1').style.display = 'block';","                    document.querySelector('#testRunButton1').textContent =","                        'hide internal test';","                    local.modeTest = true;","                    local.testRunDefault(local);","                // hide tests","                } else {","                    document.querySelector('#testReportDiv1').style.display = 'none';","                    document.querySelector('#testRunButton1').textContent = 'run internal test';","                }","                break;","            // custom-case","            default:","                break;","            }","            if (document.querySelector('#inputTextareaEval1') && (!event || (event &&","                    event.currentTarget &&","                    event.currentTarget.className &&","                    event.currentTarget.className.includes &&","                    event.currentTarget.className.includes('oneval')))) {","                // try to eval input-code","                try {","                    /*jslint evil: true*/","                    eval(document.querySelector('#inputTextareaEval1').value);","                } catch (errorCaught) {","                    console.error(errorCaught);","                }","            }","        };","        // log stderr and stdout to #outputTextareaStdout1","        ['error', 'log'].forEach(function (key) {","            console[key + '_original'] = console[key];","            console[key] = function () {","                var element;","                console[key + '_original'].apply(console, arguments);","                element = document.querySelector('#outputTextareaStdout1');","                if (!element) {","                    return;","                }","                // append text to #outputTextareaStdout1","                element.value += Array.from(arguments).map(function (arg) {","                    return typeof arg === 'string'","                        ? arg","                        : JSON.stringify(arg, null, 4);","                }).join(' ') + '\\n';","                // scroll textarea to bottom","                element.scrollTop = element.scrollHeight;","            };","        });","        // init event-handling","        ['change', 'click', 'keyup'].forEach(function (event) {","            Array.from(document.querySelectorAll('.on' + event)).forEach(function (element) {","                element.addEventListener(event, local.testRunBrowser);","            });","        });","        // run tests","        local.testRunBrowser();","        break;","","","","    // run node js-env code - post-init","    /* istanbul ignore next */","    case 'node':","        // export local","        module.exports = local;","        // require modules","        local.fs = require('fs');","        local.http = require('http');","        local.url = require('url');","        // init assets","        local.assetsDict = local.assetsDict || {};","        /* jslint-ignore-begin */","        local.assetsDict['/assets.index.template.html'] = '\\","<!doctype html>\\n\\","<html lang=\"en\">\\n\\","<head>\\n\\","<meta charset=\"UTF-8\">\\n\\","<meta name=\"viewport\" content=\"width=device-width, initial-scale=1\">\\n\\","<title>{{env.npm_package_name}} (v{{env.npm_package_version}})</title>\\n\\","<style>\\n\\","/*csslint\\n\\","    box-sizing: false,\\n\\","    universal-selector: false\\n\\","*/\\n\\","* {\\n\\","    box-sizing: border-box;\\n\\","}\\n\\","body {\\n\\","    background: #dde;\\n\\","    font-family: Arial, Helvetica, sans-serif;\\n\\","    margin: 2rem;\\n\\","}\\n\\","body > * {\\n\\","    margin-bottom: 1rem;\\n\\","}\\n\\",".utility2FooterDiv {\\n\\","    margin-top: 20px;\\n\\","    text-align: center;\\n\\","}\\n\\","</style>\\n\\","<style>\\n\\","/*csslint\\n\\","*/\\n\\","textarea {\\n\\","    font-family: monospace;\\n\\","    height: 10rem;\\n\\","    width: 100%;\\n\\","}\\n\\","textarea[readonly] {\\n\\","    background: #ddd;\\n\\","}\\n\\","</style>\\n\\","</head>\\n\\","<body>\\n\\","<!-- utility2-comment\\n\\","<div id=\"ajaxProgressDiv1\" style=\"background: #d00; height: 2px; left: 0; margin: 0; padding: 0; position: fixed; top: 0; transition: background 0.5s, width 1.5s; width: 25%;\"></div>\\n\\","utility2-comment -->\\n\\","<h1>\\n\\","<!-- utility2-comment\\n\\","    <a\\n\\","        {{#if env.npm_package_homepage}}\\n\\","        href=\"{{env.npm_package_homepage}}\"\\n\\","        {{/if env.npm_package_homepage}}\\n\\","        target=\"_blank\"\\n\\","    >\\n\\","utility2-comment -->\\n\\","        {{env.npm_package_name}} (v{{env.npm_package_version}})\\n\\","<!-- utility2-comment\\n\\","    </a>\\n\\","utility2-comment -->\\n\\","</h1>\\n\\","<h3>{{env.npm_package_description}}</h3>\\n\\","<!-- utility2-comment\\n\\","<h4><a download href=\"assets.app.js\">download standalone app</a></h4>\\n\\","<button class=\"onclick onreset\" id=\"testRunButton1\">run internal test</button><br>\\n\\","<div id=\"testReportDiv1\" style=\"display: none;\"></div>\\n\\","utility2-comment -->\\n\\","\\n\\","\\n\\","\\n\\","<label>stderr and stdout</label>\\n\\","<textarea class=\"resettable\" id=\"outputTextareaStdout1\" readonly></textarea>\\n\\","<!-- utility2-comment\\n\\","{{#if isRollup}}\\n\\","<script src=\"assets.app.js\"></script>\\n\\","{{#unless isRollup}}\\n\\","utility2-comment -->\\n\\","<script src=\"assets.utility2.rollup.js\"></script>\\n\\","<script src=\"jsonp.utility2._stateInit?callback=window.utility2._stateInit\"></script>\\n\\","<script src=\"assets.npmtest_wreck.rollup.js\"></script>\\n\\","<script src=\"assets.example.js\"></script>\\n\\","<script src=\"assets.test.js\"></script>\\n\\","<!-- utility2-comment\\n\\","{{/if isRollup}}\\n\\","utility2-comment -->\\n\\","<div class=\"utility2FooterDiv\">\\n\\","    [ this app was created with\\n\\","    <a href=\"https://github.com/kaizhu256/node-utility2\" target=\"_blank\">utility2</a>\\n\\","    ]\\n\\","</div>\\n\\","</body>\\n\\","</html>\\n\\","';","        /* jslint-ignore-end */","        if (local.templateRender) {","            local.assetsDict['/'] = local.templateRender(","                local.assetsDict['/assets.index.template.html'],","                {","                    env: local.objectSetDefault(local.env, {","                        npm_package_description: 'the greatest app in the world!',","                        npm_package_name: 'my-app',","                        npm_package_nameAlias: 'my_app',","                        npm_package_version: '0.0.1'","                    })","                }","            );","        } else {","            local.assetsDict['/'] = local.assetsDict['/assets.index.template.html']","                .replace((/\\{\\{env\\.(\\w+?)\\}\\}/g), function (match0, match1) {","                    // jslint-hack","                    String(match0);","                    switch (match1) {","                    case 'npm_package_description':","                        return 'the greatest app in the world!';","                    case 'npm_package_name':","                        return 'my-app';","                    case 'npm_package_nameAlias':","                        return 'my_app';","                    case 'npm_package_version':","                        return '0.0.1';","                    }","                });","        }","        // run the cli","        if (local.global.utility2_rollup || module !== require.main) {","            break;","        }","        local.assetsDict['/assets.example.js'] =","            local.assetsDict['/assets.example.js'] ||","            local.fs.readFileSync(__filename, 'utf8');","        // bug-workaround - long $npm_package_buildCustomOrg","        /* jslint-ignore-begin */","        local.assetsDict['/assets.npmtest_wreck.rollup.js'] =","            local.assetsDict['/assets.npmtest_wreck.rollup.js'] ||","            local.fs.readFileSync(","                local.npmtest_wreck.__dirname + '/lib.npmtest_wreck.js',","                'utf8'","            ).replace((/^#!/), '//');","        /* jslint-ignore-end */","        local.assetsDict['/favicon.ico'] = local.assetsDict['/favicon.ico'] || '';","        // if $npm_config_timeout_exit exists,","        // then exit this process after $npm_config_timeout_exit ms","        if (Number(process.env.npm_config_timeout_exit)) {","            setTimeout(process.exit, Number(process.env.npm_config_timeout_exit));","        }","        // start server","        if (local.global.utility2_serverHttp1) {","            break;","        }","        process.env.PORT = process.env.PORT || '8081';","        console.error('server starting on port ' + process.env.PORT);","        local.http.createServer(function (request, response) {","            request.urlParsed = local.url.parse(request.url);","            if (local.assetsDict[request.urlParsed.pathname] !== undefined) {","                response.end(local.assetsDict[request.urlParsed.pathname]);","                return;","            }","            response.statusCode = 404;","            response.end();","        }).listen(process.env.PORT);","        break;","    }","}());",""],"l":{"26":2,"28":2,"33":2,"35":2,"37":2,"38":2,"39":2,"44":1,"51":2,"55":2,"59":2,"61":2,"69":1,"70":2,"76":2,"79":2,"82":2,"83":2,"85":1,"89":2,"92":1,"93":1,"94":1,"96":1,"97":1,"100":1,"101":1,"103":1,"106":1,"108":2,"114":1,"116":1,"118":1,"123":1,"124":2,"125":2,"126":3,"127":3,"128":3,"129":3,"130":1,"133":3,"134":3,"139":3,"143":1,"144":3,"145":1,"149":1,"150":1,"158":1,"160":1,"161":1,"162":1,"164":1,"166":1,"258":1,"259":1,"271":1,"274":6,"275":6,"277":1,"279":2,"281":1,"283":2,"288":1,"289":1,"291":1,"296":1,"303":1,"306":1,"307":1,"310":1,"311":1,"313":1,"314":1,"315":1,"316":1,"317":1,"318":1,"319":1,"321":1,"322":1,"324":1}},"/home/travis/build/npmtest/node-npmtest-wreck/node_modules/wreck/lib/index.js":{"path":"/home/travis/build/npmtest/node-npmtest-wreck/node_modules/wreck/lib/index.js","s":{"1":1,"2":1,"3":1,"4":1,"5":1,"6":1,"7":1,"8":1,"9":1,"10":1,"11":1,"12":1,"13":1,"14":1,"15":1,"16":1,"17":1,"18":1,"19":1,"20":0,"21":0,"22":0,"23":1,"24":1,"25":0,"26":0,"27":1,"28":0,"29":0,"30":0,"31":0,"32":0,"33":0,"34":0,"35":0,"36":0,"37":0,"38":1,"39":0,"40":0,"41":0,"42":0,"43":0,"44":0,"45":0,"46":0,"47":0,"48":0,"49":0,"50":0,"51":0,"52":0,"53":0,"54":0,"55":0,"56":0,"57":0,"58":0,"59":0,"60":0,"61":0,"62":0,"63":0,"64":0,"65":0,"66":0,"67":0,"68":0,"69":0,"70":0,"71":0,"72":0,"73":0,"74":0,"75":0,"76":0,"77":0,"78":0,"79":0,"80":0,"81":0,"82":0,"83":0,"84":0,"85":0,"86":0,"87":0,"88":0,"89":0,"90":0,"91":0,"92":0,"93":0,"94":0,"95":0,"96":0,"97":0,"98":0,"99":0,"100":0,"101":0,"102":0,"103":0,"104":0,"105":0,"106":0,"107":0,"108":0,"109":0,"110":0,"111":0,"112":0,"113":0,"114":0,"115":0,"116":0,"117":0,"118":0,"119":0,"120":0,"121":0,"122":0,"123":0,"124":0,"125":0,"126":0,"127":0,"128":0,"129":0,"130":0,"131":0,"132":0,"133":0,"134":0,"135":0,"136":0,"137":0,"138":0,"139":0,"140":0,"141":0,"142":0,"143":1,"144":0,"145":0,"146":0,"147":0,"148":0,"149":0,"150":0,"151":1,"152":0,"153":0,"154":0,"155":0,"156":0,"157":0,"158":0,"159":0,"160":0,"161":0,"162":0,"163":0,"164":0,"165":0,"166":0,"167":0,"168":0,"169":0,"170":0,"171":0,"172":0,"173":0,"174":0,"175":0,"176":0,"177":0,"178":0,"179":0,"180":0,"181":0,"182":0,"183":0,"184":0,"185":0,"186":0,"187":0,"188":0,"189":0,"190":0,"191":0,"192":0,"193":0,"194":0,"195":0,"196":1,"197":0,"198":1,"199":0,"200":0,"201":0,"202":0,"203":0,"204":0,"205":0,"206":0,"207":0,"208":0,"209":0,"210":0,"211":0,"212":1,"213":0,"214":1,"215":0,"216":1,"217":0,"218":1,"219":0,"220":1,"221":0,"222":1,"223":0,"224":0,"225":0,"226":1,"227":0,"228":0,"229":0,"230":0,"231":0,"232":0,"233":0,"234":1,"235":0,"236":0,"237":0,"238":0,"239":0,"240":0,"241":1},"b":{"1":[1,1],"2":[1,1],"3":[0,0],"4":[0,0],"5":[0,0],"6":[0,0],"7":[0,0,0],"8":[0,0,0],"9":[0,0,0],"10":[0,0,0],"11":[0,0],"12":[0,0],"13":[0,0],"14":[0,0],"15":[0,0],"16":[0,0,0,0],"17":[0,0],"18":[0,0,0,0],"19":[0,0],"20":[0,0,0,0],"21":[0,0],"22":[0,0],"23":[0,0],"24":[0,0],"25":[0,0],"26":[0,0],"27":[0,0],"28":[0,0],"29":[0,0],"30":[0,0],"31":[0,0],"32":[0,0],"33":[0,0],"34":[0,0],"35":[0,0],"36":[0,0],"37":[0,0],"38":[0,0],"39":[0,0],"40":[0,0],"41":[0,0],"42":[0,0],"43":[0,0,0],"44":[0,0],"45":[0,0],"46":[0,0],"47":[0,0,0,0,0],"48":[0,0],"49":[0,0],"50":[0,0],"51":[0,0],"52":[0,0],"53":[0,0],"54":[0,0,0],"55":[0,0],"56":[0,0],"57":[0,0],"58":[0,0],"59":[0,0],"60":[0,0],"61":[0,0],"62":[0,0],"63":[0,0],"64":[0,0],"65":[0,0],"66":[0,0],"67":[0,0],"68":[0,0]},"f":{"1":1,"2":0,"3":0,"4":0,"5":0,"6":0,"7":0,"8":0,"9":0,"10":0,"11":0,"12":0,"13":0,"14":0,"15":0,"16":0,"17":0},"fnMap":{"1":{"name":"(anonymous_1)","line":30,"loc":{"start":{"line":30,"column":19},"end":{"line":30,"column":39}}},"2":{"name":"(anonymous_2)","line":45,"loc":{"start":{"line":45,"column":16},"end":{"line":45,"column":28}}},"3":{"name":"(anonymous_3)","line":56,"loc":{"start":{"line":56,"column":38},"end":{"line":56,"column":57}}},"4":{"name":"(anonymous_4)","line":63,"loc":{"start":{"line":63,"column":23},"end":{"line":63,"column":48}}},"5":{"name":"(anonymous_5)","line":83,"loc":{"start":{"line":83,"column":37},"end":{"line":83,"column":87}}},"6":{"name":"(anonymous_6)","line":297,"loc":{"start":{"line":297,"column":27},"end":{"line":297,"column":60}}},"7":{"name":"(anonymous_7)","line":321,"loc":{"start":{"line":321,"column":34},"end":{"line":321,"column":68}}},"8":{"name":"(anonymous_8)","line":426,"loc":{"start":{"line":426,"column":46},"end":{"line":426,"column":75}}},"9":{"name":"(anonymous_9)","line":434,"loc":{"start":{"line":434,"column":47},"end":{"line":434,"column":64}}},"10":{"name":"(anonymous_10)","line":472,"loc":{"start":{"line":472,"column":33},"end":{"line":472,"column":67}}},"11":{"name":"(anonymous_11)","line":478,"loc":{"start":{"line":478,"column":34},"end":{"line":478,"column":68}}},"12":{"name":"(anonymous_12)","line":484,"loc":{"start":{"line":484,"column":35},"end":{"line":484,"column":69}}},"13":{"name":"(anonymous_13)","line":490,"loc":{"start":{"line":490,"column":33},"end":{"line":490,"column":67}}},"14":{"name":"(anonymous_14)","line":496,"loc":{"start":{"line":496,"column":36},"end":{"line":496,"column":70}}},"15":{"name":"(anonymous_15)","line":504,"loc":{"start":{"line":504,"column":43},"end":{"line":504,"column":92}}},"16":{"name":"(anonymous_16)","line":513,"loc":{"start":{"line":513,"column":39},"end":{"line":513,"column":81}}},"17":{"name":"(anonymous_17)","line":537,"loc":{"start":{"line":537,"column":27},"end":{"line":537,"column":45}}}},"statementMap":{"1":{"start":{"line":5,"column":0},"end":{"line":5,"column":33}},"2":{"start":{"line":6,"column":0},"end":{"line":6,"column":27}},"3":{"start":{"line":7,"column":0},"end":{"line":7,"column":29}},"4":{"start":{"line":8,"column":0},"end":{"line":8,"column":31}},"5":{"start":{"line":9,"column":0},"end":{"line":9,"column":33}},"6":{"start":{"line":10,"column":0},"end":{"line":10,"column":29}},"7":{"start":{"line":11,"column":0},"end":{"line":11,"column":29}},"8":{"start":{"line":12,"column":0},"end":{"line":12,"column":37}},"9":{"start":{"line":13,"column":0},"end":{"line":13,"column":39}},"10":{"start":{"line":14,"column":0},"end":{"line":14,"column":29}},"11":{"start":{"line":19,"column":0},"end":{"line":23,"column":2}},"12":{"start":{"line":25,"column":0},"end":{"line":25,"column":91}},"13":{"start":{"line":30,"column":0},"end":{"line":51,"column":2}},"14":{"start":{"line":32,"column":4},"end":{"line":36,"column":6}},"15":{"start":{"line":38,"column":4},"end":{"line":38,"column":36}},"16":{"start":{"line":40,"column":4},"end":{"line":40,"column":35}},"17":{"start":{"line":43,"column":4},"end":{"line":43,"column":22}},"18":{"start":{"line":44,"column":4},"end":{"line":44,"column":31}},"19":{"start":{"line":45,"column":4},"end":{"line":50,"column":6}},"20":{"start":{"line":47,"column":8},"end":{"line":47,"column":61}},"21":{"start":{"line":48,"column":8},"end":{"line":48,"column":40}},"22":{"start":{"line":49,"column":8},"end":{"line":49,"column":61}},"23":{"start":{"line":53,"column":0},"end":{"line":53,"column":53}},"24":{"start":{"line":56,"column":0},"end":{"line":60,"column":2}},"25":{"start":{"line":58,"column":4},"end":{"line":58,"column":97}},"26":{"start":{"line":59,"column":4},"end":{"line":59,"column":41}},"27":{"start":{"line":63,"column":0},"end":{"line":80,"column":2}},"28":{"start":{"line":65,"column":4},"end":{"line":67,"column":5}},"29":{"start":{"line":66,"column":8},"end":{"line":66,"column":23}},"30":{"start":{"line":69,"column":4},"end":{"line":69,"column":39}},"31":{"start":{"line":70,"column":4},"end":{"line":72,"column":5}},"32":{"start":{"line":71,"column":8},"end":{"line":71,"column":38}},"33":{"start":{"line":74,"column":4},"end":{"line":74,"column":42}},"34":{"start":{"line":75,"column":4},"end":{"line":75,"column":68}},"35":{"start":{"line":76,"column":4},"end":{"line":76,"column":71}},"36":{"start":{"line":77,"column":4},"end":{"line":77,"column":42}},"37":{"start":{"line":79,"column":4},"end":{"line":79,"column":34}},"38":{"start":{"line":83,"column":0},"end":{"line":294,"column":2}},"39":{"start":{"line":85,"column":4},"end":{"line":85,"column":103}},"40":{"start":{"line":87,"column":4},"end":{"line":88,"column":78}},"41":{"start":{"line":90,"column":4},"end":{"line":91,"column":105}},"42":{"start":{"line":93,"column":4},"end":{"line":94,"column":53}},"43":{"start":{"line":96,"column":4},"end":{"line":97,"column":49}},"44":{"start":{"line":99,"column":4},"end":{"line":99,"column":141}},"45":{"start":{"line":99,"column":133},"end":{"line":99,"column":139}},"46":{"start":{"line":101,"column":4},"end":{"line":104,"column":5}},"47":{"start":{"line":102,"column":8},"end":{"line":102,"column":57}},"48":{"start":{"line":103,"column":8},"end":{"line":103,"column":31}},"49":{"start":{"line":106,"column":4},"end":{"line":106,"column":31}},"50":{"start":{"line":108,"column":4},"end":{"line":111,"column":5}},"51":{"start":{"line":109,"column":8},"end":{"line":109,"column":44}},"52":{"start":{"line":110,"column":8},"end":{"line":110,"column":34}},"53":{"start":{"line":113,"column":4},"end":{"line":113,"column":38}},"54":{"start":{"line":114,"column":4},"end":{"line":114,"column":40}},"55":{"start":{"line":115,"column":4},"end":{"line":118,"column":7}},"56":{"start":{"line":117,"column":8},"end":{"line":117,"column":54}},"57":{"start":{"line":120,"column":4},"end":{"line":123,"column":5}},"58":{"start":{"line":121,"column":8},"end":{"line":121,"column":58}},"59":{"start":{"line":122,"column":8},"end":{"line":122,"column":88}},"60":{"start":{"line":125,"column":4},"end":{"line":125,"column":138}},"61":{"start":{"line":126,"column":4},"end":{"line":132,"column":5}},"62":{"start":{"line":130,"column":8},"end":{"line":130,"column":46}},"63":{"start":{"line":131,"column":8},"end":{"line":131,"column":135}},"64":{"start":{"line":134,"column":4},"end":{"line":134,"column":86}},"65":{"start":{"line":136,"column":4},"end":{"line":136,"column":28}},"66":{"start":{"line":137,"column":4},"end":{"line":137,"column":45}},"67":{"start":{"line":139,"column":4},"end":{"line":139,"column":62}},"68":{"start":{"line":141,"column":4},"end":{"line":149,"column":5}},"69":{"start":{"line":142,"column":8},"end":{"line":142,"column":104}},"70":{"start":{"line":144,"column":9},"end":{"line":149,"column":5}},"71":{"start":{"line":145,"column":8},"end":{"line":145,"column":34}},"72":{"start":{"line":148,"column":8},"end":{"line":148,"column":85}},"73":{"start":{"line":151,"column":4},"end":{"line":153,"column":5}},"74":{"start":{"line":152,"column":8},"end":{"line":152,"column":52}},"75":{"start":{"line":155,"column":4},"end":{"line":155,"column":39}},"76":{"start":{"line":157,"column":4},"end":{"line":157,"column":29}},"77":{"start":{"line":158,"column":4},"end":{"line":158,"column":36}},"78":{"start":{"line":160,"column":4},"end":{"line":160,"column":22}},"79":{"start":{"line":161,"column":4},"end":{"line":161,"column":18}},"80":{"start":{"line":163,"column":4},"end":{"line":167,"column":6}},"81":{"start":{"line":165,"column":8},"end":{"line":165,"column":27}},"82":{"start":{"line":166,"column":8},"end":{"line":166,"column":72}},"83":{"start":{"line":168,"column":4},"end":{"line":168,"column":31}},"84":{"start":{"line":170,"column":4},"end":{"line":212,"column":6}},"85":{"start":{"line":174,"column":8},"end":{"line":174,"column":42}},"86":{"start":{"line":175,"column":8},"end":{"line":175,"column":89}},"87":{"start":{"line":177,"column":8},"end":{"line":181,"column":9}},"88":{"start":{"line":180,"column":12},"end":{"line":180,"column":41}},"89":{"start":{"line":185,"column":8},"end":{"line":185,"column":22}},"90":{"start":{"line":187,"column":8},"end":{"line":189,"column":9}},"91":{"start":{"line":188,"column":12},"end":{"line":188,"column":87}},"92":{"start":{"line":191,"column":8},"end":{"line":191,"column":44}},"93":{"start":{"line":192,"column":8},"end":{"line":194,"column":9}},"94":{"start":{"line":193,"column":12},"end":{"line":193,"column":96}},"95":{"start":{"line":196,"column":8},"end":{"line":198,"column":9}},"96":{"start":{"line":197,"column":12},"end":{"line":197,"column":55}},"97":{"start":{"line":200,"column":8},"end":{"line":200,"column":89}},"98":{"start":{"line":201,"column":8},"end":{"line":201,"column":60}},"99":{"start":{"line":202,"column":8},"end":{"line":202,"column":48}},"100":{"start":{"line":204,"column":8},"end":{"line":211,"column":11}},"101":{"start":{"line":206,"column":12},"end":{"line":206,"column":108}},"102":{"start":{"line":208,"column":12},"end":{"line":210,"column":13}},"103":{"start":{"line":209,"column":16},"end":{"line":209,"column":70}},"104":{"start":{"line":216,"column":4},"end":{"line":231,"column":6}},"105":{"start":{"line":218,"column":8},"end":{"line":220,"column":9}},"106":{"start":{"line":219,"column":12},"end":{"line":219,"column":24}},"107":{"start":{"line":222,"column":8},"end":{"line":222,"column":51}},"108":{"start":{"line":223,"column":8},"end":{"line":223,"column":45}},"109":{"start":{"line":224,"column":8},"end":{"line":224,"column":37}},"110":{"start":{"line":225,"column":8},"end":{"line":225,"column":32}},"111":{"start":{"line":226,"column":8},"end":{"line":226,"column":61}},"112":{"start":{"line":228,"column":8},"end":{"line":230,"column":9}},"113":{"start":{"line":229,"column":12},"end":{"line":229,"column":38}},"114":{"start":{"line":233,"column":4},"end":{"line":233,"column":41}},"115":{"start":{"line":235,"column":4},"end":{"line":235,"column":37}},"116":{"start":{"line":237,"column":4},"end":{"line":243,"column":5}},"117":{"start":{"line":238,"column":8},"end":{"line":241,"column":28}},"118":{"start":{"line":240,"column":12},"end":{"line":240,"column":77}},"119":{"start":{"line":242,"column":8},"end":{"line":242,"column":31}},"120":{"start":{"line":247,"column":4},"end":{"line":247,"column":29}},"121":{"start":{"line":248,"column":4},"end":{"line":248,"column":24}},"122":{"start":{"line":249,"column":4},"end":{"line":264,"column":6}},"123":{"start":{"line":251,"column":8},"end":{"line":260,"column":9}},"124":{"start":{"line":252,"column":12},"end":{"line":259,"column":15}},"125":{"start":{"line":256,"column":16},"end":{"line":256,"column":58}},"126":{"start":{"line":257,"column":16},"end":{"line":257,"column":42}},"127":{"start":{"line":258,"column":16},"end":{"line":258,"column":34}},"128":{"start":{"line":262,"column":8},"end":{"line":262,"column":23}},"129":{"start":{"line":263,"column":8},"end":{"line":263,"column":32}},"130":{"start":{"line":268,"column":4},"end":{"line":287,"column":5}},"131":{"start":{"line":269,"column":8},"end":{"line":284,"column":9}},"132":{"start":{"line":270,"column":12},"end":{"line":270,"column":41}},"133":{"start":{"line":272,"column":12},"end":{"line":280,"column":13}},"134":{"start":{"line":273,"column":16},"end":{"line":273,"column":44}},"135":{"start":{"line":274,"column":16},"end":{"line":277,"column":19}},"136":{"start":{"line":276,"column":20},"end":{"line":276,"column":49}},"137":{"start":{"line":279,"column":16},"end":{"line":279,"column":57}},"138":{"start":{"line":282,"column":12},"end":{"line":282,"column":29}},"139":{"start":{"line":283,"column":12},"end":{"line":283,"column":23}},"140":{"start":{"line":286,"column":8},"end":{"line":286,"column":35}},"141":{"start":{"line":291,"column":4},"end":{"line":291,"column":14}},"142":{"start":{"line":293,"column":4},"end":{"line":293,"column":15}},"143":{"start":{"line":297,"column":0},"end":{"line":316,"column":2}},"144":{"start":{"line":299,"column":4},"end":{"line":313,"column":5}},"145":{"start":{"line":302,"column":12},"end":{"line":302,"column":26}},"146":{"start":{"line":305,"column":12},"end":{"line":307,"column":13}},"147":{"start":{"line":306,"column":16},"end":{"line":306,"column":29}},"148":{"start":{"line":308,"column":12},"end":{"line":308,"column":18}},"149":{"start":{"line":312,"column":12},"end":{"line":312,"column":26}},"150":{"start":{"line":315,"column":4},"end":{"line":315,"column":16}},"151":{"start":{"line":321,"column":0},"end":{"line":421,"column":2}},"152":{"start":{"line":323,"column":4},"end":{"line":323,"column":103}},"153":{"start":{"line":327,"column":4},"end":{"line":327,"column":42}},"154":{"start":{"line":328,"column":4},"end":{"line":328,"column":31}},"155":{"start":{"line":332,"column":4},"end":{"line":370,"column":6}},"156":{"start":{"line":334,"column":8},"end":{"line":334,"column":38}},"157":{"start":{"line":335,"column":8},"end":{"line":335,"column":54}},"158":{"start":{"line":336,"column":8},"end":{"line":336,"column":56}},"159":{"start":{"line":337,"column":8},"end":{"line":337,"column":48}},"160":{"start":{"line":338,"column":8},"end":{"line":338,"column":48}},"161":{"start":{"line":339,"column":8},"end":{"line":339,"column":37}},"162":{"start":{"line":341,"column":8},"end":{"line":345,"column":9}},"163":{"start":{"line":344,"column":12},"end":{"line":344,"column":41}},"164":{"start":{"line":349,"column":8},"end":{"line":349,"column":19}},"165":{"start":{"line":350,"column":8},"end":{"line":352,"column":9}},"166":{"start":{"line":351,"column":12},"end":{"line":351,"column":40}},"167":{"start":{"line":354,"column":8},"end":{"line":357,"column":9}},"168":{"start":{"line":355,"column":12},"end":{"line":355,"column":54}},"169":{"start":{"line":356,"column":12},"end":{"line":356,"column":53}},"170":{"start":{"line":361,"column":8},"end":{"line":361,"column":79}},"171":{"start":{"line":362,"column":8},"end":{"line":362,"column":68}},"172":{"start":{"line":364,"column":8},"end":{"line":366,"column":9}},"173":{"start":{"line":365,"column":12},"end":{"line":365,"column":42}},"174":{"start":{"line":368,"column":8},"end":{"line":368,"column":50}},"175":{"start":{"line":369,"column":8},"end":{"line":369,"column":49}},"176":{"start":{"line":372,"column":4},"end":{"line":372,"column":41}},"177":{"start":{"line":374,"column":4},"end":{"line":381,"column":5}},"178":{"start":{"line":377,"column":8},"end":{"line":380,"column":26}},"179":{"start":{"line":379,"column":12},"end":{"line":379,"column":45}},"180":{"start":{"line":385,"column":4},"end":{"line":388,"column":6}},"181":{"start":{"line":387,"column":8},"end":{"line":387,"column":70}},"182":{"start":{"line":390,"column":4},"end":{"line":393,"column":6}},"183":{"start":{"line":392,"column":8},"end":{"line":392,"column":78}},"184":{"start":{"line":395,"column":4},"end":{"line":395,"column":34}},"185":{"start":{"line":396,"column":4},"end":{"line":396,"column":34}},"186":{"start":{"line":400,"column":4},"end":{"line":400,"column":64}},"187":{"start":{"line":402,"column":4},"end":{"line":409,"column":6}},"188":{"start":{"line":404,"column":8},"end":{"line":406,"column":9}},"189":{"start":{"line":405,"column":12},"end":{"line":405,"column":26}},"190":{"start":{"line":408,"column":8},"end":{"line":408,"column":31}},"191":{"start":{"line":411,"column":4},"end":{"line":411,"column":40}},"192":{"start":{"line":413,"column":4},"end":{"line":416,"column":6}},"193":{"start":{"line":415,"column":8},"end":{"line":415,"column":50}},"194":{"start":{"line":418,"column":4},"end":{"line":418,"column":42}},"195":{"start":{"line":420,"column":4},"end":{"line":420,"column":21}},"196":{"start":{"line":426,"column":0},"end":{"line":429,"column":2}},"197":{"start":{"line":428,"column":4},"end":{"line":428,"column":42}},"198":{"start":{"line":434,"column":0},"end":{"line":467,"column":2}},"199":{"start":{"line":444,"column":4},"end":{"line":444,"column":173}},"200":{"start":{"line":446,"column":4},"end":{"line":446,"column":22}},"201":{"start":{"line":447,"column":4},"end":{"line":452,"column":7}},"202":{"start":{"line":449,"column":8},"end":{"line":449,"column":31}},"203":{"start":{"line":450,"column":8},"end":{"line":450,"column":56}},"204":{"start":{"line":451,"column":8},"end":{"line":451,"column":18}},"205":{"start":{"line":454,"column":4},"end":{"line":464,"column":5}},"206":{"start":{"line":455,"column":8},"end":{"line":463,"column":23}},"207":{"start":{"line":456,"column":12},"end":{"line":456,"column":59}},"208":{"start":{"line":457,"column":12},"end":{"line":459,"column":13}},"209":{"start":{"line":458,"column":16},"end":{"line":458,"column":28}},"210":{"start":{"line":461,"column":12},"end":{"line":461,"column":39}},"211":{"start":{"line":466,"column":4},"end":{"line":466,"column":35}},"212":{"start":{"line":472,"column":0},"end":{"line":475,"column":2}},"213":{"start":{"line":474,"column":4},"end":{"line":474,"column":61}},"214":{"start":{"line":478,"column":0},"end":{"line":481,"column":2}},"215":{"start":{"line":480,"column":4},"end":{"line":480,"column":62}},"216":{"start":{"line":484,"column":0},"end":{"line":487,"column":2}},"217":{"start":{"line":486,"column":4},"end":{"line":486,"column":63}},"218":{"start":{"line":490,"column":0},"end":{"line":493,"column":2}},"219":{"start":{"line":492,"column":4},"end":{"line":492,"column":61}},"220":{"start":{"line":496,"column":0},"end":{"line":499,"column":2}},"221":{"start":{"line":498,"column":4},"end":{"line":498,"column":64}},"222":{"start":{"line":504,"column":0},"end":{"line":510,"column":2}},"223":{"start":{"line":506,"column":4},"end":{"line":506,"column":77}},"224":{"start":{"line":507,"column":4},"end":{"line":507,"column":88}},"225":{"start":{"line":509,"column":4},"end":{"line":509,"column":58}},"226":{"start":{"line":513,"column":0},"end":{"line":534,"column":2}},"227":{"start":{"line":515,"column":4},"end":{"line":533,"column":7}},"228":{"start":{"line":517,"column":8},"end":{"line":519,"column":9}},"229":{"start":{"line":518,"column":12},"end":{"line":518,"column":33}},"230":{"start":{"line":521,"column":8},"end":{"line":532,"column":11}},"231":{"start":{"line":523,"column":12},"end":{"line":529,"column":13}},"232":{"start":{"line":524,"column":16},"end":{"line":528,"column":20}},"233":{"start":{"line":531,"column":12},"end":{"line":531,"column":47}},"234":{"start":{"line":537,"column":0},"end":{"line":551,"column":2}},"235":{"start":{"line":539,"column":4},"end":{"line":542,"column":6}},"236":{"start":{"line":543,"column":4},"end":{"line":549,"column":5}},"237":{"start":{"line":544,"column":8},"end":{"line":544,"column":51}},"238":{"start":{"line":545,"column":8},"end":{"line":545,"column":27}},"239":{"start":{"line":548,"column":8},"end":{"line":548,"column":25}},"240":{"start":{"line":550,"column":4},"end":{"line":550,"column":18}},"241":{"start":{"line":554,"column":0},"end":{"line":554,"column":40}}},"branchMap":{"1":{"line":25,"type":"binary-expr","locations":[{"start":{"line":25,"column":32},"end":{"line":25,"column":61}},{"start":{"line":25,"column":65},"end":{"line":25,"column":90}}]},"2":{"line":38,"type":"binary-expr","locations":[{"start":{"line":38,"column":21},"end":{"line":38,"column":29}},{"start":{"line":38,"column":33},"end":{"line":38,"column":35}}]},"3":{"line":65,"type":"if","locations":[{"start":{"line":65,"column":4},"end":{"line":65,"column":4}},{"start":{"line":65,"column":4},"end":{"line":65,"column":4}}]},"4":{"line":70,"type":"if","locations":[{"start":{"line":70,"column":4},"end":{"line":70,"column":4}},{"start":{"line":70,"column":4},"end":{"line":70,"column":4}}]},"5":{"line":70,"type":"binary-expr","locations":[{"start":{"line":70,"column":8},"end":{"line":70,"column":23}},{"start":{"line":70,"column":27},"end":{"line":70,"column":46}}]},"6":{"line":85,"type":"binary-expr","locations":[{"start":{"line":85,"column":62},"end":{"line":85,"column":69}},{"start":{"line":85,"column":73},"end":{"line":85,"column":75}}]},"7":{"line":87,"type":"binary-expr","locations":[{"start":{"line":87,"column":16},"end":{"line":87,"column":45}},{"start":{"line":87,"column":49},"end":{"line":87,"column":84}},{"start":{"line":87,"column":88},"end":{"line":87,"column":123}}]},"8":{"line":90,"type":"binary-expr","locations":[{"start":{"line":90,"column":17},"end":{"line":90,"column":44}},{"start":{"line":90,"column":48},"end":{"line":90,"column":70}},{"start":{"line":90,"column":76},"end":{"line":90,"column":123}}]},"9":{"line":93,"type":"binary-expr","locations":[{"start":{"line":93,"column":16},"end":{"line":93,"column":52}},{"start":{"line":93,"column":56},"end":{"line":93,"column":87}},{"start":{"line":93,"column":91},"end":{"line":93,"column":135}}]},"10":{"line":96,"type":"binary-expr","locations":[{"start":{"line":96,"column":16},"end":{"line":96,"column":48}},{"start":{"line":96,"column":52},"end":{"line":96,"column":79}},{"start":{"line":96,"column":83},"end":{"line":96,"column":123}}]},"11":{"line":99,"type":"binary-expr","locations":[{"start":{"line":99,"column":29},"end":{"line":99,"column":51}},{"start":{"line":99,"column":56},"end":{"line":99,"column":139}}]},"12":{"line":101,"type":"if","locations":[{"start":{"line":101,"column":4},"end":{"line":101,"column":4}},{"start":{"line":101,"column":4},"end":{"line":101,"column":4}}]},"13":{"line":108,"type":"if","locations":[{"start":{"line":108,"column":4},"end":{"line":108,"column":4}},{"start":{"line":108,"column":4},"end":{"line":108,"column":4}}]},"14":{"line":114,"type":"binary-expr","locations":[{"start":{"line":114,"column":18},"end":{"line":114,"column":33}},{"start":{"line":114,"column":37},"end":{"line":114,"column":39}}]},"15":{"line":120,"type":"if","locations":[{"start":{"line":120,"column":4},"end":{"line":120,"column":4}},{"start":{"line":120,"column":4},"end":{"line":120,"column":4}}]},"16":{"line":120,"type":"binary-expr","locations":[{"start":{"line":120,"column":8},"end":{"line":120,"column":23}},{"start":{"line":120,"column":27},"end":{"line":120,"column":62}},{"start":{"line":120,"column":66},"end":{"line":120,"column":102}},{"start":{"line":120,"column":106},"end":{"line":120,"column":139}}]},"17":{"line":122,"type":"binary-expr","locations":[{"start":{"line":122,"column":38},"end":{"line":122,"column":65}},{"start":{"line":122,"column":69},"end":{"line":122,"column":87}}]},"18":{"line":125,"type":"binary-expr","locations":[{"start":{"line":125,"column":30},"end":{"line":125,"column":50}},{"start":{"line":125,"column":54},"end":{"line":125,"column":75}},{"start":{"line":125,"column":79},"end":{"line":125,"column":103}},{"start":{"line":125,"column":107},"end":{"line":125,"column":136}}]},"19":{"line":126,"type":"if","locations":[{"start":{"line":126,"column":4},"end":{"line":126,"column":4}},{"start":{"line":126,"column":4},"end":{"line":126,"column":4}}]},"20":{"line":126,"type":"binary-expr","locations":[{"start":{"line":126,"column":8},"end":{"line":126,"column":24}},{"start":{"line":127,"column":9},"end":{"line":127,"column":44}},{"start":{"line":127,"column":48},"end":{"line":127,"column":80}},{"start":{"line":128,"column":9},"end":{"line":128,"column":26}}]},"21":{"line":131,"type":"cond-expr","locations":[{"start":{"line":131,"column":75},"end":{"line":131,"column":97}},{"start":{"line":131,"column":100},"end":{"line":131,"column":134}}]},"22":{"line":134,"type":"cond-expr","locations":[{"start":{"line":134,"column":59},"end":{"line":134,"column":76}},{"start":{"line":134,"column":79},"end":{"line":134,"column":84}}]},"23":{"line":136,"type":"binary-expr","locations":[{"start":{"line":136,"column":14},"end":{"line":136,"column":20}},{"start":{"line":136,"column":24},"end":{"line":136,"column":26}}]},"24":{"line":139,"type":"cond-expr","locations":[{"start":{"line":139,"column":48},"end":{"line":139,"column":53}},{"start":{"line":139,"column":56},"end":{"line":139,"column":60}}]},"25":{"line":141,"type":"if","locations":[{"start":{"line":141,"column":4},"end":{"line":141,"column":4}},{"start":{"line":141,"column":4},"end":{"line":141,"column":4}}]},"26":{"line":141,"type":"binary-expr","locations":[{"start":{"line":141,"column":8},"end":{"line":141,"column":48}},{"start":{"line":141,"column":52},"end":{"line":141,"column":77}}]},"27":{"line":142,"type":"cond-expr","locations":[{"start":{"line":142,"column":49},"end":{"line":142,"column":66}},{"start":{"line":142,"column":69},"end":{"line":142,"column":103}}]},"28":{"line":144,"type":"if","locations":[{"start":{"line":144,"column":9},"end":{"line":144,"column":9}},{"start":{"line":144,"column":9},"end":{"line":144,"column":9}}]},"29":{"line":144,"type":"binary-expr","locations":[{"start":{"line":144,"column":13},"end":{"line":144,"column":26}},{"start":{"line":144,"column":30},"end":{"line":144,"column":53}}]},"30":{"line":148,"type":"cond-expr","locations":[{"start":{"line":148,"column":48},"end":{"line":148,"column":65}},{"start":{"line":148,"column":68},"end":{"line":148,"column":84}}]},"31":{"line":151,"type":"if","locations":[{"start":{"line":151,"column":4},"end":{"line":151,"column":4}},{"start":{"line":151,"column":4},"end":{"line":151,"column":4}}]},"32":{"line":177,"type":"if","locations":[{"start":{"line":177,"column":8},"end":{"line":177,"column":8}},{"start":{"line":177,"column":8},"end":{"line":177,"column":8}}]},"33":{"line":177,"type":"binary-expr","locations":[{"start":{"line":177,"column":12},"end":{"line":177,"column":31}},{"start":{"line":178,"column":12},"end":{"line":178,"column":27}}]},"34":{"line":187,"type":"if","locations":[{"start":{"line":187,"column":8},"end":{"line":187,"column":8}},{"start":{"line":187,"column":8},"end":{"line":187,"column":8}}]},"35":{"line":192,"type":"if","locations":[{"start":{"line":192,"column":8},"end":{"line":192,"column":8}},{"start":{"line":192,"column":8},"end":{"line":192,"column":8}}]},"36":{"line":196,"type":"if","locations":[{"start":{"line":196,"column":8},"end":{"line":196,"column":8}},{"start":{"line":196,"column":8},"end":{"line":196,"column":8}}]},"37":{"line":201,"type":"binary-expr","locations":[{"start":{"line":201,"column":34},"end":{"line":201,"column":40}},{"start":{"line":201,"column":44},"end":{"line":201,"column":59}}]},"38":{"line":208,"type":"if","locations":[{"start":{"line":208,"column":12},"end":{"line":208,"column":12}},{"start":{"line":208,"column":12},"end":{"line":208,"column":12}}]},"39":{"line":218,"type":"if","locations":[{"start":{"line":218,"column":8},"end":{"line":218,"column":8}},{"start":{"line":218,"column":8},"end":{"line":218,"column":8}}]},"40":{"line":228,"type":"if","locations":[{"start":{"line":228,"column":8},"end":{"line":228,"column":8}},{"start":{"line":228,"column":8},"end":{"line":228,"column":8}}]},"41":{"line":237,"type":"if","locations":[{"start":{"line":237,"column":4},"end":{"line":237,"column":4}},{"start":{"line":237,"column":4},"end":{"line":237,"column":4}}]},"42":{"line":251,"type":"if","locations":[{"start":{"line":251,"column":8},"end":{"line":251,"column":8}},{"start":{"line":251,"column":8},"end":{"line":251,"column":8}}]},"43":{"line":251,"type":"binary-expr","locations":[{"start":{"line":251,"column":12},"end":{"line":251,"column":20}},{"start":{"line":251,"column":24},"end":{"line":251,"column":32
[...]
d && !req.res && !req.socket) {","            process.nextTick(() => {","","                // Fake an ECONNRESET error","","                const error = new Error('socket hang up');","                error.code = 'ECONNRESET';","                finishOnce(error);","            });","        }","","        aborted = true;","        return _abort.call(req);","    };","","    // Write payload","","    if (payloadSupported) {","        if (options.payload instanceof Stream) {","            let stream = options.payload;","","            if (redirects) {","                const collector = new Tap();","                collector.once('finish', () => {","","                    shadow = collector.collect();","                });","","                stream = options.payload.pipe(collector);","            }","","            stream.pipe(req);","            return req;","        }","","        req.write(options.payload);","    }","","    // Finalize request","","    req.end();","","    return req;","};","","","internals.redirectMethod = function (code, method, options) {","","    switch (code) {","        case 301:","        case 302:","            return method;","","        case 303:","            if (options.redirect303) {","                return 'GET';","            }","            break;","","        case 307:","        case 308:","            return method;","    }","","    return null;","};","","","// read()","","internals.Client.prototype.read = function (res, options, callback) {","","    options = Hoek.applyToDefaultsWithShallow(options || {}, this._defaults, internals.shallowOptions);","","    // Set stream timeout","","    const clientTimeout = options.timeout;","    let clientTimeoutId = null;","","    // Finish once","","    const finish = (err, buffer) => {","","        clearTimeout(clientTimeoutId);","        reader.removeListener('error', onReaderError);","        reader.removeListener('finish', onReaderFinish);","        res.removeListener('error', onResError);","        res.removeListener('close', onResClose);","        res.on('error', Hoek.ignore);","","        if (err ||","            !options.json) {","","            return callback(err, buffer);","        }","","        // Parse JSON","","        let result;","        if (buffer.length === 0) {","            return callback(null, null);","        }","","        if (options.json === 'force') {","            result = internals.tryParseBuffer(buffer);","            return callback(result.err, result.json);","        }","","        // mode is \"smart\" or true","","        const contentType = (res.headers && res.headers['content-type']) || '';","        const mime = contentType.split(';')[0].trim().toLowerCase();","","        if (!internals.jsonRegex.test(mime)) {","            return callback(null, buffer);","        }","","        result = internals.tryParseBuffer(buffer);","        return callback(result.err, result.json);","    };","","    const finishOnce = Hoek.once(finish);","","    if (clientTimeout &&","        clientTimeout > 0) {","","        clientTimeoutId = setTimeout(() => {","","            finishOnce(Boom.clientTimeout());","        }, clientTimeout);","    }","","    // Hander errors","","    const onResError = (err) => {","","        return finishOnce(Boom.internal('Payload stream error', err));","    };","","    const onResClose = () => {","","        return finishOnce(Boom.internal('Payload stream closed prematurely'));","    };","","    res.once('error', onResError);","    res.once('close', onResClose);","","    // Read payload","","    const reader = new Recorder({ maxBytes: options.maxBytes });","","    const onReaderError = (err) => {","","        if (res.destroy) {                          // GZip stream has no destroy() method","            res.destroy();","        }","","        return finishOnce(err);","    };","","    reader.once('error', onReaderError);","","    const onReaderFinish = () => {","","        return finishOnce(null, reader.collect());","    };","","    reader.once('finish', onReaderFinish);","","    res.pipe(reader);","};","","","// toReadableStream()","","internals.Client.prototype.toReadableStream = function (payload, encoding) {","","    return new Payload(payload, encoding);","};","","","// parseCacheControl()","","internals.Client.prototype.parseCacheControl = function (field) {","","    /*","        Cache-Control   = 1#cache-directive","        cache-directive = token [ \"=\" ( token / quoted-string ) ]","        token           = [^\\x00-\\x20\\(\\)<>@\\,;\\:\\\\\"\\/\\[\\]\\?\\=\\{\\}\\x7F]+","        quoted-string   = \"(?:[^\"\\\\]|\\\\.)*\"","    */","","    //                             1: directive                                        =   2: token                                              3: quoted-string","    const regex = /(?:^|(?:\\s*\\,\\s*))([^\\x00-\\x20\\(\\)<>@\\,;\\:\\\\\"\\/\\[\\]\\?\\=\\{\\}\\x7F]+)(?:\\=(?:([^\\x00-\\x20\\(\\)<>@\\,;\\:\\\\\"\\/\\[\\]\\?\\=\\{\\}\\x7F]+)|(?:\\\"((?:[^\"\\\\]|\\\\.)*)\\\")))?/g;","","    const header = {};","    const error = field.replace(regex, ($0, $1, $2, $3) => {","","        const value = $2 || $3;","        header[$1] = value ? value.toLowerCase() : true;","        return '';","    });","","    if (header['max-age']) {","        try {","            const maxAge = parseInt(header['max-age'], 10);","            if (isNaN(maxAge)) {","                return null;","            }","","            header['max-age'] = maxAge;","        }","        catch (err) { }","    }","","    return (error ? null : header);","};","","","// Shortcuts","","internals.Client.prototype.get = function (uri, options, callback) {","","    return this._shortcutWrap('GET', uri, options, callback);","};","","","internals.Client.prototype.post = function (uri, options, callback) {","","    return this._shortcutWrap('POST', uri, options, callback);","};","","","internals.Client.prototype.patch = function (uri, options, callback) {","","    return this._shortcutWrap('PATCH', uri, options, callback);","};","","","internals.Client.prototype.put = function (uri, options, callback) {","","    return this._shortcutWrap('PUT', uri, options, callback);","};","","","internals.Client.prototype.delete = function (uri, options, callback) {","","    return this._shortcutWrap('DELETE', uri, options, callback);","};","","","// Wrapper so that shortcut can be optimized with required params","","internals.Client.prototype._shortcutWrap = function (method, uri /* [options], callback */) {","","    const options = (typeof arguments[2] === 'function' ? {} : arguments[2]);","    const callback = (typeof arguments[2] === 'function' ? arguments[2] : arguments[3]);","","    return this._shortcut(method, uri, options, callback);","};","","","internals.Client.prototype._shortcut = function (method, uri, options, callback) {","","    return this.request(method, uri, options, (err, res) => {","","        if (err) {","            return callback(err);","        }","","        this.read(res, options, (err, payload) => {","","            if (!err && res.statusCode >= 400) {","                return callback(Boom.create(res.statusCode, 'Response Error: ' + res.statusMessage, {","                    isResponseError: true,","                    headers: res.headers,","                    payload","                }));","            }","","            return callback(err, res, payload);","        });","    });","};","","","internals.tryParseBuffer = function (buffer) {","","    const result = {","        json: null,","        err: null","    };","    try {","        const json = JSON.parse(buffer.toString());","        result.json = json;","    }","    catch (err) {","        result.err = err;","    }","    return result;","};","","","module.exports = new internals.Client();",""],"l":{"5":1,"6":1,"7":1,"8":1,"9":1,"10":1,"11":1,"12":1,"13":1,"14":1,"19":1,"25":1,"30":1,"32":1,"38":1,"40":1,"43":1,"44":1,"45":1,"47":0,"48":0,"49":0,"53":1,"56":1,"58":0,"59":0,"63":1,"65":0,"66":0,"69":0,"70":0,"71":0,"74":0,"75":0,"76":0,"77":0,"79":0,"83":1,"85":0,"87":0,"90":0,"93":0,"96":0,"99":0,"101":0,"102":0,"103":0,"106":0,"108":0,"109":0,"110":0,"113":0,"114":0,"115":0,"117":0,"120":0,"121":0,"122":0,"125":0,"126":0,"130":0,"131":0,"134":0,"136":0,"137":0,"139":0,"141":0,"142":0,"144":0,"145":0,"148":0,"151":0,"152":0,"155":0,"157":0,"158":0,"160":0,"161":0,"163":0,"165":0,"166":0,"168":0,"170":0,"174":0,"175":0,"177":0,"180":0,"185":0,"187":0,"188":0,"191":0,"192":0,"193":0,"196":0,"197":0,"200":0,"201":0,"202":0,"204":0,"206":0,"208":0,"209":0,"216":0,"218":0,"219":0,"222":0,"223":0,"224":0,"225":0,"226":0,"228":0,"229":0,"233":0,"235":0,"237":0,"238":0,"240":0,"242":0,"247":0,"248":0,"249":0,"251":0,"252":0,"256":0,"257":0,"258":0,"262":0,"263":0,"268":0,"269":0,"270":0,"272":0,"273":0,"274":0,"276":0,"279":0,"282":0,"283":0,"286":0,"291":0,"293":0,"297":1,"299":0,"302":0,"305":0,"306":0,"308":0,"312":0,"315":0,"321":1,"323":0,"327":0,"328":0,"332":0,"334":0,"335":0,"336":0,"337":0,"338":0,"339":0,"341":0,"344":0,"349":0,"350":0,"351":0,"354":0,"355":0,"356":0,"361":0,"362":0,"364":0,"365":0,"368":0,"369":0,"372":0,"374":0,"377":0,"379":0,"385":0,"387":0,"390":0,"392":0,"395":0,"396":0,"400":0,"402":0,"404":0,"405":0,"408":0,"411":0,"413":0,"415":0,"418":0,"420":0,"426":1,"428":0,"434":1,"444":0,"446":0,"447":0,"449":0,"450":0,"451":0,"454":0,"455":0,"456":0,"457":0,"458":0,"461":0,"466":0,"472":1,"474":0,"478":1,"480":0,"484":1,"486":0,"490":1,"492":0,"496":1,"498":0,"504":1,"506":0,"507":0,"509":0,"513":1,"515":0,"517":0,"518":0,"521":0,"523":0,"524":0,"531":0,"537":1,"539":0,"543":0,"544":0,"545":0,"548":0,"550":0,"554":1}},"/home/travis/build/npmtest/node-npmtest-wreck/node_modules/wreck/lib/payload.js":{"path":"/home/travis/build/npmtest/node-npmtest-wreck/node_modules/wreck/lib/payload.js","s":{"1":1,"2":1,"3":1,"4":1,"5":0,"6":0,"7":0,"8":0,"9":0,"10":0,"11":0,"12":0,"13":0,"14":0,"15":1,"16":1,"17":0,"18":0,"19":0,"20":0,"21":0},"b":{"1":[0,0],"2":[0,0],"3":[0,0],"4":[0,0]},"f":{"1":0,"2":0},"fnMap":{"1":{"name":"(anonymous_1)","line":14,"loc":{"start":{"line":14,"column":37},"end":{"line":14,"column":66}}},"2":{"name":"(anonymous_2)","line":34,"loc":{"start":{"line":34,"column":36},"end":{"line":34,"column":52}}}},"statementMap":{"1":{"start":{"line":5,"column":0},"end":{"line":5,"column":29}},"2":{"start":{"line":6,"column":0},"end":{"line":6,"column":33}},"3":{"start":{"line":11,"column":0},"end":{"line":11,"column":21}},"4":{"start":{"line":14,"column":0},"end":{"line":29,"column":2}},"5":{"start":{"line":16,"column":4},"end":{"line":16,"column":31}},"6":{"start":{"line":18,"column":4},"end":{"line":18,"column":42}},"7":{"start":{"line":19,"column":4},"end":{"line":19,"column":17}},"8":{"start":{"line":20,"column":4},"end":{"line":24,"column":5}},"9":{"start":{"line":21,"column":8},"end":{"line":21,"column":30}},"10":{"start":{"line":22,"column":8},"end":{"line":22,"column":35}},"11":{"start":{"line":23,"column":8},"end":{"line":23,"column":69}},"12":{"start":{"line":26,"column":4},"end":{"line":26,"column":43}},"13":{"start":{"line":27,"column":4},"end":{"line":27,"column":23}},"14":{"start":{"line":28,"column":4},"end":{"line":28,"column":40}},"15":{"start":{"line":31,"column":0},"end":{"line":31,"column":50}},"16":{"start":{"line":34,"column":0},"end":{"line":43,"column":2}},"17":{"start":{"line":36,"column":4},"end":{"line":36,"column":74}},"18":{"start":{"line":37,"column":4},"end":{"line":37,"column":37}},"19":{"start":{"line":38,"column":4},"end":{"line":38,"column":51}},"20":{"start":{"line":40,"column":4},"end":{"line":42,"column":5}},"21":{"start":{"line":41,"column":8},"end":{"line":41,"column":24}}},"branchMap":{"1":{"line":18,"type":"binary-expr","locations":[{"start":{"line":18,"column":27},"end":{"line":18,"column":34}},{"start":{"line":18,"column":38},"end":{"line":18,"column":40}}]},"2":{"line":23,"type":"cond-expr","locations":[{"start":{"line":23,"column":43},"end":{"line":23,"column":48}},{"start":{"line":23,"column":51},"end":{"line":23,"column":68}}]},"3":{"line":28,"type":"binary-expr","locations":[{"start":{"line":28,"column":21},"end":{"line":28,"column":29}},{"start":{"line":28,"column":33},"end":{"line":28,"column":39}}]},"4":{"line":40,"type":"if","locations":[{"start":{"line":40,"column":4},"end":{"line":40,"column":4}},{"start":{"line":40,"column":4},"end":{"line":40,"column":4}}]}},"code":["'use strict';","","// Load modules","","const Hoek = require('hoek');","const Stream = require('stream');","","","// Declare internals","","const internals = {};","","","module.exports = internals.Payload = function (payload, encoding) {","","    Stream.Readable.call(this);","","    const data = [].concat(payload || '');","    let size = 0;","    for (let i = 0; i < data.length; ++i) {","        const chunk = data[i];","        size = size + chunk.length;","        data[i] = Buffer.isBuffer(chunk) ? chunk : new Buffer(chunk);","    }","","    this._data = Buffer.concat(data, size);","    this._position = 0;","    this._encoding = encoding || 'utf8';","};","","Hoek.inherits(internals.Payload, Stream.Readable);","","","internals.Payload.prototype._read = function (size) {","","    const chunk = this._data.slice(this._position, this._position + size);","    this.push(chunk, this._encoding);","    this._position = this._position + chunk.length;","","    if (this._position >= this._data.length) {","        this.push(null);","    }","};",""],"l":{"5":1,"6":1,"11":1,"14":1,"16":0,"18":0,"19":0,"20":0,"21":0,"22":0,"23":0,"26":0,"27":0,"28":0,"31":1,"34":1,"36":0,"37":0,"38":0,"40":0,"41":0}},"/home/travis/build/npmtest/node-npmtest-wreck/node_modules/wreck/lib/recorder.js":{"path":"/home/travis/build/npmtest/node-npmtest-wreck/node_modules/wreck/lib/recorder.js","s":{"1":1,"2":1,"3":1,"4":1,"5":1,"6":0,"7":0,"8":0,"9":0,"10":1,"11":1,"12":0,"13":0,"14":0,"15":0,"16":0,"17":1,"18":0,"19":0},"b":{"1":[0,0],"2":[0,0],"3":[0,0],"4":[0,0]},"f":{"1":0,"2":0,"3":0},"fnMap":{"1":{"name":"(anonymous_1)","line":15,"loc":{"start":{"line":15,"column":38},"end":{"line":15,"column":57}}},"2":{"name":"(anonymous_2)","line":27,"loc":{"start":{"line":27,"column":38},"end":{"line":27,"column":71}}},"3":{"name":"(anonymous_3)","line":41,"loc":{"start":{"line":41,"column":39},"end":{"line":41,"column":51}}}},"statementMap":{"1":{"start":{"line":5,"column":0},"end":{"line":5,"column":29}},"2":{"start":{"line":6,"column":0},"end":{"line":6,"column":29}},"3":{"start":{"line":7,"column":0},"end":{"line":7,"column":33}},"4":{"start":{"line":12,"column":0},"end":{"line":12,"column":21}},"5":{"start":{"line":15,"column":0},"end":{"line":22,"column":2}},"6":{"start":{"line":17,"column":4},"end":{"line":17,"column":31}},"7":{"start":{"line":19,"column":4},"end":{"line":19,"column":28}},"8":{"start":{"line":20,"column":4},"end":{"line":20,"column":22}},"9":{"start":{"line":21,"column":4},"end":{"line":21,"column":20}},"10":{"start":{"line":24,"column":0},"end":{"line":24,"column":51}},"11":{"start":{"line":27,"column":0},"end":{"line":38,"column":2}},"12":{"start":{"line":29,"column":4},"end":{"line":33,"column":5}},"13":{"start":{"line":32,"column":8},"end":{"line":32,"column":133}},"14":{"start":{"line":35,"column":4},"end":{"line":35,"column":45}},"15":{"start":{"line":36,"column":4},"end":{"line":36,"column":29}},"16":{"start":{"line":37,"column":4},"end":{"line":37,"column":11}},"17":{"start":{"line":41,"column":0},"end":{"line":45,"column":2}},"18":{"start":{"line":43,"column":4},"end":{"line":43,"column":154}},"19":{"start":{"line":44,"column":4},"end":{"line":44,"column":18}}},"branchMap":{"1":{"line":29,"type":"if","locations":[{"start":{"line":29,"column":4},"end":{"line":29,"column":4}},{"start":{"line":29,"column":4},"end":{"line":29,"column":4}}]},"2":{"line":29,"type":"binary-expr","locations":[{"start":{"line":29,"column":8},"end":{"line":29,"column":30}},{"start":{"line":30,"column":8},"end":{"line":30,"column":59}}]},"3":{"line":43,"type":"cond-expr","locations":[{"start":{"line":43,"column":48},"end":{"line":43,"column":61}},{"start":{"line":43,"column":65},"end":{"line":43,"column":151}}]},"4":{"line":43,"type":"cond-expr","locations":[{"start":{"line":43,"column":93},"end":{"line":43,"column":108}},{"start":{"line":43,"column":111},"end":{"line":43,"column":151}}]}},"code":["'use strict';","","// Load modules","","const Boom = require('boom');","const Hoek = require('hoek');","const Stream = require('stream');","","","// Declare internals","","const internals = {};","","","module.exports = internals.Recorder = function (options) {","","    Stream.Writable.call(this);","","    this.settings = options;                // No need to clone since called internally with new object","    this.buffers = [];","    this.length = 0;","};","","Hoek.inherits(internals.Recorder, Stream.Writable);","","","internals.Recorder.prototype._write = function (chunk, encoding, next) {","","    if (this.settings.maxBytes &&","        this.length + chunk.length > this.settings.maxBytes) {","","        return this.emit('error', Boom.badRequest('Payload content length greater than maximum allowed: ' + this.settings.maxBytes));","    }","","    this.length = this.length + chunk.length;","    this.buffers.push(chunk);","    next();","};","","","internals.Recorder.prototype.collect = function () {","","    const buffer = (this.buffers.length === 0 ? new Buffer(0) : (this.buffers.length === 1 ? this.buffers[0] : Buffer.concat(this.buffers, this.length)));","    return buffer;","};",""],"l":{"5":1,"6":1,"7":1,"12":1,"15":1,"17":0,"19":0,"20":0,"21":0,"24":1,"27":1,"29":0,"32":0,"35":0,"36":0,"37":0,"41":1,"43":0,"44":0}},"/home/travis/build/npmtest/node-npmtest-wreck/node_modules/wreck/lib/tap.js":{"path":"/home/travis/build/npmtest/node-npmtest-wreck/node_modules/wreck/lib/tap.js","s":{"1":1,"2":1,"3":1,"4":1,"5":1,"6":0,"7":0,"8":1,"9":1,"10":0,"11":0,"12":1,"13":0},"b":{},"f":{"1":0,"2":0,"3":0},"fnMap":{"1":{"name":"(anonymous_1)","line":15,"loc":{"start":{"line":15,"column":33},"end":{"line":15,"column":45}}},"2":{"name":"(anonymous_2)","line":24,"loc":{"start":{"line":24,"column":37},"end":{"line":24,"column":70}}},"3":{"name":"(anonymous_3)","line":31,"loc":{"start":{"line":31,"column":34},"end":{"line":31,"column":46}}}},"statementMap":{"1":{"start":{"line":5,"column":0},"end":{"line":5,"column":29}},"2":{"start":{"line":6,"column":0},"end":{"line":6,"column":33}},"3":{"start":{"line":7,"column":0},"end":{"line":7,"column":37}},"4":{"start":{"line":12,"column":0},"end":{"line":12,"column":21}},"5":{"start":{"line":15,"column":0},"end":{"line":19,"column":2}},"6":{"start":{"line":17,"column":4},"end":{"line":17,"column":32}},"7":{"start":{"line":18,"column":4},"end":{"line":18,"column":22}},"8":{"start":{"line":21,"column":0},"end":{"line":21,"column":47}},"9":{"start":{"line":24,"column":0},"end":{"line":28,"column":2}},"10":{"start":{"line":26,"column":4},"end":{"line":26,"column":29}},"11":{"start":{"line":27,"column":4},"end":{"line":27,"column":22}},"12":{"start":{"line":31,"column":0},"end":{"line":34,"column":2}},"13":{"start":{"line":33,"column":4},"end":{"line":33,"column":37}}},"branchMap":{},"code":["'use strict';","","// Load modules","","const Hoek = require('hoek');","const Stream = require('stream');","const Payload = require('./payload');","","","// Declare internals","","const internals = {};","","","module.exports = internals.Tap = function () {","","    Stream.Transform.call(this);","    this.buffers = [];","};","","Hoek.inherits(internals.Tap, Stream.Transform);","","","internals.Tap.prototype._transform = function (chunk, encoding, next) {","","    this.buffers.push(chunk);","    next(null, chunk);","};","","","internals.Tap.prototype.collect = function () {","","    return new Payload(this.buffers);","};",""],"l":{"5":1,"6":1,"7":1,"12":1,"15":1,"17":0,"18":0,"21":1,"24":1,"26":0,"27":0,"31":1,"33":0}}}